INFO | 2024-11-6, 1:45 am > New Setup |  
INFO | 2024-11-6, 1:45 am > New Setup |  
INFO | 2024-11-6, 1:45 am > New Setup |  
INFO | 2024-11-6, 1:45 am > New Setup |  
INFO | 2024-11-6, 1:45 am > New Setup |  
INFO | 2024-11-6, 1:45 am > New Setup |  
INFO | 2024-11-6, 1:45 am > New Setup |  
INFO | 2024-11-6, 1:45 am > New Setup |  
INFO | 2024-11-6, 1:45 am > New Setup |  
INFO | 2024-11-6, 1:45 am > New Setup |  
INFO | 2024-11-6, 1:46 am > New Setup |  
INFO | 2024-11-6, 1:46 am > Test results:  | {"contract_id":"ae617386-8982-415a-aa7a-24d911edc1d1","data":{"data":"0,0,0,0,0,0,0,0,0,0,0,0,0,0,0,0,0","xaxis":"0:|16||14||12||10||8||6||4||2","yaxis":"1:||0||0||0"},"range":["0"]} 
INFO | 2024-11-6, 1:46 am > New Setup |  
INFO | 2024-11-6, 1:46 am > Test results:  | {"contract_id":"cd4805b0-347b-41ff-bdb5-0bb25281f7fa","data":{"data":"0,0,0,0,0,0,0,0,0,0,0,0,0,0,0,0,0","xaxis":"0:|16||14||12||10||8||6||4||2","yaxis":"1:||0||0||0"},"range":["0"]} 
INFO | 2024-11-6, 1:46 am > New Setup |  
INFO | 2024-11-6, 1:46 am > Test results:  | {"contract_id":"85d878b9-23f1-4de5-a39a-aee36b7a6f7d","data":{"data":"0,0,0,0,0,0,0,0,0,0,0,0,0,0,0,0,0","xaxis":"0:|16||14||12||10||8||6||4||2","yaxis":"1:||0||0||0"},"range":["0"]} 
INFO | 2024-11-6, 1:46 am > New Setup |  
INFO | 2024-11-6, 1:46 am > Test results:  | {"contract_id":"b4c4c9ad-b104-4646-93f0-8ae854b6a63f","data":{"data":"0,0,0,0,0,0,0,0,0,0,0,0,0,0,0,0,0","xaxis":"0:|16||14||12||10||8||6||4||2","yaxis":"1:||0||0||0"},"range":["0"]} 
INFO | 2024-11-6, 1:46 am > New Setup |  
INFO | 2024-11-6, 1:46 am > Test results:  | {"contract_id":"65cc14bb-b7fd-4683-9a2a-45819d370975","data":{"data":"0,0,0,0,0,0,0,0,0,0,0,0,0,0,0,0,0","xaxis":"0:|16||14||12||10||8||6||4||2","yaxis":"1:||0||0||0"},"range":["0"]} 
INFO | 2024-11-6, 1:46 am > New Setup |  
INFO | 2024-11-6, 1:46 am > Test results:  | {"contract_id":"49705981-ae09-4793-9865-37d23288cd08","data":{"data":"0,0,0,0,0,0,0,0,0,0,0,0,0,0,0,0,0","xaxis":"0:|16||14||12||10||8||6||4||2","yaxis":"1:||0||0||0"},"range":["0"]} 
INFO | 2024-11-6, 1:46 am > New Setup |  
INFO | 2024-11-6, 1:46 am > Test results:  | {"contract_id":"4aba5418-dcbf-4cf4-8a35-35921172554b","data":{"data":"0,0,0,0,0,0,0,0,0,0,0,0,0,0,0,0,0","xaxis":"0:|16||14||12||10||8||6||4||2","yaxis":"1:||0||0||0"},"range":["0"]} 
INFO | 2024-11-6, 1:46 am > New Setup |  
INFO | 2024-11-6, 1:46 am > Test results:  | {"contract_id":"cecbc54e-a269-451a-8183-e24965a1d0da","data":{"data":"0,0,0,0,0,0,0,0,0,0,0,0,0,0,0,0,0","xaxis":"0:|16||14||12||10||8||6||4||2","yaxis":"1:||0||0||0"},"range":["0"]} 
INFO | 2024-11-6, 1:46 am > New Setup |  
INFO | 2024-11-6, 1:46 am > Test results:  | {"contract_id":"8c02f231-2127-4da3-ad26-3e2c8b81b680","data":{"data":"0,0,0,0,0,0,0,0,0,0,0,0,0,0,0,0,0","xaxis":"0:|16||14||12||10||8||6||4||2","yaxis":"1:||0||0||0"},"range":["0"]} 
INFO | 2024-11-6, 1:46 am > New Setup |  
INFO | 2024-11-6, 1:46 am > Test results:  | {"contract_id":"d0004b7c-a3ce-47ea-832f-d100c8741fe5","data":{"data":"0,0,0,0,0,0,0,0,0,0,0,0,0,0,0,0,0","xaxis":"0:|16||14||12||10||8||6||4||2","yaxis":"1:||0||0||0"},"range":["0"]} 
INFO | 2024-11-6, 1:58 am > New Setup |  
INFO | 2024-11-6, 1:58 am > New Setup |  
INFO | 2024-11-6, 1:58 am > New Setup |  
INFO | 2024-11-6, 1:58 am > New Setup |  
INFO | 2024-11-6, 1:58 am > New Setup |  
INFO | 2024-11-6, 1:58 am > New Setup |  
INFO | 2024-11-6, 1:58 am > New Setup |  
INFO | 2024-11-6, 1:58 am > New Setup |  
INFO | 2024-11-6, 1:58 am > New Setup |  
INFO | 2024-11-6, 1:58 am > New Setup |  
INFO | 2024-11-6, 2:00 am > New Setup |  
INFO | 2024-11-6, 2:00 am > New Setup |  
INFO | 2024-11-6, 2:00 am > New Setup |  
INFO | 2024-11-6, 2:00 am > New Setup |  
INFO | 2024-11-6, 2:00 am > New Setup |  
INFO | 2024-11-6, 2:00 am > New Setup |  
INFO | 2024-11-6, 2:00 am > New Setup |  
INFO | 2024-11-6, 2:00 am > New Setup |  
INFO | 2024-11-6, 2:00 am > New Setup |  
INFO | 2024-11-6, 2:00 am > New Setup |  
INFO | 2024-11-6, 2:01 am > New Setup |  
INFO | 2024-11-6, 2:01 am > Test results:  | {"contract_id":"ae617386-8982-415a-aa7a-24d911edc1d1","data":{"data":"0,0,0,0,0,0,0,0,0,0,0,0,0,0,0,0,0","xaxis":"0:|16||14||12||10||8||6||4||2","yaxis":"1:||0||0||0"},"range":["0"]} 
INFO | 2024-11-6, 2:01 am > New Setup |  
INFO | 2024-11-6, 2:01 am > Test results:  | {"contract_id":"cd4805b0-347b-41ff-bdb5-0bb25281f7fa","data":{"data":"0,0,0,0,0,0,0,0,0,0,0,0,0,0,0,0,0","xaxis":"0:|16||14||12||10||8||6||4||2","yaxis":"1:||0||0||0"},"range":["0"]} 
INFO | 2024-11-6, 2:01 am > New Setup |  
INFO | 2024-11-6, 2:01 am > Test results:  | {"contract_id":"85d878b9-23f1-4de5-a39a-aee36b7a6f7d","data":{"data":"0,0,0,0,0,0,0,0,0,0,0,0,0,0,0,0,0","xaxis":"0:|16||14||12||10||8||6||4||2","yaxis":"1:||0||0||0"},"range":["0"]} 
INFO | 2024-11-6, 2:01 am > New Setup |  
INFO | 2024-11-6, 2:01 am > Test results:  | {"contract_id":"b4c4c9ad-b104-4646-93f0-8ae854b6a63f","data":{"data":"0,0,0,0,0,0,0,0,0,0,0,0,0,0,0,0,0","xaxis":"0:|16||14||12||10||8||6||4||2","yaxis":"1:||0||0||0"},"range":["0"]} 
INFO | 2024-11-6, 2:01 am > New Setup |  
INFO | 2024-11-6, 2:01 am > Test results:  | {"contract_id":"65cc14bb-b7fd-4683-9a2a-45819d370975","data":{"data":"0,0,0,0,0,0,0,0,0,0,0,0,0,0,0,0,0","xaxis":"0:|16||14||12||10||8||6||4||2","yaxis":"1:||0||0||0"},"range":["0"]} 
INFO | 2024-11-6, 2:01 am > New Setup |  
INFO | 2024-11-6, 2:01 am > Test results:  | {"contract_id":"49705981-ae09-4793-9865-37d23288cd08","data":{"data":"0,0,0,0,0,0,0,0,0,0,0,0,0,0,0,0,0","xaxis":"0:|16||14||12||10||8||6||4||2","yaxis":"1:||0||0||0"},"range":["0"]} 
INFO | 2024-11-6, 2:01 am > New Setup |  
INFO | 2024-11-6, 2:01 am > Test results:  | {"contract_id":"4aba5418-dcbf-4cf4-8a35-35921172554b","data":{"data":"0,0,0,0,0,0,0,0,0,0,0,0,0,0,0,0,0","xaxis":"0:|16||14||12||10||8||6||4||2","yaxis":"1:||0||0||0"},"range":["0"]} 
INFO | 2024-11-6, 2:01 am > New Setup |  
INFO | 2024-11-6, 2:01 am > Test results:  | {"contract_id":"cecbc54e-a269-451a-8183-e24965a1d0da","data":{"data":"0,0,0,0,0,0,0,0,0,0,0,0,0,0,0,0,0","xaxis":"0:|16||14||12||10||8||6||4||2","yaxis":"1:||0||0||0"},"range":["0"]} 
INFO | 2024-11-6, 2:01 am > New Setup |  
INFO | 2024-11-6, 2:01 am > Test results:  | {"contract_id":"8c02f231-2127-4da3-ad26-3e2c8b81b680","data":{"data":"0,0,0,0,0,0,0,0,0,0,0,0,0,0,0,0,0","xaxis":"0:|16||14||12||10||8||6||4||2","yaxis":"1:||0||0||0"},"range":["0"]} 
INFO | 2024-11-6, 2:01 am > New Setup |  
INFO | 2024-11-6, 2:01 am > Test results:  | {"contract_id":"d0004b7c-a3ce-47ea-832f-d100c8741fe5","data":{"data":"0,0,0,0,0,0,0,0,0,0,0,0,0,0,0,0,0","xaxis":"0:|16||14||12||10||8||6||4||2","yaxis":"1:||0||0||0"},"range":["0"]} 
INFO | 2024-11-6, 2:02 am > New Setup |  
INFO | 2024-11-6, 2:02 am > Test results:  | {"contract_id":"ae617386-8982-415a-aa7a-24d911edc1d1","data":{"data":"0,0,0,0,0,0,0,0,0,0,0,0,0,0,0,0,0","xaxis":"0:|16||14||12||10||8||6||4||2","yaxis":"1:||0||0||0"},"range":[""]} 
INFO | 2024-11-6, 2:02 am > New Setup |  
INFO | 2024-11-6, 2:02 am > Test results:  | {"contract_id":"cd4805b0-347b-41ff-bdb5-0bb25281f7fa","data":{"data":"0,0,0,0,0,0,0,0,0,0,0,0,0,0,0,0,0","xaxis":"0:|16||14||12||10||8||6||4||2","yaxis":"1:||0||0||0"},"range":[""]} 
INFO | 2024-11-6, 2:02 am > New Setup |  
INFO | 2024-11-6, 2:02 am > Test results:  | {"contract_id":"85d878b9-23f1-4de5-a39a-aee36b7a6f7d","data":{"data":"0,0,0,0,0,0,0,0,0,0,0,0,0,0,0,0,0","xaxis":"0:|16||14||12||10||8||6||4||2","yaxis":"1:||0||0||0"},"range":[""]} 
INFO | 2024-11-6, 2:02 am > New Setup |  
INFO | 2024-11-6, 2:02 am > Test results:  | {"contract_id":"b4c4c9ad-b104-4646-93f0-8ae854b6a63f","data":{"data":"0,0,0,0,0,0,0,0,0,0,0,0,0,0,0,0,0","xaxis":"0:|16||14||12||10||8||6||4||2","yaxis":"1:||0||0||0"},"range":[""]} 
INFO | 2024-11-6, 2:02 am > New Setup |  
INFO | 2024-11-6, 2:02 am > Test results:  | {"contract_id":"65cc14bb-b7fd-4683-9a2a-45819d370975","data":{"data":"0,0,0,0,0,0,0,0,0,0,0,0,0,0,0,0,0","xaxis":"0:|16||14||12||10||8||6||4||2","yaxis":"1:||0||0||0"},"range":[""]} 
INFO | 2024-11-6, 2:02 am > New Setup |  
INFO | 2024-11-6, 2:02 am > Test results:  | {"contract_id":"49705981-ae09-4793-9865-37d23288cd08","data":{"data":"0,0,0,0,0,0,0,0,0,0,0,0,0,0,0,0,0","xaxis":"0:|16||14||12||10||8||6||4||2","yaxis":"1:||0||0||0"},"range":[""]} 
INFO | 2024-11-6, 2:02 am > New Setup |  
INFO | 2024-11-6, 2:02 am > Test results:  | {"contract_id":"4aba5418-dcbf-4cf4-8a35-35921172554b","data":{"data":"0,0,0,0,0,0,0,0,0,0,0,0,0,0,0,0,0","xaxis":"0:|16||14||12||10||8||6||4||2","yaxis":"1:||0||0||0"},"range":[""]} 
INFO | 2024-11-6, 2:02 am > New Setup |  
INFO | 2024-11-6, 2:02 am > Test results:  | {"contract_id":"cecbc54e-a269-451a-8183-e24965a1d0da","data":{"data":"0,0,0,0,0,0,0,0,0,0,0,0,0,0,0,0,0","xaxis":"0:|16||14||12||10||8||6||4||2","yaxis":"1:||0||0||0"},"range":[""]} 
INFO | 2024-11-6, 2:02 am > New Setup |  
INFO | 2024-11-6, 2:02 am > Test results:  | {"contract_id":"8c02f231-2127-4da3-ad26-3e2c8b81b680","data":{"data":"0,0,0,0,0,0,0,0,0,0,0,0,0,0,0,0,0","xaxis":"0:|16||14||12||10||8||6||4||2","yaxis":"1:||0||0||0"},"range":[""]} 
INFO | 2024-11-6, 2:02 am > New Setup |  
INFO | 2024-11-6, 2:02 am > Test results:  | {"contract_id":"d0004b7c-a3ce-47ea-832f-d100c8741fe5","data":{"data":"0,0,0,0,0,0,0,0,0,0,0,0,0,0,0,0,0","xaxis":"0:|16||14||12||10||8||6||4||2","yaxis":"1:||0||0||0"},"range":[""]} 
INFO | 2024-11-6, 2:04 am > New Setup |  
INFO | 2024-11-6, 2:04 am > Test results:  | {"contract_id":"ae617386-8982-415a-aa7a-24d911edc1d1","data":{"data":"0,0,0,0,0,0,0,0,0,0,0,0,0,0,0,0,0","xaxis":"0:|16||14||12||10||8||6||4||2","yaxis":"1:||0||0||0"},"range":["1:","0","0","0"]} 
INFO | 2024-11-6, 2:04 am > New Setup |  
INFO | 2024-11-6, 2:04 am > Test results:  | {"contract_id":"cd4805b0-347b-41ff-bdb5-0bb25281f7fa","data":{"data":"0,0,0,0,0,0,0,0,0,0,0,0,0,0,0,0,0","xaxis":"0:|16||14||12||10||8||6||4||2","yaxis":"1:||0||0||0"},"range":["1:","0","0","0"]} 
INFO | 2024-11-6, 2:04 am > New Setup |  
INFO | 2024-11-6, 2:04 am > Test results:  | {"contract_id":"85d878b9-23f1-4de5-a39a-aee36b7a6f7d","data":{"data":"0,0,0,0,0,0,0,0,0,0,0,0,0,0,0,0,0","xaxis":"0:|16||14||12||10||8||6||4||2","yaxis":"1:||0||0||0"},"range":["1:","0","0","0"]} 
INFO | 2024-11-6, 2:04 am > New Setup |  
INFO | 2024-11-6, 2:04 am > Test results:  | {"contract_id":"b4c4c9ad-b104-4646-93f0-8ae854b6a63f","data":{"data":"0,0,0,0,0,0,0,0,0,0,0,0,0,0,0,0,0","xaxis":"0:|16||14||12||10||8||6||4||2","yaxis":"1:||0||0||0"},"range":["1:","0","0","0"]} 
INFO | 2024-11-6, 2:04 am > New Setup |  
INFO | 2024-11-6, 2:04 am > Test results:  | {"contract_id":"65cc14bb-b7fd-4683-9a2a-45819d370975","data":{"data":"0,0,0,0,0,0,0,0,0,0,0,0,0,0,0,0,0","xaxis":"0:|16||14||12||10||8||6||4||2","yaxis":"1:||0||0||0"},"range":["1:","0","0","0"]} 
INFO | 2024-11-6, 2:04 am > New Setup |  
INFO | 2024-11-6, 2:04 am > Test results:  | {"contract_id":"49705981-ae09-4793-9865-37d23288cd08","data":{"data":"0,0,0,0,0,0,0,0,0,0,0,0,0,0,0,0,0","xaxis":"0:|16||14||12||10||8||6||4||2","yaxis":"1:||0||0||0"},"range":["1:","0","0","0"]} 
INFO | 2024-11-6, 2:04 am > New Setup |  
INFO | 2024-11-6, 2:04 am > Test results:  | {"contract_id":"4aba5418-dcbf-4cf4-8a35-35921172554b","data":{"data":"0,0,0,0,0,0,0,0,0,0,0,0,0,0,0,0,0","xaxis":"0:|16||14||12||10||8||6||4||2","yaxis":"1:||0||0||0"},"range":["1:","0","0","0"]} 
INFO | 2024-11-6, 2:04 am > New Setup |  
INFO | 2024-11-6, 2:04 am > Test results:  | {"contract_id":"cecbc54e-a269-451a-8183-e24965a1d0da","data":{"data":"0,0,0,0,0,0,0,0,0,0,0,0,0,0,0,0,0","xaxis":"0:|16||14||12||10||8||6||4||2","yaxis":"1:||0||0||0"},"range":["1:","0","0","0"]} 
INFO | 2024-11-6, 2:04 am > New Setup |  
INFO | 2024-11-6, 2:04 am > Test results:  | {"contract_id":"8c02f231-2127-4da3-ad26-3e2c8b81b680","data":{"data":"0,0,0,0,0,0,0,0,0,0,0,0,0,0,0,0,0","xaxis":"0:|16||14||12||10||8||6||4||2","yaxis":"1:||0||0||0"},"range":["1:","0","0","0"]} 
INFO | 2024-11-6, 2:04 am > New Setup |  
INFO | 2024-11-6, 2:04 am > Test results:  | {"contract_id":"d0004b7c-a3ce-47ea-832f-d100c8741fe5","data":{"data":"0,0,0,0,0,0,0,0,0,0,0,0,0,0,0,0,0","xaxis":"0:|16||14||12||10||8||6||4||2","yaxis":"1:||0||0||0"},"range":["1:","0","0","0"]} 
INFO | 2024-11-6, 2:05 am > New Setup |  
INFO | 2024-11-6, 2:05 am > New Setup |  
INFO | 2024-11-6, 2:05 am > New Setup |  
INFO | 2024-11-6, 2:05 am > New Setup |  
INFO | 2024-11-6, 2:05 am > New Setup |  
INFO | 2024-11-6, 2:05 am > New Setup |  
INFO | 2024-11-6, 2:05 am > New Setup |  
INFO | 2024-11-6, 2:05 am > New Setup |  
INFO | 2024-11-6, 2:05 am > New Setup |  
INFO | 2024-11-6, 2:05 am > New Setup |  
INFO | 2024-11-6, 2:08 am > New Setup |  
INFO | 2024-11-6, 2:08 am > New Setup |  
INFO | 2024-11-6, 2:08 am > New Setup |  
INFO | 2024-11-6, 2:08 am > New Setup |  
INFO | 2024-11-6, 2:08 am > New Setup |  
INFO | 2024-11-6, 2:08 am > New Setup |  
INFO | 2024-11-6, 2:08 am > New Setup |  
INFO | 2024-11-6, 2:08 am > New Setup |  
INFO | 2024-11-6, 2:08 am > New Setup |  
INFO | 2024-11-6, 2:08 am > New Setup |  
INFO | 2024-11-6, 2:09 am > New Setup |  
INFO | 2024-11-6, 2:09 am > New Setup |  
INFO | 2024-11-6, 2:09 am > New Setup |  
INFO | 2024-11-6, 2:09 am > New Setup |  
INFO | 2024-11-6, 2:09 am > New Setup |  
INFO | 2024-11-6, 2:09 am > New Setup |  
INFO | 2024-11-6, 2:09 am > New Setup |  
INFO | 2024-11-6, 2:09 am > New Setup |  
INFO | 2024-11-6, 2:09 am > New Setup |  
INFO | 2024-11-6, 2:09 am > New Setup |  
INFO | 2024-11-6, 2:10 am > New Setup |  
INFO | 2024-11-6, 2:10 am > 190 |  
INFO | 2024-11-6, 2:10 am > Test results:  | {"contract_id":190,"data":{"data":"225,225,225,225,225,225,225,225,225,225,150,125,125,300,225,150,75","xaxis":"0:|16||14||12||10||8||6||4||2","yaxis":"1:||70||185||300"},"range":["1:","70","185","300"]} 
INFO | 2024-11-6, 2:10 am > New Setup |  
INFO | 2024-11-6, 2:10 am > 9735 |  
INFO | 2024-11-6, 2:10 am > Test results:  | {"contract_id":9735,"data":{"data":"299,299,299,299,299,299,299,299,299,299,299,299,299,299,299,0,0","xaxis":"0:|16||14||12||10||8||6||4||2","yaxis":"1:||0||150||300"},"range":["1:","0","150","300"]} 
INFO | 2024-11-6, 2:10 am > New Setup |  
INFO | 2024-11-6, 2:10 am > 52 |  
INFO | 2024-11-6, 2:10 am > Test results:  | {"contract_id":52,"data":{"data":"-225,-225,-225,-225,-225,-225,-225,-225,-225,-225,-225,-225,-75,-240,-5,-170,-335","xaxis":"0:|16||14||12||10||8||6||4||2","yaxis":"1:||-340||-170||-0"},"range":["1:","-340","-170","-0"]} 
INFO | 2024-11-6, 2:10 am > New Setup |  
INFO | 2024-11-6, 2:10 am > 1088 |  
INFO | 2024-11-6, 2:10 am > Test results:  | {"contract_id":1088,"data":{"data":"373.75,373.75,373.75,373.75,373.75,373.75,373.75,373.75,373.75,373.75,0,0,0,0,0,0,0","xaxis":"0:|16||14||12||10||8||6||4||2","yaxis":"1:||0||190||380"},"range":["1:","0","190","380"]} 
INFO | 2024-11-6, 2:10 am > New Setup |  
INFO | 2024-11-6, 2:10 am > 9656 |  
INFO | 2024-11-6, 2:10 am > Test results:  | {"contract_id":9656,"data":{"data":"-380,-160,60,60,60,60,60,60,60,60,60,60,-100,-80,-40,-40,0","xaxis":"0:|16||14||12||10||8||6||4||2","yaxis":"1:||-380||-160||60"},"range":["1:","-380","-160","60"]} 
INFO | 2024-11-6, 2:10 am > New Setup |  
INFO | 2024-11-6, 2:10 am > 9918 |  
INFO | 2024-11-6, 2:10 am > Test results:  | {"contract_id":9918,"data":{"data":"320,320,320,320,320,320,320,320,320,320,320,320,320,320,240,160,80","xaxis":"0:|16||14||12||10||8||6||4||2","yaxis":"1:||80||200||320"},"range":["1:","80","200","320"]} 
INFO | 2024-11-6, 2:10 am > New Setup |  
INFO | 2024-11-6, 2:10 am > 1003 |  
INFO | 2024-11-6, 2:10 am > Test results:  | {"contract_id":1003,"data":{"data":"10,10,80,120,120,120,120,120,120,120,120,120,70,-10,60,-20,0","xaxis":"0:|16||14||12||10||8||6||4||2","yaxis":"1:||-20||50||120"},"range":["1:","-20","50","120"]} 
INFO | 2024-11-6, 2:10 am > New Setup |  
INFO | 2024-11-6, 2:10 am > 328 |  
INFO | 2024-11-6, 2:10 am > Test results:  | {"contract_id":328,"data":{"data":"60,-20,-20,0,0,35,35,35,35,35,60,0,0,20,-60,-140,80","xaxis":"0:|16||14||12||10||8||6||4||2","yaxis":"1:||-140||-30||80"},"range":["1:","-140","-30","80"]} 
INFO | 2024-11-6, 2:10 am > New Setup |  
INFO | 2024-11-6, 2:10 am > 9928 |  
INFO | 2024-11-6, 2:10 am > Test results:  | {"contract_id":9928,"data":{"data":"250,250,250,250,250,250,250,250,250,250,250,250,250,170,90,130,80","xaxis":"0:|16||14||12||10||8||6||4||2","yaxis":"1:||80||165||250"},"range":["1:","80","165","250"]} 
INFO | 2024-11-6, 2:10 am > New Setup |  
INFO | 2024-11-6, 2:10 am > 191 |  
INFO | 2024-11-6, 2:10 am > Test results:  | {"contract_id":191,"data":{"data":"-330,-330,-330,-330,-330,-330,-330,-330,-330,-330,-330,-330,-915,-915,585,585,585","xaxis":"0:|16||14||12||10||8||6||4||2","yaxis":"1:||-920||-165||590"},"range":["1:","-920","-165","590"]} 
