INFO | 2024-11-1, 5:54 am > runQuery:  | ["SELECT *  
                FROM cabins 
                WHERE `cabin_id` = :keyVal",{":keyVal":"13"}] 
INFO | 2024-11-1, 5:54 am > getStatement:  | ["SELECT *  
                FROM cabins 
                WHERE `cabin_id` = :keyVal"] 
INFO | 2024-11-1, 5:54 am > runQuery:  | ["SELECT `cabins`.`cabin_id`, `cabins`.`cabinnumber`, `contracts`.*
            FROM `cabins`
            LEFT JOIN `contracts` on `cabins`.`cabin_id` = `contracts`.`cabin_id`
            WHERE cabins.cabin_id = :cabin_id
            AND contracts.delivery_date <= now() 
            AND (contracts.`pickup_date` >= now() OR contracts.`pickup_date` IS NULL)
            LIMIT 1",{":cabin_id":"13"}] 
INFO | 2024-11-1, 5:54 am > getStatement:  | ["SELECT `cabins`.`cabin_id`, `cabins`.`cabinnumber`, `contracts`.*
            FROM `cabins`
            LEFT JOIN `contracts` on `cabins`.`cabin_id` = `contracts`.`cabin_id`
            WHERE cabins.cabin_id = :cabin_id
            AND contracts.delivery_date <= now() 
            AND (contracts.`pickup_date` >= now() OR contracts.`pickup_date` IS NULL)
            LIMIT 1"] 
