INFO | 2024-11-6, 2:35 am > runQuery:  | ["SELECT id, label FROM templates WHERE `status` = 1 AND `messagetype` = 'SMS' ORDER BY sortorder",[]] 
INFO | 2024-11-6, 2:35 am > runQuery:  | ["SELECT id, label FROM templates WHERE `status` = 1 AND `messagetype` = 'SMS' ORDER BY sortorder",[]] 
INFO | 2024-11-6, 2:38 am > runQuery:  | ["SELECT id, label FROM templates WHERE `status` = 1 AND `messagetype` = 'SMS' ORDER BY sortorder",[]] 
INFO | 2024-11-6, 2:38 am > runQuery:  | ["SELECT id, label FROM templates WHERE `status` = 1 AND `messagetype` = 'SMS' ORDER BY sortorder",[]] 
INFO | 2024-11-6, 2:40 am > runQuery:  | ["SELECT id, label FROM templates WHERE `status` = 1 AND `messagetype` = 'SMS' ORDER BY sortorder",[]] 
INFO | 2024-11-6, 2:41 am > runQuery:  | ["SELECT id, label FROM templates WHERE `status` = 1 AND `messagetype` = 'SMS' ORDER BY sortorder",[]] 
INFO | 2024-11-6, 2:41 am > runQuery:  | ["SELECT id, label FROM templates WHERE `status` = 1 AND `messagetype` = 'SMS' ORDER BY sortorder",[]] 
INFO | 2024-11-6, 2:41 am > runQuery:  | ["SELECT id, label FROM templates WHERE `status` = 1 AND `messagetype` = 'SMS' ORDER BY sortorder",[]] 
INFO | 2024-11-6, 2:42 am > runQuery:  | ["SELECT id, label FROM templates WHERE `status` = 1 AND `messagetype` = 'SMS' ORDER BY sortorder",[]] 
INFO | 2024-11-6, 2:43 am > runQuery:  | ["SELECT id, label FROM templates WHERE `status` = 1 AND `messagetype` = 'SMS' ORDER BY sortorder",[]] 
INFO | 2024-11-6, 2:45 am > runQuery:  | ["SELECT id, label FROM templates WHERE `status` = 1 AND `messagetype` = 'SMS' ORDER BY sortorder",[]] 
INFO | 2024-11-6, 2:46 am > runQuery:  | ["SELECT id, label FROM templates WHERE `status` = 1 AND `messagetype` = 'SMS' ORDER BY sortorder",[]] 
INFO | 2024-11-6, 2:47 am > runQuery:  | ["SELECT id, label FROM templates WHERE `status` = 1 AND `messagetype` = 'SMS' ORDER BY sortorder",[]] 
INFO | 2024-11-6, 2:49 am > runQuery:  | ["SELECT id, label FROM templates WHERE `status` = 1 AND `messagetype` = 'SMS' ORDER BY sortorder",[]] 
INFO | 2024-11-6, 2:56 am > runQuery:  | ["SELECT id, label FROM templates WHERE `status` = 1 AND `messagetype` = 'SMS' ORDER BY sortorder",[]] 
INFO | 2024-11-6, 2:57 am > runQuery:  | ["SHOW FULL COLUMNS FROM `templates`",[]] 
INFO | 2024-11-6, 2:57 am > runQuery:  | ["SHOW FULL COLUMNS FROM `templates`",[]] 
INFO | 2024-11-6, 2:57 am > runQuery:  | ["SHOW FULL COLUMNS FROM `templates`",[]] 
INFO | 2024-11-6, 2:58 am > runQuery:  | ["SELECT id, label FROM templates WHERE `status` = 1 AND `messagetype` = 'SMS' ORDER BY sortorder",[]] 
INFO | 2024-11-6, 2:58 am > runQuery:  | ["SELECT *  
                FROM templates 
                WHERE `id` = :keyVal",{":keyVal":1}] 
INFO | 2024-11-6, 2:59 am > runQuery:  | ["SELECT id, label FROM templates WHERE `status` = 1 AND `messagetype` = 'SMS' ORDER BY sortorder",[]] 
INFO | 2024-11-6, 2:59 am > runQuery:  | ["SELECT *  
                FROM templates 
                WHERE `id` = :keyVal",{":keyVal":1}] 
INFO | 2024-11-6, 3:05 am > runQuery:  | ["SELECT id, label FROM templates WHERE `status` = 1 AND `messagetype` = 'SMS' ORDER BY sortorder",[]] 
INFO | 2024-11-6, 3:05 am > runQuery:  | ["SELECT id, label FROM templates WHERE `status` = 1 AND `messagetype` = 'SMS' ORDER BY sortorder",[]] 
INFO | 2024-11-6, 3:17 am > runQuery:  | ["SELECT id, label FROM templates WHERE `status` = 1 AND `messagetype` = 'SMS' ORDER BY sortorder",[]] 
INFO | 2024-11-6, 3:25 am > runQuery:  | ["SELECT id, label FROM templates WHERE `status` = 1 AND `messagetype` = 'SMS' ORDER BY sortorder",[]] 
INFO | 2024-11-6, 3:26 am > runQuery:  | ["SELECT id, label FROM templates WHERE `status` = 1 AND `messagetype` = 'SMS' ORDER BY sortorder",[]] 
INFO | 2024-11-6, 3:27 am > runQuery:  | ["SELECT id, label FROM templates WHERE `status` = 1 AND `messagetype` = 'SMS' ORDER BY sortorder",[]] 
INFO | 2024-11-6, 3:43 am > runQuery:  | ["SELECT id, label FROM templates WHERE `status` = 1 AND `messagetype` = 'SMS' ORDER BY sortorder",[],[]] 
INFO | 2024-11-6, 4:02 am > runQuery:  | ["SELECT id, label FROM templates WHERE `status` = 1 AND `messagetype` = 'SMS' ORDER BY sortorder",[],[]] 
INFO | 2024-11-6, 4:35 am > runQuery:  | ["SELECT id, label FROM templates WHERE `status` = 1 AND `messagetype` = 'SMS' ORDER BY sortorder",[],[]] 
INFO | 2024-11-6, 4:36 am > runQuery:  | ["SELECT *  
                FROM templates 
                WHERE `id` = :keyVal",{"keyVal":1},{"keyVal":1}] 
INFO | 2024-11-6, 4:37 am > runQuery:  | ["SELECT id, label FROM templates WHERE `status` = 1 AND `messagetype` = 'SMS' ORDER BY sortorder",[],[]] 
INFO | 2024-11-6, 4:38 am > runQuery:  | ["SELECT id, label FROM templates WHERE `status` = 1 AND `messagetype` = 'SMS' ORDER BY sortorder",[],[]] 
INFO | 2024-11-6, 4:39 am > runQuery:  | ["SELECT *  
                FROM templates 
                WHERE `id` = :keyVal",{"keyVal":1},{"keyVal":1}] 
INFO | 2024-11-6, 4:44 am > runQuery:  | ["SELECT id, label FROM templates WHERE `status` = 1 AND `messagetype` = 'SMS' ORDER BY sortorder",[],[]] 
INFO | 2024-11-6, 4:46 am > runQuery:  | ["SELECT id, label FROM templates WHERE `status` = 1 AND `messagetype` = 'SMS' ORDER BY sortorder",[],[]] 
INFO | 2024-11-6, 8:51 am > runQuery:  | ["SELECT id, label FROM templates WHERE `status` = 1 AND `messagetype` = 'SMS' ORDER BY sortorder",[],[]] 
INFO | 2024-11-6, 8:52 am > runQuery:  | ["SELECT id, label FROM templates WHERE `status` = 1 AND `messagetype` = 'SMS' ORDER BY sortorder",[],[]] 
INFO | 2024-11-6, 8:54 am > runQuery:  | ["SELECT id, label FROM templates WHERE `status` = 1 AND `messagetype` = 'SMS' ORDER BY sortorder",[],[]] 
INFO | 2024-11-6, 9:14 am > runQuery:  | ["SELECT id, label FROM templates WHERE `status` = 1 AND `messagetype` = 'SMS' ORDER BY sortorder",[],[]] 
INFO | 2024-11-6, 9:16 am > runQuery:  | ["SELECT id, label FROM templates WHERE `status` = 1 AND `messagetype` = 'SMS' ORDER BY sortorder",[],[]] 
INFO | 2024-11-6, 9:17 am > runQuery:  | ["SELECT id, label FROM templates WHERE `status` = 1 AND `messagetype` = 'SMS' ORDER BY sortorder",[],[]] 
INFO | 2024-11-6, 9:17 am > runQuery:  | ["SELECT id, label FROM templates WHERE `status` = 1 AND `messagetype` = 'SMS' ORDER BY sortorder",[],[]] 
INFO | 2024-11-6, 9:18 am > runQuery:  | ["SELECT id, label FROM templates WHERE `status` = 1 AND `messagetype` = 'SMS' ORDER BY sortorder",[],[]] 
INFO | 2024-11-6, 9:19 am > runQuery:  | ["SELECT id, label FROM templates WHERE `status` = 1 AND `messagetype` = 'SMS' ORDER BY sortorder",[],[]] 
INFO | 2024-11-6, 9:19 am > runQuery:  | ["SELECT id, label FROM templates WHERE `status` = 1 AND `messagetype` = 'SMS' ORDER BY sortorder",[],[]] 
INFO | 2024-11-6, 9:22 am > runQuery:  | ["SELECT id, label FROM templates WHERE `status` = 1 AND `messagetype` = 'SMS' ORDER BY sortorder",[],[]] 
INFO | 2024-11-6, 9:24 am > runQuery:  | ["SELECT id, label FROM templates WHERE `status` = 1 AND `messagetype` = 'SMS' ORDER BY sortorder",[],[]] 
INFO | 2024-11-6, 9:24 am > runQuery:  | ["SELECT *  
                FROM templates 
                WHERE `id` = :keyVal",{"keyVal":1},{"keyVal":1}] 
INFO | 2024-11-6, 9:26 am > runQuery:  | ["SELECT id, label FROM templates WHERE `status` = 1 AND `messagetype` = 'SMS' ORDER BY sortorder",[],[]] 
INFO | 2024-11-6, 9:29 am > runQuery:  | ["SELECT id, label FROM templates WHERE `status` = 1 AND `messagetype` = 'SMS' ORDER BY sortorder",[],[]] 
INFO | 2024-11-6, 9:31 am > runQuery:  | ["SELECT id, label FROM templates WHERE `status` = 1 AND `messagetype` = 'SMS' ORDER BY sortorder",[],[]] 
INFO | 2024-11-6, 9:34 am > runQuery:  | ["SELECT id, label FROM templates WHERE `status` = 1 AND `messagetype` = 'SMS' ORDER BY sortorder",[],[]] 
INFO | 2024-11-6, 9:39 am > runQuery:  | ["SELECT id, label FROM templates WHERE `status` = 1 AND `messagetype` = 'SMS' ORDER BY sortorder",[],[]] 
INFO | 2024-11-6, 9:39 am > runQuery:  | ["SELECT id, label FROM templates WHERE `status` = 1 AND `messagetype` = 'SMS' ORDER BY sortorder",[],[]] 
INFO | 2024-11-6, 9:44 am > runQuery:  | ["SELECT id, label FROM templates WHERE `status` = 1 AND `messagetype` = 'SMS' ORDER BY sortorder",[],[]] 
INFO | 2024-11-6, 9:46 am > runQuery:  | ["SELECT id, label FROM templates WHERE `status` = 1 AND `messagetype` = 'SMS' ORDER BY sortorder",[],[]] 
INFO | 2024-11-6, 9:49 am > runQuery:  | ["SELECT *  
                FROM templates 
                WHERE `id` = :keyVal",{"keyVal":1},{"keyVal":1}] 
INFO | 2024-11-6, 9:57 am > runQuery:  | ["SELECT id, label FROM templates WHERE `status` = 1 AND `messagetype` = 'SMS' ORDER BY sortorder",[],[]] 
INFO | 2024-11-6, 9:57 am > runQuery:  | ["SELECT *  
                FROM templates 
                WHERE `id` = :keyVal",{"keyVal":1},{"keyVal":1}] 
INFO | 2024-11-6, 9:58 am > runQuery:  | ["SELECT id, label FROM templates WHERE `status` = 1 AND `messagetype` = 'SMS' ORDER BY sortorder",[],[]] 
INFO | 2024-11-6, 9:59 am > runQuery:  | ["SELECT *  
                FROM templates 
                WHERE `id` = :keyVal",{"keyVal":1},{"keyVal":1}] 
INFO | 2024-11-6, 10:00 am > runQuery:  | ["SELECT id, label FROM templates WHERE `status` = 1 AND `messagetype` = 'SMS' ORDER BY sortorder",[],[]] 
INFO | 2024-11-6, 10:01 am > runQuery:  | ["SELECT *  
                FROM templates 
                WHERE `id` = :keyVal",{"keyVal":1},{"keyVal":1}] 
INFO | 2024-11-6, 10:04 am > runQuery:  | ["SELECT id, label FROM templates WHERE `status` = 1 AND `messagetype` = 'SMS' ORDER BY sortorder",[],[]] 
INFO | 2024-11-6, 10:05 am > runQuery:  | ["SELECT *  
                FROM templates 
                WHERE `id` = :keyVal",{"keyVal":1},{"keyVal":1}] 
INFO | 2024-11-6, 10:12 am > runQuery:  | ["SELECT id, label FROM templates WHERE `status` = 1 AND `messagetype` = 'SMS' ORDER BY sortorder",[],[]] 
INFO | 2024-11-6, 10:13 am > runQuery:  | ["SELECT *  
                FROM templates 
                WHERE `id` = :keyVal",{"keyVal":1},{"keyVal":1}] 
INFO | 2024-11-6, 10:17 am > runQuery:  | ["SELECT id, label FROM templates WHERE `status` = 1 AND `messagetype` = 'SMS' ORDER BY sortorder",[],[]] 
INFO | 2024-11-6, 10:17 am > runQuery:  | ["SELECT *  
                FROM templates 
                WHERE `id` = :keyVal",{"keyVal":1},{"keyVal":1}] 
INFO | 2024-11-6, 10:30 am > runQuery:  | ["SELECT id, label FROM templates WHERE `status` = 1 AND `messagetype` = 'SMS' ORDER BY sortorder",[],[]] 
INFO | 2024-11-6, 10:30 am > runQuery:  | ["SELECT *  
                FROM templates 
                WHERE `id` = :keyVal",{"keyVal":1},{"keyVal":1}] 
INFO | 2024-11-6, 10:32 am > runQuery:  | ["SELECT id, label FROM templates WHERE `status` = 1 AND `messagetype` = 'SMS' ORDER BY sortorder",[],[]] 
INFO | 2024-11-6, 10:39 am > runQuery:  | ["SELECT *  
                FROM templates 
                WHERE `id` = :keyVal",{"keyVal":1},{"keyVal":1}] 
INFO | 2024-11-6, 10:39 am > runQuery:  | ["SELECT id, label FROM templates WHERE `status` = 1 AND `messagetype` = 'SMS' ORDER BY sortorder",[],[]] 
INFO | 2024-11-6, 10:39 am > runQuery:  | ["SELECT *  
                FROM templates 
                WHERE `id` = :keyVal",{"keyVal":1},{"keyVal":1}] 
INFO | 2024-11-6, 10:40 am > runQuery:  | ["SELECT id, label FROM templates WHERE `status` = 1 AND `messagetype` = 'SMS' ORDER BY sortorder",[],[]] 
INFO | 2024-11-6, 10:40 am > runQuery:  | ["SELECT *  
                FROM templates 
                WHERE `id` = :keyVal",{"keyVal":1},{"keyVal":1}] 
INFO | 2024-11-6, 10:41 am > runQuery:  | ["SELECT id, label FROM templates WHERE `status` = 1 AND `messagetype` = 'SMS' ORDER BY sortorder",[],[]] 
INFO | 2024-11-6, 10:42 am > runQuery:  | ["SELECT *  
                FROM templates 
                WHERE `id` = :keyVal",{"keyVal":1},{"keyVal":1}] 
INFO | 2024-11-6, 9:39 pm > runQuery:  | ["SELECT id, label FROM templates WHERE `status` = 1 AND `messagetype` = 'SMS' ORDER BY sortorder",[],[]] 
INFO | 2024-11-6, 9:39 pm > runQuery:  | ["SELECT *  
                FROM templates 
                WHERE `id` = :keyVal",{"keyVal":1},{"keyVal":1}] 
INFO | 2024-11-6, 9:41 pm > runQuery:  | ["SELECT id, label FROM templates WHERE `status` = 1 AND `messagetype` = 'SMS' ORDER BY sortorder",[],[]] 
INFO | 2024-11-6, 9:41 pm > runQuery:  | ["SELECT *  
                FROM templates 
                WHERE `id` = :keyVal",{"keyVal":1},{"keyVal":1}] 
INFO | 2024-11-6, 11:33 pm > runQuery:  | ["SELECT id, label FROM templates WHERE `status` = 1 AND `messagetype` = 'SMS' ORDER BY sortorder",[],[]] 
INFO | 2024-11-6, 11:33 pm > runQuery:  | ["SELECT *  
                FROM templates 
                WHERE `id` = :keyVal",{"keyVal":1},{"keyVal":1}] 
INFO | 2024-11-6, 11:39 pm > runQuery:  | ["SELECT id, label FROM templates WHERE `status` = 1 AND `messagetype` = 'SMS' ORDER BY sortorder",[],[]] 
INFO | 2024-11-6, 11:39 pm > runQuery:  | ["SELECT *  
                FROM templates 
                WHERE `id` = :keyVal",{"keyVal":1},{"keyVal":1}] 
INFO | 2024-11-6, 11:45 pm > runQuery:  | ["SELECT id, label FROM templates WHERE `status` = 1 AND `messagetype` = 'SMS' ORDER BY sortorder",[],[]] 
INFO | 2024-11-6, 11:45 pm > runQuery:  | ["SELECT *  
                FROM templates 
                WHERE `id` = :keyVal",{"keyVal":1},{"keyVal":1}] 
INFO | 2024-11-7, 12:07 am > runQuery:  | ["SELECT id, label FROM templates WHERE `status` = 1 AND `messagetype` = 'SMS' ORDER BY sortorder",[],[]] 
INFO | 2024-11-7, 12:10 am > runQuery:  | ["SELECT id, label FROM templates WHERE `status` = 1 AND `messagetype` = 'SMS' ORDER BY sortorder",[],[]] 
INFO | 2024-11-7, 12:15 am > runQuery:  | ["SELECT id, label FROM templates WHERE `status` = 1 AND `messagetype` = 'SMS' ORDER BY sortorder",[],[]] 
INFO | 2024-11-7, 12:18 am > cleanSearchVariables | {"sql":"SELECT id, label FROM templates WHERE `status` = 1 AND `messagetype` = 'SMS' ORDER BY sortorder","search_values":[],"used_variables":[],"flipped":[],"output":[]} 
INFO | 2024-11-7, 12:18 am > runQuery:  | ["SELECT id, label FROM templates WHERE `status` = 1 AND `messagetype` = 'SMS' ORDER BY sortorder",[],[]] 
INFO | 2024-11-7, 1:31 am > cleanSearchVariables | {"sql":"SELECT id, label FROM templates WHERE `status` = 1 AND `messagetype` = 'SMS' ORDER BY sortorder","search_values":[],"used_variables":[],"flipped":[],"output":[]} 
INFO | 2024-11-7, 1:31 am > runQuery:  | ["SELECT id, label FROM templates WHERE `status` = 1 AND `messagetype` = 'SMS' ORDER BY sortorder",[],[]] 
INFO | 2024-11-7, 1:33 am > cleanSearchVariables | {"sql":"SELECT id, label FROM templates WHERE `status` = 1 AND `messagetype` = 'SMS' ORDER BY sortorder","search_values":[],"used_variables":[],"flipped":[],"output":[]} 
INFO | 2024-11-7, 1:33 am > runQuery:  | ["SELECT id, label FROM templates WHERE `status` = 1 AND `messagetype` = 'SMS' ORDER BY sortorder",[],[]] 
INFO | 2024-11-7, 1:52 am > cleanSearchVariables | {"sql":"SELECT id, label FROM templates WHERE `status` = 1 AND `messagetype` = 'SMS' ORDER BY sortorder","search_values":[],"used_variables":[],"flipped":[],"output":[]} 
INFO | 2024-11-7, 1:52 am > runQuery:  | ["SELECT id, label FROM templates WHERE `status` = 1 AND `messagetype` = 'SMS' ORDER BY sortorder",[],[]] 
INFO | 2024-11-7, 1:56 am > cleanSearchVariables | {"sql":"SELECT id, label FROM templates WHERE `status` = 1 AND `messagetype` = 'SMS' ORDER BY sortorder","search_values":[],"used_variables":[],"flipped":[],"output":[]} 
INFO | 2024-11-7, 1:56 am > runQuery:  | ["SELECT id, label FROM templates WHERE `status` = 1 AND `messagetype` = 'SMS' ORDER BY sortorder",[],[]] 
INFO | 2024-11-7, 2:15 am > cleanSearchVariables | {"sql":"SELECT *  
                FROM templates 
                WHERE `id` = :keyVal","search_values":{"keyVal":1},"used_variables":["keyVal"],"flipped":{"keyVal":0},"output":{"keyVal":1}} 
INFO | 2024-11-7, 2:15 am > runQuery:  | ["SELECT *  
                FROM templates 
                WHERE `id` = :keyVal",{"keyVal":1},{"keyVal":1}] 
INFO | 2024-11-7, 2:31 am > cleanSearchVariables | {"sql":"SELECT id, label FROM templates WHERE `status` = 1 AND `messagetype` = 'SMS' ORDER BY sortorder","search_values":[],"used_variables":[],"flipped":[],"output":[]} 
INFO | 2024-11-7, 2:31 am > runQuery:  | ["SELECT id, label FROM templates WHERE `status` = 1 AND `messagetype` = 'SMS' ORDER BY sortorder",[],[]] 
INFO | 2024-11-7, 2:31 am > cleanSearchVariables | {"sql":"SELECT *  
                FROM templates 
                WHERE `id` = :keyVal","search_values":{"keyVal":1},"used_variables":["keyVal"],"flipped":{"keyVal":0},"output":{"keyVal":1}} 
INFO | 2024-11-7, 2:31 am > runQuery:  | ["SELECT *  
                FROM templates 
                WHERE `id` = :keyVal",{"keyVal":1},{"keyVal":1}] 
INFO | 2024-11-7, 2:34 am > cleanSearchVariables | {"sql":"SELECT id, label FROM templates WHERE `status` = 1 AND `messagetype` = 'SMS' ORDER BY sortorder","search_values":[],"used_variables":[],"flipped":[],"output":[]} 
INFO | 2024-11-7, 2:34 am > runQuery:  | ["SELECT id, label FROM templates WHERE `status` = 1 AND `messagetype` = 'SMS' ORDER BY sortorder",[],[]] 
INFO | 2024-11-7, 2:34 am > cleanSearchVariables | {"sql":"SELECT *  
                FROM templates 
                WHERE `id` = :keyVal","search_values":{"keyVal":1},"used_variables":["keyVal"],"flipped":{"keyVal":0},"output":{"keyVal":1}} 
INFO | 2024-11-7, 2:34 am > runQuery:  | ["SELECT *  
                FROM templates 
                WHERE `id` = :keyVal",{"keyVal":1},{"keyVal":1}] 
INFO | 2024-11-7, 2:44 am > cleanSearchVariables | {"sql":"SELECT id, label FROM templates WHERE `status` = 1 AND `messagetype` = 'SMS' ORDER BY sortorder","search_values":[],"used_variables":[],"flipped":[],"output":[]} 
INFO | 2024-11-7, 2:44 am > runQuery:  | ["SELECT id, label FROM templates WHERE `status` = 1 AND `messagetype` = 'SMS' ORDER BY sortorder",[],[]] 
INFO | 2024-11-7, 2:45 am > cleanSearchVariables | {"sql":"SELECT *  
                FROM templates 
                WHERE `id` = :keyVal","search_values":{"keyVal":1},"used_variables":["keyVal"],"flipped":{"keyVal":0},"output":{"keyVal":1}} 
INFO | 2024-11-7, 2:45 am > runQuery:  | ["SELECT *  
                FROM templates 
                WHERE `id` = :keyVal",{"keyVal":1},{"keyVal":1}] 
INFO | 2024-11-7, 2:51 am > cleanSearchVariables | {"sql":"SELECT id, label FROM templates WHERE `status` = 1 AND `messagetype` = 'SMS' ORDER BY sortorder","search_values":[],"used_variables":[],"flipped":[],"output":[]} 
INFO | 2024-11-7, 2:51 am > runQuery:  | ["SELECT id, label FROM templates WHERE `status` = 1 AND `messagetype` = 'SMS' ORDER BY sortorder",[],[]] 
INFO | 2024-11-7, 3:35 am > cleanSearchVariables | {"sql":"SELECT id, label FROM templates WHERE `status` = 1 AND `messagetype` = 'SMS' ORDER BY sortorder","search_values":[],"used_variables":[],"flipped":[],"output":[]} 
INFO | 2024-11-7, 3:35 am > runQuery:  | ["SELECT id, label FROM templates WHERE `status` = 1 AND `messagetype` = 'SMS' ORDER BY sortorder",[],[]] 
INFO | 2024-11-7, 3:35 am > cleanSearchVariables | {"sql":"SELECT *  
                FROM templates 
                WHERE `id` = :keyVal","search_values":{"keyVal":1},"used_variables":["keyVal"],"flipped":{"keyVal":0},"output":{"keyVal":1}} 
INFO | 2024-11-7, 3:35 am > runQuery:  | ["SELECT *  
                FROM templates 
                WHERE `id` = :keyVal",{"keyVal":1},{"keyVal":1}] 
INFO | 2024-11-7, 7:14 am > runQuery:  | ["SELECT *
            FROM `templates`
             WHERE  `id` is not null  LIMIT 0, 10",[],[]] 
INFO | 2024-11-7, 7:14 am > runQuery:  | ["SELECT *  
                FROM templates 
                WHERE `id` = :keyVal",{"keyVal":1},{"keyVal":1}] 
INFO | 2024-11-7, 7:15 am > runQuery:  | ["SELECT *
            FROM `templates`
             WHERE  `id` is not null  LIMIT 0, 10",[],[]] 
INFO | 2024-11-7, 7:16 am > runQuery:  | ["SELECT *  
                FROM templates 
                WHERE `id` = :keyVal",{"keyVal":1},{"keyVal":1}] 
INFO | 2024-11-7, 7:16 am > runQuery:  | ["SELECT *
            FROM `templates`
             WHERE  `id` is not null  LIMIT 0, 10",[],[]] 
INFO | 2024-11-7, 7:26 am > runQuery:  | ["SELECT *  
                FROM templates 
                WHERE `id` = :keyVal",{"keyVal":1},{"keyVal":1}] 
INFO | 2024-11-7, 7:30 am > runQuery:  | ["SELECT *
            FROM `templates`
             WHERE  `id` is not null  LIMIT 0, 10",[],[]] 
INFO | 2024-11-7, 7:30 am > runQuery:  | ["SELECT *  
                FROM templates 
                WHERE `id` = :keyVal",{"keyVal":1},{"keyVal":1}] 
INFO | 2024-11-7, 7:30 am > runQuery:  | ["SELECT *  
                FROM templates 
                WHERE `id` = :keyVal",{"keyVal":1},{"keyVal":1}] 
INFO | 2024-11-7, 7:38 am > runQuery:  | ["SELECT *  
                FROM templates 
                WHERE `id` = :keyVal",{"keyVal":1},{"keyVal":1}] 
INFO | 2024-11-7, 7:56 am > runQuery:  | ["SELECT *
            FROM `templates`
             WHERE  `id` is not null  LIMIT 0, 10",[],[]] 
INFO | 2024-11-7, 8:23 am > runQuery:  | ["SELECT * FROM `templates` LIMIT 0, 10",[],[]] 
INFO | 2024-11-7, 8:27 am > runQuery:  | ["SELECT * FROM `templates` LIMIT 0, 10",[],[]] 
INFO | 2024-11-7, 8:28 am > runQuery:  | ["SELECT * FROM `templates` LIMIT 0, 10",[],[]] 
INFO | 2024-11-7, 8:28 am > runQuery:  | ["SELECT count(*) FROM templates",[],[]] 
INFO | 2024-11-7, 8:28 am > runQuery:  | ["SELECT count(*) FROM templates WHERE template_status = 1",[],[]] 
INFO | 2024-11-7, 8:29 am > runQuery:  | ["SELECT * FROM `templates` LIMIT 0, 10",[],[]] 
INFO | 2024-11-7, 8:29 am > runQuery:  | ["SELECT count(*) FROM templates",[],[]] 
INFO | 2024-11-7, 8:29 am > runQuery:  | ["SELECT count(*) FROM templates WHERE template_status = 1",[],[]] 
INFO | 2024-11-7, 8:29 am > runQuery:  | ["SELECT * FROM `templates` LIMIT 0, 10",[],[]] 
INFO | 2024-11-7, 8:29 am > runQuery:  | ["SELECT count(*) FROM templates",[],[]] 
INFO | 2024-11-7, 8:29 am > runQuery:  | ["SELECT count(*) FROM templates WHERE template_status = 1",[],[]] 
INFO | 2024-11-7, 8:29 am > runQuery:  | ["SELECT * FROM `templates` LIMIT 0, 10",[],[]] 
INFO | 2024-11-7, 8:29 am > runQuery:  | ["SELECT count(*) FROM templates",[],[]] 
INFO | 2024-11-7, 8:29 am > runQuery:  | ["SELECT count(*) FROM templates WHERE template_status = 1",[],[]] 
INFO | 2024-11-7, 8:30 am > runQuery:  | ["SELECT * FROM `templates` LIMIT 0, 10",[],[]] 
INFO | 2024-11-7, 8:30 am > runQuery:  | ["SELECT count(*) FROM templates",[],[]] 
INFO | 2024-11-7, 8:30 am > runQuery:  | ["SELECT count(*) FROM templates WHERE templates.status = 1",[],[]] 
INFO | 2024-11-7, 8:30 am > runQuery:  | ["SELECT * FROM `templates` LIMIT 0, 10",[],[]] 
INFO | 2024-11-7, 8:30 am > runQuery:  | ["SELECT count(*) FROM templates",[],[]] 
INFO | 2024-11-7, 8:30 am > runQuery:  | ["SELECT count(*) FROM templates WHERE templates.status = 1",[],[]] 
INFO | 2024-11-7, 8:30 am > runQuery:  | ["SELECT *  
                FROM templates 
                WHERE `id` = :keyVal",{"keyVal":1},{"keyVal":1}] 
INFO | 2024-11-7, 8:30 am > runQuery:  | ["SELECT * FROM `templates` LIMIT 0, 10",[],[]] 
INFO | 2024-11-7, 8:30 am > runQuery:  | ["SELECT count(*) FROM templates",[],[]] 
INFO | 2024-11-7, 8:30 am > runQuery:  | ["SELECT count(*) FROM templates WHERE templates.status = 1",[],[]] 
INFO | 2024-11-7, 8:30 am > runQuery:  | ["SELECT *  
                FROM templates 
                WHERE `id` = :keyVal",{"keyVal":1},{"keyVal":1}] 
INFO | 2024-11-7, 8:38 am > runQuery:  | ["SELECT * FROM `templates` LIMIT 0, 10",[],[]] 
INFO | 2024-11-7, 8:38 am > runQuery:  | ["SELECT count(*) FROM templates",[],[]] 
INFO | 2024-11-7, 8:38 am > runQuery:  | ["SELECT count(*) FROM templates WHERE templates.status = 1",[],[]] 
INFO | 2024-11-7, 8:38 am > runQuery:  | ["SELECT *  
                FROM templates 
                WHERE `id` = :keyVal",{"keyVal":1},{"keyVal":1}] 
INFO | 2024-11-7, 8:38 am > runQuery:  | ["SELECT *  
                FROM templates 
                WHERE `id` = :keyVal",{"keyVal":1},{"keyVal":1}] 
INFO | 2024-11-7, 8:47 am > runQuery:  | ["SELECT * FROM `templates` LIMIT 0, 10",[],[]] 
INFO | 2024-11-7, 8:47 am > runQuery:  | ["SELECT count(*) FROM templates",[],[]] 
INFO | 2024-11-7, 8:47 am > runQuery:  | ["SELECT count(*) FROM templates WHERE templates.status = 1",[],[]] 
INFO | 2024-11-7, 8:47 am > runQuery:  | ["SELECT *  
                FROM templates 
                WHERE `id` = :keyVal",{"keyVal":1},{"keyVal":1}] 
INFO | 2024-11-7, 8:48 am > runQuery:  | ["SELECT * FROM `templates` LIMIT 0, 10",[],[]] 
INFO | 2024-11-7, 8:48 am > runQuery:  | ["SELECT count(*) FROM templates",[],[]] 
INFO | 2024-11-7, 8:48 am > runQuery:  | ["SELECT count(*) FROM templates WHERE templates.status = 1",[],[]] 
INFO | 2024-11-7, 8:48 am > runQuery:  | ["SELECT *  
                FROM templates 
                WHERE `id` = :keyVal",{"keyVal":1},{"keyVal":1}] 
INFO | 2024-11-7, 8:50 am > runQuery:  | ["SELECT * FROM `templates` LIMIT 0, 10",[],[]] 
INFO | 2024-11-7, 8:50 am > runQuery:  | ["SELECT count(*) FROM templates",[],[]] 
INFO | 2024-11-7, 8:50 am > runQuery:  | ["SELECT count(*) FROM templates WHERE templates.status = 1",[],[]] 
INFO | 2024-11-7, 8:50 am > runQuery:  | ["SELECT *  
                FROM templates 
                WHERE `id` = :keyVal",{"keyVal":1},{"keyVal":1}] 
INFO | 2024-11-7, 8:50 am > runQuery:  | ["SELECT * FROM `templates` LIMIT 0, 10",[],[]] 
INFO | 2024-11-7, 8:50 am > runQuery:  | ["SELECT count(*) FROM templates",[],[]] 
INFO | 2024-11-7, 8:50 am > runQuery:  | ["SELECT count(*) FROM templates WHERE templates.status = 1",[],[]] 
INFO | 2024-11-7, 8:50 am > runQuery:  | ["SELECT *  
                FROM templates 
                WHERE `id` = :keyVal",{"keyVal":1},{"keyVal":1}] 
INFO | 2024-11-7, 8:55 am > runQuery:  | ["SELECT *  
                FROM templates 
                WHERE `id` = :keyVal",{"keyVal":1},{"keyVal":1}] 
INFO | 2024-11-7, 8:56 am > runQuery:  | ["SELECT *  
                FROM templates 
                WHERE `id` = :keyVal",{"keyVal":1},{"keyVal":1}] 
INFO | 2024-11-7, 8:58 am > runQuery:  | ["SELECT * FROM `templates` LIMIT 0, 10",[],[]] 
INFO | 2024-11-7, 8:58 am > runQuery:  | ["SELECT count(*) FROM templates",[],[]] 
INFO | 2024-11-7, 8:58 am > runQuery:  | ["SELECT count(*) FROM templates WHERE templates.status = 1",[],[]] 
INFO | 2024-11-7, 8:59 am > runQuery:  | ["SELECT *  
                FROM templates 
                WHERE `id` = :keyVal",{"keyVal":1},{"keyVal":1}] 
INFO | 2024-11-7, 9:00 am > runQuery:  | ["SELECT *  
                FROM templates 
                WHERE `id` = :keyVal",{"keyVal":1},{"keyVal":1}] 
INFO | 2024-11-7, 9:00 am > Template save data | {"id":"1","messagetype":"SMS","status":"1","label":"Missed 1 week","subject":"n/a","body":"<p>Cabin King 👑 dsfkkljsfldsf ksfjal skdf alksdmf [test]</p>","dateupdate":"2024-11-07 09:00:22"} 
INFO | 2024-11-7, 9:00 am > runQuery:  | ["INSERT into `templates` 
                    (`id`, `status`, `messagetype`, `label`, `subject`, `body`, `dateupdate`) 
                VALUES (:id, :status, :messagetype, :label, :subject, :body, :dateupdate)
                ON DUPLICATE KEY UPDATE `status` = :status, `label` = :label, `subject` = :subject, `body` = :body, `dateupdate` = :dateupdate",{"id":"1","messagetype":"SMS","status":"1","label":"Missed 1 week","subject":"n/a","body":"Cabin King 👑 dsfkkljsfldsf ksfjal skdf alksdmf [test]","dateupdate":"2024-11-07 09:00:22"},{"id":"1","messagetype":"SMS","status":"1","label":"Missed 1 week","subject":"n/a","body":"Cabin King 👑 dsfkkljsfldsf ksfjal skdf alksdmf [test]","dateupdate":"2024-11-07 09:00:22"}] 
INFO | 2024-11-7, 9:00 am > runQuery:  | ["SELECT * FROM `templates` LIMIT 0, 10",[],[]] 
INFO | 2024-11-7, 9:00 am > runQuery:  | ["SELECT count(*) FROM templates",[],[]] 
INFO | 2024-11-7, 9:00 am > runQuery:  | ["SELECT count(*) FROM templates WHERE templates.status = 1",[],[]] 
INFO | 2024-11-7, 9:01 am > Template save data | {"id":"","messagetype":"SMS","status":"1","label":"Week 2 missed","subject":"","body":"<p>send to people missing a second week</p>","dateupdate":"2024-11-07 09:01:19"} 
INFO | 2024-11-7, 9:01 am > runQuery:  | ["INSERT into `templates` 
                    (`id`, `status`, `messagetype`, `label`, `subject`, `body`, `dateupdate`) 
                VALUES (:id, :status, :messagetype, :label, :subject, :body, :dateupdate)
                ON DUPLICATE KEY UPDATE `status` = :status, `label` = :label, `subject` = :subject, `body` = :body, `dateupdate` = :dateupdate",{"id":"","messagetype":"SMS","status":"1","label":"Week 2 missed","subject":"","body":"send to people missing a second week","dateupdate":"2024-11-07 09:01:19"},{"id":"","messagetype":"SMS","status":"1","label":"Week 2 missed","subject":"","body":"send to people missing a second week","dateupdate":"2024-11-07 09:01:19"}] 
INFO | 2024-11-7, 9:01 am > runQuery:  | ["SELECT * FROM `templates` LIMIT 0, 10",[],[]] 
INFO | 2024-11-7, 9:01 am > runQuery:  | ["SELECT count(*) FROM templates",[],[]] 
INFO | 2024-11-7, 9:01 am > runQuery:  | ["SELECT count(*) FROM templates WHERE templates.status = 1",[],[]] 
INFO | 2024-11-7, 9:01 am > Template save data | {"id":"","messagetype":"SMS","status":"1","label":"Week 2 missed","subject":"","body":"<p>send to people missing a second week</p>","dateupdate":"2024-11-07 09:01:53"} 
INFO | 2024-11-7, 9:01 am > runQuery:  | ["INSERT into `templates` 
                    (`id`, `status`, `messagetype`, `label`, `subject`, `body`, `dateupdate`) 
                VALUES (:id, :status, :messagetype, :label, :subject, :body, :dateupdate)
                ON DUPLICATE KEY UPDATE `status` = :status, `label` = :label, `subject` = :subject, `body` = :body, `dateupdate` = :dateupdate",{"id":"","messagetype":"SMS","status":"1","label":"Week 2 missed","subject":"","body":"send to people missing a second week","dateupdate":"2024-11-07 09:01:53"},{"id":"","messagetype":"SMS","status":"1","label":"Week 2 missed","subject":"","body":"send to people missing a second week","dateupdate":"2024-11-07 09:01:53"}] 
INFO | 2024-11-7, 9:08 am > Template save data | {"id":"","messagetype":"SMS","status":"1","label":"Week 2 missed","subject":"","body":"<p>sfasedfasd</p>","dateupdate":"2024-11-07 09:08:20"} 
INFO | 2024-11-7, 9:08 am > runQuery:  | ["INSERT INTO `templates` (`id`,  `status`, `messagetype`,
                      `label`, `subject`, `body`, `dateupdate`)
                values (:id, :status, :messagetype , :label, :subject, :body,:dateupdate)
                ON DUPLICATE KEY UPDATE `status` = :status, `label` = :label, `subject` = :subject, `body` = :body, `dateupdate` = :dateupdate",{"id":"","messagetype":"SMS","status":"1","label":"Week 2 missed","subject":"","body":"sfasedfasd","dateupdate":"2024-11-07 09:08:20"},{"id":"","messagetype":"SMS","status":"1","label":"Week 2 missed","subject":"","body":"sfasedfasd","dateupdate":"2024-11-07 09:08:20"}] 
INFO | 2024-11-7, 9:08 am > runQuery:  | ["SELECT * FROM `templates` LIMIT 0, 10",[],[]] 
INFO | 2024-11-7, 9:08 am > runQuery:  | ["SELECT count(*) FROM templates",[],[]] 
INFO | 2024-11-7, 9:08 am > runQuery:  | ["SELECT count(*) FROM templates WHERE templates.status = 1",[],[]] 
INFO | 2024-11-7, 9:09 am > runQuery:  | ["SELECT * FROM `templates` LIMIT 0, 10",[],[]] 
INFO | 2024-11-7, 9:09 am > runQuery:  | ["SELECT count(*) FROM templates",[],[]] 
INFO | 2024-11-7, 9:09 am > runQuery:  | ["SELECT count(*) FROM templates WHERE templates.status = 1",[],[]] 
INFO | 2024-11-7, 9:09 am > Template save data | {"id":"","messagetype":"SMS","status":"1","label":"Week 2 missed","subject":"","body":"<p>sdfsafdsf a fdf</p>","dateupdate":"2024-11-07 09:09:37"} 
INFO | 2024-11-7, 9:09 am > runQuery:  | ["INSERT INTO `templates` (`id`,  `status`, `messagetype`,
                      `label`, `subject`, `body`, `dateupdate`)
                values (:id, :status, :messagetype , :label, :subject, :body,:dateupdate)
                ON DUPLICATE KEY UPDATE `status` = :status, `label` = :label, `subject` = :subject, `body` = :body, `dateupdate` = :dateupdate",{"id":"","messagetype":"SMS","status":"1","label":"Week 2 missed","subject":"","body":"sdfsafdsf a fdf","dateupdate":"2024-11-07 09:09:37"},{"id":"","messagetype":"SMS","status":"1","label":"Week 2 missed","subject":"","body":"sdfsafdsf a fdf","dateupdate":"2024-11-07 09:09:37"}] 
INFO | 2024-11-7, 9:10 am > Template save data | {"id":"","messagetype":"SMS","status":"1","label":"Week 2 missed","subject":"","body":"<p>dfdgd sfa</p>","dateupdate":"2024-11-07 09:10:48"} 
INFO | 2024-11-7, 9:10 am > runQuery:  | ["INSERT INTO `templates` (`id`,  `status`, `messagetype`,
                      `label`, `subject`, `body`, `dateupdate`)
                values (:id, :status, :messagetype , :label, :subject, :body,:dateupdate)
                ON DUPLICATE KEY UPDATE `status` = :status, `label` = :label, `subject` = :subject, `body` = :body, `dateupdate` = :dateupdate",{"id":null,"messagetype":"SMS","status":"1","label":"Week 2 missed","subject":"","body":"dfdgd sfa","dateupdate":"2024-11-07 09:10:48"},{"id":null,"messagetype":"SMS","status":"1","label":"Week 2 missed","subject":"","body":"dfdgd sfa","dateupdate":"2024-11-07 09:10:48"}] 
INFO | 2024-11-7, 9:11 am > runQuery:  | ["SELECT * FROM `templates` LIMIT 0, 10",[],[]] 
INFO | 2024-11-7, 9:11 am > runQuery:  | ["SELECT count(*) FROM templates",[],[]] 
INFO | 2024-11-7, 9:11 am > runQuery:  | ["SELECT count(*) FROM templates WHERE templates.status = 1",[],[]] 
INFO | 2024-11-7, 9:12 am > runQuery:  | ["SELECT *  
                FROM templates 
                WHERE `id` = :keyVal",{"keyVal":3},{"keyVal":3}] 
INFO | 2024-11-7, 9:13 am > Template save data | {"id":"3","messagetype":"SMS","status":"1","label":"Week 2 missed","subject":"","body":"<p>dfdgd sfa slfjdksa</p>","dateupdate":"2024-11-07 09:13:02"} 
INFO | 2024-11-7, 9:13 am > runQuery:  | ["INSERT INTO `templates` (`id`,  `status`, `messagetype`,
                      `label`, `subject`, `body`, `dateupdate`)
                values (:id, :status, :messagetype , :label, :subject, :body,:dateupdate)
                ON DUPLICATE KEY UPDATE `status` = :status, `label` = :label, `subject` = :subject, `body` = :body, `dateupdate` = :dateupdate",{"id":"3","messagetype":"SMS","status":"1","label":"Week 2 missed","subject":"","body":"dfdgd sfa slfjdksa","dateupdate":"2024-11-07 09:13:02"},{"id":"3","messagetype":"SMS","status":"1","label":"Week 2 missed","subject":"","body":"dfdgd sfa slfjdksa","dateupdate":"2024-11-07 09:13:02"}] 
INFO | 2024-11-7, 9:14 am > runQuery:  | ["SELECT * FROM `templates` LIMIT 0, 10",[],[]] 
INFO | 2024-11-7, 9:14 am > runQuery:  | ["SELECT count(*) FROM templates",[],[]] 
INFO | 2024-11-7, 9:14 am > runQuery:  | ["SELECT count(*) FROM templates WHERE templates.status = 1",[],[]] 
INFO | 2024-11-7, 9:14 am > runQuery:  | ["SELECT * FROM `templates` WHERE (templatess.status = 1) LIMIT 0, 10",[],[]] 
INFO | 2024-11-7, 9:14 am > runQuery:  | ["SELECT count(*) FROM templates",[],[]] 
INFO | 2024-11-7, 9:14 am > runQuery:  | ["SELECT count(*) FROM templates WHERE templates.status = 1",[],[]] 
INFO | 2024-11-7, 9:15 am > runQuery:  | ["SELECT * FROM `templates` LIMIT 0, 10",[],[]] 
INFO | 2024-11-7, 9:15 am > runQuery:  | ["SELECT count(*) FROM templates",[],[]] 
INFO | 2024-11-7, 9:15 am > runQuery:  | ["SELECT count(*) FROM templates WHERE templates.status = 1",[],[]] 
INFO | 2024-11-7, 9:15 am > runQuery:  | ["SELECT * FROM `templates` WHERE (templates.status = 1) LIMIT 0, 10",[],[]] 
INFO | 2024-11-7, 9:15 am > runQuery:  | ["SELECT count(*) FROM templates",[],[]] 
INFO | 2024-11-7, 9:15 am > runQuery:  | ["SELECT count(*) FROM templates WHERE templates.status = 1",[],[]] 
INFO | 2024-11-7, 9:15 am > runQuery:  | ["SELECT * FROM `templates` LIMIT 0, 10",[],[]] 
INFO | 2024-11-7, 9:15 am > runQuery:  | ["SELECT count(*) FROM templates",[],[]] 
INFO | 2024-11-7, 9:15 am > runQuery:  | ["SELECT count(*) FROM templates WHERE templates.status = 1",[],[]] 
INFO | 2024-11-7, 9:15 am > runQuery:  | ["SELECT *  
                FROM templates 
                WHERE `id` = :keyVal",{"keyVal":3},{"keyVal":3}] 
INFO | 2024-11-7, 9:15 am > Template save data | {"id":"3","messagetype":"SMS","status":"0","label":"Week 2 missed","subject":"","body":"<p>dfdgd sfa slfjdksa</p>","dateupdate":"2024-11-07 09:15:55"} 
INFO | 2024-11-7, 9:15 am > runQuery:  | ["INSERT INTO `templates` (`id`,  `status`, `messagetype`,
                      `label`, `subject`, `body`, `dateupdate`)
                values (:id, :status, :messagetype , :label, :subject, :body,:dateupdate)
                ON DUPLICATE KEY UPDATE `status` = :status, `label` = :label, `subject` = :subject, `body` = :body, `dateupdate` = :dateupdate",{"id":"3","messagetype":"SMS","status":"0","label":"Week 2 missed","subject":"","body":"dfdgd sfa slfjdksa","dateupdate":"2024-11-07 09:15:55"},{"id":"3","messagetype":"SMS","status":"0","label":"Week 2 missed","subject":"","body":"dfdgd sfa slfjdksa","dateupdate":"2024-11-07 09:15:55"}] 
INFO | 2024-11-7, 9:16 am > runQuery:  | ["SELECT * FROM `templates` WHERE (templates.status = 1) LIMIT 0, 10",[],[]] 
INFO | 2024-11-7, 9:16 am > runQuery:  | ["SELECT count(*) FROM templates",[],[]] 
INFO | 2024-11-7, 9:16 am > runQuery:  | ["SELECT count(*) FROM templates WHERE templates.status = 1",[],[]] 
INFO | 2024-11-7, 9:16 am > runQuery:  | ["SELECT * FROM `templates` LIMIT 0, 10",[],[]] 
INFO | 2024-11-7, 9:16 am > runQuery:  | ["SELECT count(*) FROM templates",[],[]] 
INFO | 2024-11-7, 9:16 am > runQuery:  | ["SELECT count(*) FROM templates WHERE templates.status = 1",[],[]] 
INFO | 2024-11-7, 9:16 am > runQuery:  | ["SELECT *  
                FROM templates 
                WHERE `id` = :keyVal",{"keyVal":3},{"keyVal":3}] 
INFO | 2024-11-7, 9:16 am > Template save data | {"id":"3","messagetype":"SMS","status":"1","label":"Week 2 missed","subject":"","body":"<p>dfdgd sfa slfjdksa</p>","dateupdate":"2024-11-07 09:16:12"} 
INFO | 2024-11-7, 9:16 am > runQuery:  | ["INSERT INTO `templates` (`id`,  `status`, `messagetype`,
                      `label`, `subject`, `body`, `dateupdate`)
                values (:id, :status, :messagetype , :label, :subject, :body,:dateupdate)
                ON DUPLICATE KEY UPDATE `status` = :status, `label` = :label, `subject` = :subject, `body` = :body, `dateupdate` = :dateupdate",{"id":"3","messagetype":"SMS","status":"1","label":"Week 2 missed","subject":"","body":"dfdgd sfa slfjdksa","dateupdate":"2024-11-07 09:16:12"},{"id":"3","messagetype":"SMS","status":"1","label":"Week 2 missed","subject":"","body":"dfdgd sfa slfjdksa","dateupdate":"2024-11-07 09:16:12"}] 
INFO | 2024-11-7, 9:16 am > runQuery:  | ["SELECT *  
                FROM templates 
                WHERE `id` = :keyVal",{"keyVal":3},{"keyVal":3}] 
INFO | 2024-11-7, 9:16 am > runQuery:  | ["SELECT *  
                FROM templates 
                WHERE `id` = :keyVal",{"keyVal":3},{"keyVal":3}] 
INFO | 2024-11-7, 9:16 am > Template save data | {"id":"3","messagetype":"SMS","status":"1","label":"Week 2 missed","subject":"","body":"<p>dfdgd sfa slfjdksa</p>","dateupdate":"2024-11-07 09:16:27"} 
INFO | 2024-11-7, 9:16 am > runQuery:  | ["INSERT INTO `templates` (`id`,  `status`, `messagetype`,
                      `label`, `subject`, `body`, `dateupdate`)
                values (:id, :status, :messagetype , :label, :subject, :body,:dateupdate)
                ON DUPLICATE KEY UPDATE `status` = :status, `label` = :label, `subject` = :subject, `body` = :body, `dateupdate` = :dateupdate",{"id":"3","messagetype":"SMS","status":"1","label":"Week 2 missed","subject":"","body":"dfdgd sfa slfjdksa","dateupdate":"2024-11-07 09:16:27"},{"id":"3","messagetype":"SMS","status":"1","label":"Week 2 missed","subject":"","body":"dfdgd sfa slfjdksa","dateupdate":"2024-11-07 09:16:27"}] 
INFO | 2024-11-7, 9:19 am > runQuery:  | ["SELECT *  
                FROM templates 
                WHERE `id` = :keyVal",{"keyVal":3},{"keyVal":3}] 
INFO | 2024-11-7, 9:19 am > Template save data | {"id":"3","messagetype":"SMS","status":"1","label":"Week 2 missed","subject":"","body":"<p>dfdgd sfa slfjdksa 123</p>","dateupdate":"2024-11-07 09:19:41"} 
INFO | 2024-11-7, 9:19 am > runQuery:  | ["INSERT INTO `templates` (`id`,  `status`, `messagetype`,
                      `label`, `subject`, `body`, `dateupdate`)
                values (:id, :status, :messagetype , :label, :subject, :body,:dateupdate)
                ON DUPLICATE KEY UPDATE `status` = :status, `label` = :label, `subject` = :subject, `body` = :body, `dateupdate` = :dateupdate",{"id":"3","messagetype":"SMS","status":"1","label":"Week 2 missed","subject":"","body":"dfdgd sfa slfjdksa 123","dateupdate":"2024-11-07 09:19:41"},{"id":"3","messagetype":"SMS","status":"1","label":"Week 2 missed","subject":"","body":"dfdgd sfa slfjdksa 123","dateupdate":"2024-11-07 09:19:41"}] 
INFO | 2024-11-7, 9:26 am > runQuery:  | ["SELECT * FROM `templates` LIMIT 0, 10",[],[]] 
INFO | 2024-11-7, 9:26 am > runQuery:  | ["SELECT count(*) FROM templates",[],[]] 
INFO | 2024-11-7, 9:26 am > runQuery:  | ["SELECT count(*) FROM templates WHERE templates.status = 1",[],[]] 
INFO | 2024-11-7, 9:30 am > runQuery:  | ["SELECT * FROM `templates` LIMIT 0, 10",[],[]] 
INFO | 2024-11-7, 9:30 am > runQuery:  | ["SELECT count(*) FROM templates",[],[]] 
INFO | 2024-11-7, 9:30 am > runQuery:  | ["SELECT count(*) FROM templates WHERE templates.status = 1",[],[]] 
INFO | 2024-11-7, 9:30 am > runQuery:  | ["SELECT *  
                FROM templates 
                WHERE `id` = :keyVal",{"keyVal":3},{"keyVal":3}] 
INFO | 2024-11-7, 9:30 am > Template save data | {"id":"3","messagetype":"SMS","status":"1","label":"Week 2 missed","subject":"","body":"<p>dfdgd sfa slfjdksa 123 abc</p>","dateupdate":"2024-11-07 09:30:23"} 
INFO | 2024-11-7, 9:30 am > runQuery:  | ["INSERT INTO `templates` (`id`,  `status`, `messagetype`,
                      `label`, `subject`, `body`, `dateupdate`)
                values (:id, :status, :messagetype , :label, :subject, :body,:dateupdate)
                ON DUPLICATE KEY UPDATE `status` = :status, `label` = :label, `subject` = :subject, `body` = :body, `dateupdate` = :dateupdate",{"id":"3","messagetype":"SMS","status":"1","label":"Week 2 missed","subject":"","body":"dfdgd sfa slfjdksa 123 abc","dateupdate":"2024-11-07 09:30:23"},{"id":"3","messagetype":"SMS","status":"1","label":"Week 2 missed","subject":"","body":"dfdgd sfa slfjdksa 123 abc","dateupdate":"2024-11-07 09:30:23"}] 
INFO | 2024-11-7, 9:30 am > runQuery:  | ["SELECT * FROM `templates` LIMIT 0, 10",[],[]] 
INFO | 2024-11-7, 9:30 am > runQuery:  | ["SELECT count(*) FROM templates",[],[]] 
INFO | 2024-11-7, 9:30 am > runQuery:  | ["SELECT count(*) FROM templates WHERE templates.status = 1",[],[]] 
INFO | 2024-11-7, 9:30 am > runQuery:  | ["SELECT * FROM `templates` WHERE (templates.status = 1) LIMIT 0, 10",[],[]] 
INFO | 2024-11-7, 9:30 am > runQuery:  | ["SELECT count(*) FROM templates",[],[]] 
INFO | 2024-11-7, 9:30 am > runQuery:  | ["SELECT count(*) FROM templates WHERE templates.status = 1",[],[]] 
INFO | 2024-11-7, 9:30 am > runQuery:  | ["SELECT * FROM `templates` LIMIT 0, 10",[],[]] 
INFO | 2024-11-7, 9:30 am > runQuery:  | ["SELECT count(*) FROM templates",[],[]] 
INFO | 2024-11-7, 9:30 am > runQuery:  | ["SELECT count(*) FROM templates WHERE templates.status = 1",[],[]] 
INFO | 2024-11-7, 9:30 am > runQuery:  | ["SELECT * FROM `templates` WHERE (templates.status = 1) LIMIT 0, 10",[],[]] 
INFO | 2024-11-7, 9:30 am > runQuery:  | ["SELECT count(*) FROM templates",[],[]] 
INFO | 2024-11-7, 9:30 am > runQuery:  | ["SELECT count(*) FROM templates WHERE templates.status = 1",[],[]] 
INFO | 2024-11-7, 9:31 am > runQuery:  | ["SELECT id, label FROM templates WHERE `status` = 1 AND `messagetype` = 'SMS' ORDER BY sortorder",[],[]] 
