INFO | 2024-10-12, 2:21 am > getRecord | {"sql":"SELECT *  
                FROM users 
                WHERE `user_id` = :keyVal","data":[{"id":1,"user_id":"87ff2891-a223-4f3e-8e65-cfbd5db3c717","first_name":"Sarah","last_name":"King","email":"sarah@itamer.com"}]} 
INFO | 2024-10-12, 2:22 am > getRecord | {"sql":"SELECT *  
                FROM users 
                WHERE `user_id` = :keyVal","data":[{"id":1,"user_id":"87ff2891-a223-4f3e-8e65-cfbd5db3c717","first_name":"Sarah","last_name":"King","email":"sarah@itamer.com"}]} 
INFO | 2024-10-12, 2:37 am > getRecord | {"sql":"SELECT *  
                FROM users 
                WHERE `user_id` = :keyVal","data":[{"id":1,"user_id":"87ff2891-a223-4f3e-8e65-cfbd5db3c717","first_name":"Sarah","last_name":"King","email":"sarah@itamer.com"}]} 
INFO | 2024-10-12, 2:37 am > getRecord | {"sql":"SELECT *  
                FROM users 
                WHERE `user_id` = :keyVal","data":[{"id":1,"user_id":"87ff2891-a223-4f3e-8e65-cfbd5db3c717","first_name":"Sarah","last_name":"King","email":"sarah@itamer.com"}]} 
INFO | 2024-10-12, 2:38 am > getRecord | {"sql":"SELECT *  
                FROM users 
                WHERE `user_id` = :keyVal","data":[{"id":1,"user_id":"87ff2891-a223-4f3e-8e65-cfbd5db3c717","first_name":"Sarah","last_name":"King","email":"sarah@itamer.com"}]} 
INFO | 2024-10-12, 2:38 am > getRecord | {"sql":"SELECT *  
                FROM users 
                WHERE `user_id` = :keyVal","data":[{"id":1,"user_id":"87ff2891-a223-4f3e-8e65-cfbd5db3c717","first_name":"Sarah","last_name":"King","email":"sarah@itamer.com"}]} 
INFO | 2024-10-12, 2:39 am > getRecord | {"sql":"SELECT *  
                FROM users 
                WHERE `user_id` = :keyVal","data":[{"id":1,"user_id":"87ff2891-a223-4f3e-8e65-cfbd5db3c717","first_name":"Sarah","last_name":"King","email":"sarah@itamer.com"}]} 
INFO | 2024-10-12, 2:39 am > getRecord | {"sql":"SELECT *  
                FROM users 
                WHERE `user_id` = :keyVal","data":[{"id":1,"user_id":"87ff2891-a223-4f3e-8e65-cfbd5db3c717","first_name":"Sarah","last_name":"King","email":"sarah@itamer.com"}]} 
INFO | 2024-10-12, 2:39 am > getRecord | {"sql":"SELECT *  
                FROM users 
                WHERE `user_id` = :keyVal","data":[{"id":1,"user_id":"87ff2891-a223-4f3e-8e65-cfbd5db3c717","first_name":"Sarah","last_name":"King","email":"sarah@itamer.com"}]} 
INFO | 2024-10-12, 2:40 am > getRecord | {"sql":"SELECT *  
                FROM users 
                WHERE `user_id` = :keyVal","data":[{"id":1,"user_id":"87ff2891-a223-4f3e-8e65-cfbd5db3c717","first_name":"Sarah","last_name":"King","email":"sarah@itamer.com"}]} 
INFO | 2024-10-12, 2:50 am > getRecord | {"sql":"SELECT *  
                FROM users 
                WHERE `user_id` = :keyVal","data":[{"id":1,"user_id":"87ff2891-a223-4f3e-8e65-cfbd5db3c717","first_name":"Sarah","last_name":"King","email":"sarah@itamer.com"}]} 
INFO | 2024-10-12, 2:51 am > getRecord | {"sql":"SELECT *  
                FROM users 
                WHERE `user_id` = :keyVal","data":[{"id":1,"user_id":"87ff2891-a223-4f3e-8e65-cfbd5db3c717","first_name":"Sarah","last_name":"King","email":"sarah@itamer.com"}]} 
INFO | 2024-10-12, 2:51 am > getRecord | {"sql":"SELECT *  
                FROM users 
                WHERE `user_id` = :keyVal","data":[{"id":1,"user_id":"87ff2891-a223-4f3e-8e65-cfbd5db3c717","first_name":"Sarah","last_name":"King","email":"sarah@itamer.com"}]} 
INFO | 2024-10-12, 3:11 am > getRecord | {"sql":"SELECT *  
                FROM users 
                WHERE `user_id` = :keyVal","data":[{"id":1,"user_id":"87ff2891-a223-4f3e-8e65-cfbd5db3c717","first_name":"Sarah","last_name":"King","email":"sarah@itamer.com"}]} 
INFO | 2024-10-12, 3:13 am > getRecord | {"sql":"SELECT *  
                FROM users 
                WHERE `user_id` = :keyVal","data":[{"id":1,"user_id":"87ff2891-a223-4f3e-8e65-cfbd5db3c717","first_name":"Sarah","last_name":"King","email":"sarah@itamer.com"}]} 
INFO | 2024-10-12, 3:13 am > getRecord | {"sql":"SELECT *  
                FROM users 
                WHERE `user_id` = :keyVal","data":[{"id":1,"user_id":"87ff2891-a223-4f3e-8e65-cfbd5db3c717","first_name":"Sarah","last_name":"King","email":"sarah@itamer.com"}]} 
INFO | 2024-10-12, 3:18 am > getRecord | {"sql":"SELECT *  
                FROM users 
                WHERE `user_id` = :keyVal","data":[{"id":1,"user_id":"87ff2891-a223-4f3e-8e65-cfbd5db3c717","first_name":"Sarah","last_name":"King","email":"sarah@itamer.com"}]} 
INFO | 2024-10-12, 3:18 am > getRecord | {"sql":"SELECT *  
                FROM users 
                WHERE `user_id` = :keyVal","data":[{"id":1,"user_id":"87ff2891-a223-4f3e-8e65-cfbd5db3c717","first_name":"Sarah","last_name":"King","email":"sarah@itamer.com"}]} 
INFO | 2024-10-12, 3:19 am > getRecord | {"sql":"SELECT *  
                FROM users 
                WHERE `user_id` = :keyVal","data":[{"id":1,"user_id":"87ff2891-a223-4f3e-8e65-cfbd5db3c717","first_name":"Sarah","last_name":"King","email":"sarah@itamer.com"}]} 
INFO | 2024-10-12, 3:30 am > getRecord | {"sql":"SELECT *  
                FROM users 
                WHERE `user_id` = :keyVal","data":[{"id":1,"user_id":"87ff2891-a223-4f3e-8e65-cfbd5db3c717","first_name":"Sarah","last_name":"King","email":"sarah@itamer.com"}]} 
INFO | 2024-10-12, 3:31 am > getRecord | {"sql":"SELECT *  
                FROM users 
                WHERE `user_id` = :keyVal","data":[{"id":1,"user_id":"87ff2891-a223-4f3e-8e65-cfbd5db3c717","first_name":"Sarah","last_name":"King","email":"sarah@itamer.com"}]} 
INFO | 2024-10-12, 3:31 am > getRecord | {"sql":"SELECT *  
                FROM users 
                WHERE `user_id` = :keyVal","data":[{"id":1,"user_id":"87ff2891-a223-4f3e-8e65-cfbd5db3c717","first_name":"Sarah","last_name":"King","email":"sarah@itamer.com"}]} 
INFO | 2024-10-12, 3:31 am > getRecord | {"sql":"SELECT *  
                FROM users 
                WHERE `user_id` = :keyVal","data":[{"id":1,"user_id":"87ff2891-a223-4f3e-8e65-cfbd5db3c717","first_name":"Sarah","last_name":"King","email":"sarah@itamer.com"}]} 
INFO | 2024-10-12, 3:37 am > getRecord | {"sql":"SELECT *  
                FROM users 
                WHERE `user_id` = :keyVal","data":[{"id":1,"user_id":"87ff2891-a223-4f3e-8e65-cfbd5db3c717","first_name":"Sarah","last_name":"King","email":"sarah@itamer.com"}]} 
INFO | 2024-10-12, 3:40 am > getRecord | {"sql":"SELECT *  
                FROM users 
                WHERE `user_id` = :keyVal","data":[{"id":1,"user_id":"87ff2891-a223-4f3e-8e65-cfbd5db3c717","first_name":"Sarah","last_name":"King","email":"sarah@itamer.com"}]} 
INFO | 2024-10-12, 3:42 am > getRecord | {"sql":"SELECT *  
                FROM users 
                WHERE `user_id` = :keyVal","data":[{"id":1,"user_id":"87ff2891-a223-4f3e-8e65-cfbd5db3c717","first_name":"Sarah","last_name":"King","email":"sarah@itamer.com"}]} 
INFO | 2024-10-12, 3:43 am > getRecord | {"sql":"SELECT *  
                FROM users 
                WHERE `user_id` = :keyVal","data":[{"id":1,"user_id":"87ff2891-a223-4f3e-8e65-cfbd5db3c717","first_name":"Sarah","last_name":"King","email":"sarah@itamer.com"}]} 
INFO | 2024-10-12, 3:44 am > getRecord | {"sql":"SELECT *  
                FROM users 
                WHERE `user_id` = :keyVal","data":[{"id":1,"user_id":"87ff2891-a223-4f3e-8e65-cfbd5db3c717","first_name":"Sarah","last_name":"King","email":"sarah@itamer.com"}]} 
INFO | 2024-10-12, 3:49 am > getRecord | {"sql":"SELECT *  
                FROM users 
                WHERE `user_id` = :keyVal","data":[{"id":1,"user_id":"87ff2891-a223-4f3e-8e65-cfbd5db3c717","first_name":"Sarah","last_name":"King","email":"sarah@itamer.com"}]} 
INFO | 2024-10-12, 3:49 am > getRecord | {"sql":"SELECT *  
                FROM users 
                WHERE `user_id` = :keyVal","data":[{"id":1,"user_id":"87ff2891-a223-4f3e-8e65-cfbd5db3c717","first_name":"Sarah","last_name":"King","email":"sarah@itamer.com"}]} 
INFO | 2024-10-12, 3:51 am > getRecord | {"sql":"SELECT *  
                FROM users 
                WHERE `user_id` = :keyVal","data":[{"id":1,"user_id":"87ff2891-a223-4f3e-8e65-cfbd5db3c717","first_name":"Sarah","last_name":"King","email":"sarah@itamer.com"}]} 
INFO | 2024-10-12, 3:52 am > getRecord | {"sql":"SELECT *  
                FROM users 
                WHERE `user_id` = :keyVal","data":[{"id":1,"user_id":"87ff2891-a223-4f3e-8e65-cfbd5db3c717","first_name":"Sarah","last_name":"King","email":"sarah@itamer.com"}]} 
INFO | 2024-10-12, 3:57 am > getRecord | {"sql":"SELECT *  
                FROM users 
                WHERE `user_id` = :keyVal","data":[{"id":1,"user_id":"87ff2891-a223-4f3e-8e65-cfbd5db3c717","first_name":"Sarah","last_name":"King","email":"sarah@itamer.com"}]} 
INFO | 2024-10-12, 3:57 am > getRecord | {"sql":"SELECT *  
                FROM users 
                WHERE `user_id` = :keyVal","data":[{"id":1,"user_id":"87ff2891-a223-4f3e-8e65-cfbd5db3c717","first_name":"Sarah","last_name":"King","email":"sarah@itamer.com"}]} 
INFO | 2024-10-12, 3:58 am > getRecord | {"sql":"SELECT *  
                FROM users 
                WHERE `user_id` = :keyVal","data":[{"id":1,"user_id":"87ff2891-a223-4f3e-8e65-cfbd5db3c717","first_name":"Sarah","last_name":"King","email":"sarah@itamer.com"}]} 
INFO | 2024-10-14, 12:42 am > getRecord | {"sql":"SELECT *  
                FROM users 
                WHERE `user_id` = :keyVal","data":[{"id":1,"user_id":"87ff2891-a223-4f3e-8e65-cfbd5db3c717","first_name":"Sarah","last_name":"King","email":"sarah@itamer.com"}]} 
INFO | 2024-10-14, 12:47 am > getRecord | {"sql":"SELECT *  
                FROM users 
                WHERE `user_id` = :keyVal","data":[{"id":1,"user_id":"87ff2891-a223-4f3e-8e65-cfbd5db3c717","first_name":"Sarah","last_name":"King","email":"sarah@itamer.com"}]} 
INFO | 2024-10-14, 12:48 am > getRecord | {"sql":"SELECT *  
                FROM users 
                WHERE `user_id` = :keyVal","data":[{"id":1,"user_id":"87ff2891-a223-4f3e-8e65-cfbd5db3c717","first_name":"Sarah","last_name":"King","email":"sarah@itamer.com"}]} 
INFO | 2024-10-14, 12:48 am > getRecord | {"sql":"SELECT *  
                FROM users 
                WHERE `user_id` = :keyVal","data":[{"id":1,"user_id":"87ff2891-a223-4f3e-8e65-cfbd5db3c717","first_name":"Sarah","last_name":"King","email":"sarah@itamer.com"}]} 
INFO | 2024-10-14, 12:50 am > getRecord | {"sql":"SELECT *  
                FROM users 
                WHERE `user_id` = :keyVal","data":[{"id":1,"user_id":"87ff2891-a223-4f3e-8e65-cfbd5db3c717","first_name":"Sarah","last_name":"King","email":"sarah@itamer.com"}]} 
INFO | 2024-10-14, 12:51 am > getRecord | {"sql":"SELECT *  
                FROM users 
                WHERE `user_id` = :keyVal","data":[{"id":1,"user_id":"87ff2891-a223-4f3e-8e65-cfbd5db3c717","first_name":"Sarah","last_name":"King","email":"sarah@itamer.com"}]} 
INFO | 2024-10-14, 12:53 am > getRecord | {"sql":"SELECT *  
                FROM users 
                WHERE `user_id` = :keyVal","data":[{"id":1,"user_id":"87ff2891-a223-4f3e-8e65-cfbd5db3c717","first_name":"Sarah","last_name":"King","email":"sarah@itamer.com"}]} 
INFO | 2024-10-14, 12:54 am > getRecord | {"sql":"SELECT *  
                FROM users 
                WHERE `user_id` = :keyVal","data":[{"id":1,"user_id":"87ff2891-a223-4f3e-8e65-cfbd5db3c717","first_name":"Sarah","last_name":"King","email":"sarah@itamer.com"}]} 
INFO | 2024-10-14, 12:54 am > getRecord | {"sql":"SELECT *  
                FROM users 
                WHERE `user_id` = :keyVal","data":[{"id":1,"user_id":"87ff2891-a223-4f3e-8e65-cfbd5db3c717","first_name":"Sarah","last_name":"King","email":"sarah@itamer.com"}]} 
INFO | 2024-10-14, 12:54 am > getRecord | {"sql":"SELECT *  
                FROM users 
                WHERE `user_id` = :keyVal","data":[{"id":1,"user_id":"87ff2891-a223-4f3e-8e65-cfbd5db3c717","first_name":"Sarah","last_name":"King","email":"sarah@itamer.com"}]} 
INFO | 2024-10-14, 12:57 am > getRecord | {"sql":"SELECT *  
                FROM users 
                WHERE `user_id` = :keyVal","data":[{"id":1,"user_id":"87ff2891-a223-4f3e-8e65-cfbd5db3c717","first_name":"Sarah","last_name":"King","email":"sarah@itamer.com"}]} 
INFO | 2024-10-14, 1:08 am > getRecord | {"sql":"SELECT *  
                FROM users 
                WHERE `user_id` = :keyVal","data":[{"id":1,"user_id":"87ff2891-a223-4f3e-8e65-cfbd5db3c717","first_name":"Sarah","last_name":"King","email":"sarah@itamer.com"}]} 
INFO | 2024-10-14, 1:08 am > getRecord | {"sql":"SELECT *  
                FROM users 
                WHERE `user_id` = :keyVal","data":[{"id":1,"user_id":"87ff2891-a223-4f3e-8e65-cfbd5db3c717","first_name":"Sarah","last_name":"King","email":"sarah@itamer.com"}]} 
INFO | 2024-10-14, 1:44 am > getRecord | {"sql":"SELECT *  
                FROM users 
                WHERE `user_id` = :keyVal","data":[{"id":1,"user_id":"87ff2891-a223-4f3e-8e65-cfbd5db3c717","first_name":"Sarah","last_name":"King","email":"sarah@itamer.com"}]} 
INFO | 2024-10-14, 1:44 am > getRecord | {"sql":"SELECT *  
                FROM users 
                WHERE `user_id` = :keyVal","data":[{"id":1,"user_id":"87ff2891-a223-4f3e-8e65-cfbd5db3c717","first_name":"Sarah","last_name":"King","email":"sarah@itamer.com"}]} 
INFO | 2024-10-14, 1:46 am > getRecord | {"sql":"SELECT *  
                FROM users 
                WHERE `user_id` = :keyVal","data":[{"id":1,"user_id":"87ff2891-a223-4f3e-8e65-cfbd5db3c717","first_name":"Sarah","last_name":"King","email":"sarah@itamer.com"}]} 
INFO | 2024-10-14, 1:53 am > getRecord | {"sql":"SELECT *  
                FROM users 
                WHERE `user_id` = :keyVal","data":[{"id":1,"user_id":"87ff2891-a223-4f3e-8e65-cfbd5db3c717","first_name":"Sarah","last_name":"King","email":"sarah@itamer.com"}]} 
INFO | 2024-10-14, 2:01 am > getRecord | {"sql":"SELECT *  
                FROM users 
                WHERE `user_id` = :keyVal","data":[{"id":1,"user_id":"87ff2891-a223-4f3e-8e65-cfbd5db3c717","first_name":"Sarah","last_name":"King","email":"sarah@itamer.com"}]} 
INFO | 2024-10-14, 8:26 am > getRecord | {"sql":"SELECT *  
                FROM users 
                WHERE `user_id` = :keyVal","data":[{"id":1,"user_id":"87ff2891-a223-4f3e-8e65-cfbd5db3c717","first_name":"Sarah","last_name":"King","email":"sarah@itamer.com"}]} 
INFO | 2024-10-14, 8:27 am > getRecord | {"sql":"SELECT *  
                FROM users 
                WHERE `user_id` = :keyVal","data":[{"id":1,"user_id":"87ff2891-a223-4f3e-8e65-cfbd5db3c717","first_name":"Sarah","last_name":"King","email":"sarah@itamer.com"}]} 
INFO | 2024-10-14, 8:27 am > getRecord | {"sql":"SELECT *  
                FROM users 
                WHERE `user_id` = :keyVal","data":[{"id":1,"user_id":"87ff2891-a223-4f3e-8e65-cfbd5db3c717","first_name":"Sarah","last_name":"King","email":"sarah@itamer.com"}]} 
INFO | 2024-10-14, 8:29 am > getRecord | {"sql":"SELECT *  
                FROM users 
                WHERE `user_id` = :keyVal","data":[{"id":1,"user_id":"87ff2891-a223-4f3e-8e65-cfbd5db3c717","first_name":"Sarah","last_name":"King","email":"sarah@itamer.com"}]} 
INFO | 2024-10-14, 8:29 am > getRecord | {"sql":"SELECT *  
                FROM users 
                WHERE `user_id` = :keyVal","data":[{"id":1,"user_id":"87ff2891-a223-4f3e-8e65-cfbd5db3c717","first_name":"Sarah","last_name":"King","email":"sarah@itamer.com"}]} 
INFO | 2024-10-14, 8:34 am > getRecord | {"sql":"SELECT *  
                FROM users 
                WHERE `user_id` = :keyVal","data":[{"id":1,"user_id":"87ff2891-a223-4f3e-8e65-cfbd5db3c717","first_name":"Sarah","last_name":"King","email":"sarah@itamer.com"}]} 
INFO | 2024-10-14, 8:34 am > getRecord | {"sql":"SELECT *  
                FROM users 
                WHERE `user_id` = :keyVal","data":[{"id":1,"user_id":"87ff2891-a223-4f3e-8e65-cfbd5db3c717","first_name":"Sarah","last_name":"King","email":"sarah@itamer.com"}]} 
INFO | 2024-10-14, 8:37 am > getRecord | {"sql":"SELECT *  
                FROM users 
                WHERE `user_id` = :keyVal","data":[{"id":1,"user_id":"87ff2891-a223-4f3e-8e65-cfbd5db3c717","first_name":"Sarah","last_name":"King","email":"sarah@itamer.com"}]} 
INFO | 2024-10-14, 8:39 am > getRecord | {"sql":"SELECT *  
                FROM users 
                WHERE `user_id` = :keyVal","data":[{"id":1,"user_id":"87ff2891-a223-4f3e-8e65-cfbd5db3c717","first_name":"Sarah","last_name":"King","email":"sarah@itamer.com"}]} 
INFO | 2024-10-14, 8:40 am > getRecord | {"sql":"SELECT *  
                FROM users 
                WHERE `user_id` = :keyVal","data":[{"id":1,"user_id":"87ff2891-a223-4f3e-8e65-cfbd5db3c717","first_name":"Sarah","last_name":"King","email":"sarah@itamer.com"}]} 
INFO | 2024-10-14, 8:56 am > getRecord | {"sql":"SELECT *  
                FROM users 
                WHERE `user_id` = :keyVal","data":[{"id":1,"user_id":"87ff2891-a223-4f3e-8e65-cfbd5db3c717","first_name":"Sarah","last_name":"King","email":"sarah@itamer.com"}]} 
INFO | 2024-10-14, 8:57 am > getRecord | {"sql":"SELECT *  
                FROM users 
                WHERE `user_id` = :keyVal","data":[{"id":1,"user_id":"87ff2891-a223-4f3e-8e65-cfbd5db3c717","first_name":"Sarah","last_name":"King","email":"sarah@itamer.com"}]} 
INFO | 2024-10-14, 8:59 am > getRecord | {"sql":"SELECT *  
                FROM users 
                WHERE `user_id` = :keyVal","data":[{"id":1,"user_id":"87ff2891-a223-4f3e-8e65-cfbd5db3c717","first_name":"Sarah","last_name":"King","email":"sarah@itamer.com"}]} 
INFO | 2024-10-14, 9:00 am > getRecord | {"sql":"SELECT *  
                FROM users 
                WHERE `user_id` = :keyVal","data":[{"id":1,"user_id":"87ff2891-a223-4f3e-8e65-cfbd5db3c717","first_name":"Sarah","last_name":"King","email":"sarah@itamer.com"}]} 
INFO | 2024-10-14, 9:00 am > getRecord | {"sql":"SELECT *  
                FROM users 
                WHERE `user_id` = :keyVal","data":[{"id":1,"user_id":"87ff2891-a223-4f3e-8e65-cfbd5db3c717","first_name":"Sarah","last_name":"King","email":"sarah@itamer.com"}]} 
INFO | 2024-10-14, 9:00 am > getRecord | {"sql":"SELECT *  
                FROM users 
                WHERE `user_id` = :keyVal","data":[{"id":1,"user_id":"87ff2891-a223-4f3e-8e65-cfbd5db3c717","first_name":"Sarah","last_name":"King","email":"sarah@itamer.com"}]} 
INFO | 2024-10-14, 9:00 am > getRecord | {"sql":"SELECT *  
                FROM users 
                WHERE `user_id` = :keyVal","data":[{"id":1,"user_id":"87ff2891-a223-4f3e-8e65-cfbd5db3c717","first_name":"Sarah","last_name":"King","email":"sarah@itamer.com"}]} 
INFO | 2024-10-14, 9:01 am > getRecord | {"sql":"SELECT *  
                FROM users 
                WHERE `user_id` = :keyVal","data":[{"id":1,"user_id":"87ff2891-a223-4f3e-8e65-cfbd5db3c717","first_name":"Sarah","last_name":"King","email":"sarah@itamer.com"}]} 
INFO | 2024-10-14, 9:03 am > getRecord | {"sql":"SELECT *  
                FROM users 
                WHERE `user_id` = :keyVal","data":[{"id":1,"user_id":"87ff2891-a223-4f3e-8e65-cfbd5db3c717","first_name":"Sarah","last_name":"King","email":"sarah@itamer.com"}]} 
INFO | 2024-10-14, 9:04 am > getRecord | {"sql":"SELECT *  
                FROM users 
                WHERE `user_id` = :keyVal","data":[{"id":1,"user_id":"87ff2891-a223-4f3e-8e65-cfbd5db3c717","first_name":"Sarah","last_name":"King","email":"sarah@itamer.com"}]} 
INFO | 2024-10-14, 10:59 pm > getRecord | {"sql":"SELECT *  
                FROM users 
                WHERE `user_id` = :keyVal","data":[{"id":1,"user_id":"87ff2891-a223-4f3e-8e65-cfbd5db3c717","first_name":"Sarah","last_name":"King","email":"sarah@itamer.com"}]} 
INFO | 2024-10-14, 11:16 pm > getRecord | {"sql":"SELECT *  
                FROM users 
                WHERE `user_id` = :keyVal","data":[{"id":1,"user_id":"87ff2891-a223-4f3e-8e65-cfbd5db3c717","first_name":"Sarah","last_name":"King","email":"sarah@itamer.com"}]} 
INFO | 2024-10-14, 11:19 pm > getRecord | {"sql":"SELECT *  
                FROM users 
                WHERE `user_id` = :keyVal","data":[{"id":1,"user_id":"87ff2891-a223-4f3e-8e65-cfbd5db3c717","first_name":"Sarah","last_name":"King","email":"sarah@itamer.com"}]} 
INFO | 2024-10-14, 11:20 pm > getRecord | {"sql":"SELECT *  
                FROM users 
                WHERE `user_id` = :keyVal","data":[{"id":1,"user_id":"87ff2891-a223-4f3e-8e65-cfbd5db3c717","first_name":"Sarah","last_name":"King","email":"sarah@itamer.com"}]} 
INFO | 2024-10-14, 11:24 pm > getRecord | {"sql":"SELECT *  
                FROM users 
                WHERE `user_id` = :keyVal","data":[{"id":1,"user_id":"87ff2891-a223-4f3e-8e65-cfbd5db3c717","first_name":"Sarah","last_name":"King","email":"sarah@itamer.com"}]} 
INFO | 2024-10-14, 11:25 pm > getRecord | {"sql":"SELECT *  
                FROM users 
                WHERE `user_id` = :keyVal","data":[{"id":1,"user_id":"87ff2891-a223-4f3e-8e65-cfbd5db3c717","first_name":"Sarah","last_name":"King","email":"sarah@itamer.com"}]} 
INFO | 2024-10-14, 11:26 pm > getRecord | {"sql":"SELECT *  
                FROM users 
                WHERE `user_id` = :keyVal","data":[{"id":1,"user_id":"87ff2891-a223-4f3e-8e65-cfbd5db3c717","first_name":"Sarah","last_name":"King","email":"sarah@itamer.com"}]} 
INFO | 2024-10-14, 11:41 pm > getRecord | {"sql":"SELECT *  
                FROM users 
                WHERE `user_id` = :keyVal","data":[{"id":1,"user_id":"87ff2891-a223-4f3e-8e65-cfbd5db3c717","first_name":"Sarah","last_name":"King","email":"sarah@itamer.com"}]} 
INFO | 2024-10-14, 11:41 pm > getRecord | {"sql":"SELECT *  
                FROM users 
                WHERE `user_id` = :keyVal","data":[{"id":1,"user_id":"87ff2891-a223-4f3e-8e65-cfbd5db3c717","first_name":"Sarah","last_name":"King","email":"sarah@itamer.com"}]} 
INFO | 2024-10-14, 11:43 pm > getRecord | {"sql":"SELECT *  
                FROM users 
                WHERE `user_id` = :keyVal","data":[{"id":1,"user_id":"87ff2891-a223-4f3e-8e65-cfbd5db3c717","first_name":"Sarah","last_name":"King","email":"sarah@itamer.com"}]} 
INFO | 2024-10-14, 11:49 pm > getRecord | {"sql":"SELECT *  
                FROM users 
                WHERE `user_id` = :keyVal","data":[{"id":1,"user_id":"87ff2891-a223-4f3e-8e65-cfbd5db3c717","first_name":"Sarah","last_name":"King","email":"sarah@itamer.com"}]} 
INFO | 2024-10-15, 12:02 am > getRecord | {"sql":"SELECT *  
                FROM users 
                WHERE `user_id` = :keyVal","data":[{"id":1,"user_id":"87ff2891-a223-4f3e-8e65-cfbd5db3c717","first_name":"Sarah","last_name":"King","email":"sarah@itamer.com"}]} 
INFO | 2024-10-15, 12:02 am > getRecord | {"sql":"SELECT *  
                FROM users 
                WHERE `user_id` = :keyVal","data":[{"id":1,"user_id":"87ff2891-a223-4f3e-8e65-cfbd5db3c717","first_name":"Sarah","last_name":"King","email":"sarah@itamer.com"}]} 
INFO | 2024-10-15, 12:06 am > getRecord | {"sql":"SELECT *  
                FROM users 
                WHERE `user_id` = :keyVal","data":[{"id":1,"user_id":"87ff2891-a223-4f3e-8e65-cfbd5db3c717","first_name":"Sarah","last_name":"King","email":"sarah@itamer.com"}]} 
INFO | 2024-10-15, 12:08 am > getRecord | {"sql":"SELECT *  
                FROM users 
                WHERE `user_id` = :keyVal","data":[{"id":1,"user_id":"87ff2891-a223-4f3e-8e65-cfbd5db3c717","first_name":"Sarah","last_name":"King","email":"sarah@itamer.com"}]} 
INFO | 2024-10-15, 12:10 am > getRecord | {"sql":"SELECT *  
                FROM users 
                WHERE `user_id` = :keyVal","data":[{"id":1,"user_id":"87ff2891-a223-4f3e-8e65-cfbd5db3c717","first_name":"Sarah","last_name":"King","email":"sarah@itamer.com"}]} 
INFO | 2024-10-15, 12:14 am > getRecord | {"sql":"SELECT *  
                FROM users 
                WHERE `user_id` = :keyVal","data":[{"id":1,"user_id":"87ff2891-a223-4f3e-8e65-cfbd5db3c717","first_name":"Sarah","last_name":"King","email":"sarah@itamer.com"}]} 
INFO | 2024-10-15, 12:16 am > getRecord | {"sql":"SELECT *  
                FROM users 
                WHERE `user_id` = :keyVal","data":[{"id":1,"user_id":"87ff2891-a223-4f3e-8e65-cfbd5db3c717","first_name":"Sarah","last_name":"King","email":"sarah@itamer.com"}]} 
INFO | 2024-10-15, 12:20 am > getRecord | {"sql":"SELECT *  
                FROM users 
                WHERE `user_id` = :keyVal","data":[{"id":1,"user_id":"87ff2891-a223-4f3e-8e65-cfbd5db3c717","first_name":"Sarah","last_name":"King","email":"sarah@itamer.com"}]} 
INFO | 2024-10-15, 12:27 am > getRecord | {"sql":"SELECT *  
                FROM users 
                WHERE `user_id` = :keyVal","data":[{"id":1,"user_id":"87ff2891-a223-4f3e-8e65-cfbd5db3c717","first_name":"Sarah","last_name":"King","email":"sarah@itamer.com"}]} 
INFO | 2024-10-15, 12:38 am > getRecord | {"sql":"SELECT *  
                FROM users 
                WHERE `user_id` = :keyVal","data":[{"id":1,"user_id":"87ff2891-a223-4f3e-8e65-cfbd5db3c717","first_name":"Sarah","last_name":"King","email":"sarah@itamer.com"}]} 
INFO | 2024-10-15, 12:40 am > getRecord | {"sql":"SELECT *  
                FROM users 
                WHERE `user_id` = :keyVal","data":[{"id":1,"user_id":"87ff2891-a223-4f3e-8e65-cfbd5db3c717","first_name":"Sarah","last_name":"King","email":"sarah@itamer.com"}]} 
INFO | 2024-10-15, 12:41 am > getRecord | {"sql":"SELECT *  
                FROM users 
                WHERE `user_id` = :keyVal","data":[{"id":1,"user_id":"87ff2891-a223-4f3e-8e65-cfbd5db3c717","first_name":"Sarah","last_name":"King","email":"sarah@itamer.com"}]} 
INFO | 2024-10-15, 12:52 am > getRecord | {"sql":"SELECT *  
                FROM users 
                WHERE `user_id` = :keyVal","data":[{"id":1,"user_id":"87ff2891-a223-4f3e-8e65-cfbd5db3c717","first_name":"Sarah","last_name":"King","email":"sarah@itamer.com"}]} 
INFO | 2024-10-15, 12:56 am > getRecord | {"sql":"SELECT *  
                FROM users 
                WHERE `user_id` = :keyVal","data":[{"id":1,"user_id":"87ff2891-a223-4f3e-8e65-cfbd5db3c717","first_name":"Sarah","last_name":"King","email":"sarah@itamer.com"}]} 
INFO | 2024-10-15, 12:58 am > getRecord | {"sql":"SELECT *  
                FROM users 
                WHERE `user_id` = :keyVal","data":[{"id":1,"user_id":"87ff2891-a223-4f3e-8e65-cfbd5db3c717","first_name":"Sarah","last_name":"King","email":"sarah@itamer.com"}]} 
INFO | 2024-10-15, 1:03 am > getRecord | {"sql":"SELECT *  
                FROM users 
                WHERE `user_id` = :keyVal","data":[{"id":1,"user_id":"87ff2891-a223-4f3e-8e65-cfbd5db3c717","first_name":"Sarah","last_name":"King","email":"sarah@itamer.com"}]} 
INFO | 2024-10-15, 1:09 am > getRecord | {"sql":"SELECT *  
                FROM users 
                WHERE `user_id` = :keyVal","data":[{"id":1,"user_id":"87ff2891-a223-4f3e-8e65-cfbd5db3c717","first_name":"Sarah","last_name":"King","email":"sarah@itamer.com"}]} 
INFO | 2024-10-15, 5:26 am > getRecord | {"sql":"SELECT *  
                FROM users 
                WHERE `user_id` = :keyVal","data":[{"id":1,"user_id":"87ff2891-a223-4f3e-8e65-cfbd5db3c717","first_name":"Sarah","last_name":"King","email":"sarah@itamer.com"}]} 
INFO | 2024-10-15, 5:27 am > getRecord | {"sql":"SELECT *  
                FROM users 
                WHERE `user_id` = :keyVal","data":[{"id":1,"user_id":"87ff2891-a223-4f3e-8e65-cfbd5db3c717","first_name":"Sarah","last_name":"King","email":"sarah@itamer.com"}]} 
INFO | 2024-10-15, 5:31 am > getRecord | {"sql":"SELECT *  
                FROM users 
                WHERE `user_id` = :keyVal","data":[{"id":1,"user_id":"87ff2891-a223-4f3e-8e65-cfbd5db3c717","first_name":"Sarah","last_name":"King","email":"sarah@itamer.com"}]} 
INFO | 2024-10-15, 5:35 am > getRecord | {"sql":"SELECT *  
                FROM users 
                WHERE `user_id` = :keyVal","data":[{"id":1,"user_id":"87ff2891-a223-4f3e-8e65-cfbd5db3c717","first_name":"Sarah","last_name":"King","email":"sarah@itamer.com"}]} 
INFO | 2024-10-15, 5:37 am > getRecord | {"sql":"SELECT *  
                FROM users 
                WHERE `user_id` = :keyVal","data":[{"id":1,"user_id":"87ff2891-a223-4f3e-8e65-cfbd5db3c717","first_name":"Sarah","last_name":"King","email":"sarah@itamer.com"}]} 
INFO | 2024-10-15, 5:41 am > getRecord | {"sql":"SELECT *  
                FROM users 
                WHERE `user_id` = :keyVal","data":[{"id":1,"user_id":"87ff2891-a223-4f3e-8e65-cfbd5db3c717","first_name":"Sarah","last_name":"King","email":"sarah@itamer.com"}]} 
INFO | 2024-10-15, 5:44 am > getRecord | {"sql":"SELECT *  
                FROM users 
                WHERE `user_id` = :keyVal","data":[{"id":1,"user_id":"87ff2891-a223-4f3e-8e65-cfbd5db3c717","first_name":"Sarah","last_name":"King","email":"sarah@itamer.com"}]} 
INFO | 2024-10-15, 5:44 am > getRecord | {"sql":"SELECT *  
                FROM users 
                WHERE `user_id` = :keyVal","data":[{"id":1,"user_id":"87ff2891-a223-4f3e-8e65-cfbd5db3c717","first_name":"Sarah","last_name":"King","email":"sarah@itamer.com"}]} 
INFO | 2024-10-15, 5:44 am > getRecord | {"sql":"SELECT *  
                FROM users 
                WHERE `user_id` = :keyVal","data":[{"id":1,"user_id":"87ff2891-a223-4f3e-8e65-cfbd5db3c717","first_name":"Sarah","last_name":"King","email":"sarah@itamer.com"}]} 
INFO | 2024-10-15, 5:45 am > getRecord | {"sql":"SELECT *  
                FROM users 
                WHERE `user_id` = :keyVal","data":[{"id":1,"user_id":"87ff2891-a223-4f3e-8e65-cfbd5db3c717","first_name":"Sarah","last_name":"King","email":"sarah@itamer.com"}]} 
INFO | 2024-10-15, 5:45 am > getRecord | {"sql":"SELECT *  
                FROM users 
                WHERE `user_id` = :keyVal","data":[{"id":1,"user_id":"87ff2891-a223-4f3e-8e65-cfbd5db3c717","first_name":"Sarah","last_name":"King","email":"sarah@itamer.com"}]} 
INFO | 2024-10-15, 5:46 am > getRecord | {"sql":"SELECT *  
                FROM users 
                WHERE `user_id` = :keyVal","data":[{"id":1,"user_id":"87ff2891-a223-4f3e-8e65-cfbd5db3c717","first_name":"Sarah","last_name":"King","email":"sarah@itamer.com"}]} 
INFO | 2024-10-15, 5:47 am > getRecord | {"sql":"SELECT *  
                FROM users 
                WHERE `user_id` = :keyVal","data":[{"id":1,"user_id":"87ff2891-a223-4f3e-8e65-cfbd5db3c717","first_name":"Sarah","last_name":"King","email":"sarah@itamer.com"}]} 
INFO | 2024-10-15, 5:48 am > getRecord | {"sql":"SELECT *  
                FROM users 
                WHERE `user_id` = :keyVal","data":[{"id":1,"user_id":"87ff2891-a223-4f3e-8e65-cfbd5db3c717","first_name":"Sarah","last_name":"King","email":"sarah@itamer.com"}]} 
INFO | 2024-10-15, 11:06 pm > getRecord | {"sql":"SELECT *  
                FROM users 
                WHERE `user_id` = :keyVal","data":[{"id":1,"user_id":"87ff2891-a223-4f3e-8e65-cfbd5db3c717","first_name":"Sarah","last_name":"King","email":"sarah@itamer.com"}]} 
INFO | 2024-10-15, 11:07 pm > getRecord | {"sql":"SELECT *  
                FROM users 
                WHERE `user_id` = :keyVal","data":[{"id":1,"user_id":"87ff2891-a223-4f3e-8e65-cfbd5db3c717","first_name":"Sarah","last_name":"King","email":"sarah@itamer.com"}]} 
INFO | 2024-10-15, 11:08 pm > getRecord | {"sql":"SELECT *  
                FROM users 
                WHERE `user_id` = :keyVal","data":[{"id":1,"user_id":"87ff2891-a223-4f3e-8e65-cfbd5db3c717","first_name":"Sarah","last_name":"King","email":"sarah@itamer.com"}]} 
INFO | 2024-10-15, 11:14 pm > getRecord | {"sql":"SELECT *  
                FROM users 
                WHERE `user_id` = :keyVal","data":[{"id":1,"user_id":"87ff2891-a223-4f3e-8e65-cfbd5db3c717","first_name":"Sarah","last_name":"King","email":"sarah@itamer.com"}]} 
INFO | 2024-10-15, 11:14 pm > getRecord | {"sql":"SELECT *  
                FROM users 
                WHERE `user_id` = :keyVal","data":[{"id":1,"user_id":"87ff2891-a223-4f3e-8e65-cfbd5db3c717","first_name":"Sarah","last_name":"King","email":"sarah@itamer.com"}]} 
INFO | 2024-10-15, 11:15 pm > getRecord | {"sql":"SELECT *  
                FROM users 
                WHERE `user_id` = :keyVal","data":[{"id":1,"user_id":"87ff2891-a223-4f3e-8e65-cfbd5db3c717","first_name":"Sarah","last_name":"King","email":"sarah@itamer.com"}]} 
INFO | 2024-10-15, 11:16 pm > getRecord | {"sql":"SELECT *  
                FROM users 
                WHERE `user_id` = :keyVal","data":[{"id":1,"user_id":"87ff2891-a223-4f3e-8e65-cfbd5db3c717","first_name":"Sarah","last_name":"King","email":"sarah@itamer.com"}]} 
INFO | 2024-10-15, 11:16 pm > getRecord | {"sql":"SELECT *  
                FROM users 
                WHERE `user_id` = :keyVal","data":[{"id":1,"user_id":"87ff2891-a223-4f3e-8e65-cfbd5db3c717","first_name":"Sarah","last_name":"King","email":"sarah@itamer.com"}]} 
INFO | 2024-10-15, 11:17 pm > getRecord | {"sql":"SELECT *  
                FROM users 
                WHERE `user_id` = :keyVal","data":[{"id":1,"user_id":"87ff2891-a223-4f3e-8e65-cfbd5db3c717","first_name":"Sarah","last_name":"King","email":"sarah@itamer.com"}]} 
INFO | 2024-10-15, 11:18 pm > getRecord | {"sql":"SELECT *  
                FROM users 
                WHERE `user_id` = :keyVal","data":[{"id":1,"user_id":"87ff2891-a223-4f3e-8e65-cfbd5db3c717","first_name":"Sarah","last_name":"King","email":"sarah@itamer.com"}]} 
INFO | 2024-10-15, 11:20 pm > getRecord | {"sql":"SELECT *  
                FROM users 
                WHERE `user_id` = :keyVal","data":[{"id":1,"user_id":"87ff2891-a223-4f3e-8e65-cfbd5db3c717","first_name":"Sarah","last_name":"King","email":"sarah@itamer.com"}]} 
INFO | 2024-10-15, 11:20 pm > getRecord | {"sql":"SELECT *  
                FROM users 
                WHERE `user_id` = :keyVal","data":[{"id":1,"user_id":"87ff2891-a223-4f3e-8e65-cfbd5db3c717","first_name":"Sarah","last_name":"King","email":"sarah@itamer.com"}]} 
INFO | 2024-10-16, 1:19 am > getRecord | {"sql":"SELECT *  
                FROM users 
                WHERE `user_id` = :keyVal","data":[{"id":1,"user_id":"87ff2891-a223-4f3e-8e65-cfbd5db3c717","first_name":"Sarah","last_name":"King","email":"sarah@itamer.com"}]} 
INFO | 2024-10-16, 1:24 am > getRecord | {"sql":"SELECT *  
                FROM users 
                WHERE `user_id` = :keyVal","data":[{"id":1,"user_id":"87ff2891-a223-4f3e-8e65-cfbd5db3c717","first_name":"Sarah","last_name":"King","email":"sarah@itamer.com"}]} 
INFO | 2024-10-16, 1:26 am > getRecord | {"sql":"SELECT *  
                FROM users 
                WHERE `user_id` = :keyVal","data":[{"id":1,"user_id":"87ff2891-a223-4f3e-8e65-cfbd5db3c717","first_name":"Sarah","last_name":"King","email":"sarah@itamer.com"}]} 
INFO | 2024-10-16, 1:27 am > getRecord | {"sql":"SELECT *  
                FROM users 
                WHERE `user_id` = :keyVal","data":[{"id":1,"user_id":"87ff2891-a223-4f3e-8e65-cfbd5db3c717","first_name":"Sarah","last_name":"King","email":"sarah@itamer.com"}]} 
INFO | 2024-10-16, 1:27 am > getRecord | {"sql":"SELECT *  
                FROM users 
                WHERE `user_id` = :keyVal","data":[{"id":1,"user_id":"87ff2891-a223-4f3e-8e65-cfbd5db3c717","first_name":"Sarah","last_name":"King","email":"sarah@itamer.com"}]} 
INFO | 2024-10-16, 1:28 am > getRecord | {"sql":"SELECT *  
                FROM users 
                WHERE `user_id` = :keyVal","data":[{"id":1,"user_id":"87ff2891-a223-4f3e-8e65-cfbd5db3c717","first_name":"Sarah","last_name":"King","email":"sarah@itamer.com"}]} 
INFO | 2024-10-16, 1:30 am > getRecord | {"sql":"SELECT *  
                FROM users 
                WHERE `user_id` = :keyVal","data":[{"id":1,"user_id":"87ff2891-a223-4f3e-8e65-cfbd5db3c717","first_name":"Sarah","last_name":"King","email":"sarah@itamer.com"}]} 
INFO | 2024-10-16, 1:30 am > getRecord | {"sql":"SELECT *  
                FROM users 
                WHERE `user_id` = :keyVal","data":[{"id":1,"user_id":"87ff2891-a223-4f3e-8e65-cfbd5db3c717","first_name":"Sarah","last_name":"King","email":"sarah@itamer.com"}]} 
INFO | 2024-10-16, 1:31 am > getRecord | {"sql":"SELECT *  
                FROM users 
                WHERE `user_id` = :keyVal","data":[{"id":1,"user_id":"87ff2891-a223-4f3e-8e65-cfbd5db3c717","first_name":"Sarah","last_name":"King","email":"sarah@itamer.com"}]} 
INFO | 2024-10-16, 1:31 am > getRecord | {"sql":"SELECT *  
                FROM users 
                WHERE `user_id` = :keyVal","data":[{"id":1,"user_id":"87ff2891-a223-4f3e-8e65-cfbd5db3c717","first_name":"Sarah","last_name":"King","email":"sarah@itamer.com"}]} 
INFO | 2024-10-16, 1:36 am > getRecord | {"sql":"SELECT *  
                FROM users 
                WHERE `user_id` = :keyVal","data":[{"id":1,"user_id":"87ff2891-a223-4f3e-8e65-cfbd5db3c717","first_name":"Sarah","last_name":"King","email":"sarah@itamer.com"}]} 
INFO | 2024-10-16, 1:36 am > getRecord | {"sql":"SELECT *  
                FROM users 
                WHERE `user_id` = :keyVal","data":[{"id":1,"user_id":"87ff2891-a223-4f3e-8e65-cfbd5db3c717","first_name":"Sarah","last_name":"King","email":"sarah@itamer.com"}]} 
INFO | 2024-10-16, 1:36 am > getRecord | {"sql":"SELECT *  
                FROM users 
                WHERE `user_id` = :keyVal","data":[{"id":1,"user_id":"87ff2891-a223-4f3e-8e65-cfbd5db3c717","first_name":"Sarah","last_name":"King","email":"sarah@itamer.com"}]} 
INFO | 2024-10-16, 1:46 am > getRecord | {"sql":"SELECT *  
                FROM users 
                WHERE `user_id` = :keyVal","data":[{"id":1,"user_id":"87ff2891-a223-4f3e-8e65-cfbd5db3c717","first_name":"Sarah","last_name":"King","email":"sarah@itamer.com"}]} 
INFO | 2024-10-16, 1:47 am > getRecord | {"sql":"SELECT *  
                FROM users 
                WHERE `user_id` = :keyVal","data":[{"id":1,"user_id":"87ff2891-a223-4f3e-8e65-cfbd5db3c717","first_name":"Sarah","last_name":"King","email":"sarah@itamer.com"}]} 
INFO | 2024-10-16, 1:48 am > getRecord | {"sql":"SELECT *  
                FROM users 
                WHERE `user_id` = :keyVal","data":[{"id":1,"user_id":"87ff2891-a223-4f3e-8e65-cfbd5db3c717","first_name":"Sarah","last_name":"King","email":"sarah@itamer.com"}]} 
INFO | 2024-10-16, 1:48 am > getRecord | {"sql":"SELECT *  
                FROM users 
                WHERE `user_id` = :keyVal","data":[{"id":1,"user_id":"87ff2891-a223-4f3e-8e65-cfbd5db3c717","first_name":"Sarah","last_name":"King","email":"sarah@itamer.com"}]} 
INFO | 2024-10-16, 1:49 am > getRecord | {"sql":"SELECT *  
                FROM users 
                WHERE `user_id` = :keyVal","data":[{"id":1,"user_id":"87ff2891-a223-4f3e-8e65-cfbd5db3c717","first_name":"Sarah","last_name":"King","email":"sarah@itamer.com"}]} 
INFO | 2024-10-16, 1:50 am > getRecord | {"sql":"SELECT *  
                FROM users 
                WHERE `user_id` = :keyVal","data":[{"id":1,"user_id":"87ff2891-a223-4f3e-8e65-cfbd5db3c717","first_name":"Sarah","last_name":"King","email":"sarah@itamer.com"}]} 
INFO | 2024-10-16, 1:53 am > getRecord | {"sql":"SELECT *  
                FROM users 
                WHERE `user_id` = :keyVal","data":[{"id":1,"user_id":"87ff2891-a223-4f3e-8e65-cfbd5db3c717","first_name":"Sarah","last_name":"King","email":"sarah@itamer.com"}]} 
INFO | 2024-10-16, 1:53 am > getRecord | {"sql":"SELECT *  
                FROM users 
                WHERE `user_id` = :keyVal","data":[{"id":1,"user_id":"87ff2891-a223-4f3e-8e65-cfbd5db3c717","first_name":"Sarah","last_name":"King","email":"sarah@itamer.com"}]} 
INFO | 2024-10-16, 1:56 am > getRecord | {"sql":"SELECT *  
                FROM users 
                WHERE `user_id` = :keyVal","data":[{"id":1,"user_id":"87ff2891-a223-4f3e-8e65-cfbd5db3c717","first_name":"Sarah","last_name":"King","email":"sarah@itamer.com"}]} 
INFO | 2024-10-16, 2:02 am > getRecord | {"sql":"SELECT *  
                FROM users 
                WHERE `user_id` = :keyVal","data":[{"id":1,"user_id":"87ff2891-a223-4f3e-8e65-cfbd5db3c717","first_name":"Sarah","last_name":"King","email":"sarah@itamer.com"}]} 
INFO | 2024-10-16, 2:03 am > getRecord | {"sql":"SELECT *  
                FROM users 
                WHERE `user_id` = :keyVal","data":[{"id":1,"user_id":"87ff2891-a223-4f3e-8e65-cfbd5db3c717","first_name":"Sarah","last_name":"King","email":"sarah@itamer.com"}]} 
INFO | 2024-10-16, 2:03 am > getRecord | {"sql":"SELECT *  
                FROM users 
                WHERE `user_id` = :keyVal","data":[{"id":1,"user_id":"87ff2891-a223-4f3e-8e65-cfbd5db3c717","first_name":"Sarah","last_name":"King","email":"sarah@itamer.com"}]} 
INFO | 2024-10-16, 2:03 am > getRecord | {"sql":"SELECT *  
                FROM users 
                WHERE `user_id` = :keyVal","data":[{"id":1,"user_id":"87ff2891-a223-4f3e-8e65-cfbd5db3c717","first_name":"Sarah","last_name":"King","email":"sarah@itamer.com"}]} 
INFO | 2024-10-16, 2:03 am > getRecord | {"sql":"SELECT *  
                FROM users 
                WHERE `user_id` = :keyVal","data":[{"id":1,"user_id":"87ff2891-a223-4f3e-8e65-cfbd5db3c717","first_name":"Sarah","last_name":"King","email":"sarah@itamer.com"}]} 
INFO | 2024-10-16, 2:04 am > getRecord | {"sql":"SELECT *  
                FROM users 
                WHERE `user_id` = :keyVal","data":[{"id":1,"user_id":"87ff2891-a223-4f3e-8e65-cfbd5db3c717","first_name":"Sarah","last_name":"King","email":"sarah@itamer.com"}]} 
INFO | 2024-10-16, 2:12 am > getRecord | {"sql":"SELECT *  
                FROM users 
                WHERE `user_id` = :keyVal","data":[{"id":1,"user_id":"87ff2891-a223-4f3e-8e65-cfbd5db3c717","first_name":"Sarah","last_name":"King","email":"sarah@itamer.com"}]} 
INFO | 2024-10-16, 2:13 am > getRecord | {"sql":"SELECT *  
                FROM users 
                WHERE `user_id` = :keyVal","data":[{"id":1,"user_id":"87ff2891-a223-4f3e-8e65-cfbd5db3c717","first_name":"Sarah","last_name":"King","email":"sarah@itamer.com"}]} 
INFO | 2024-10-16, 2:13 am > getRecord | {"sql":"SELECT *  
                FROM users 
                WHERE `user_id` = :keyVal","data":[{"id":1,"user_id":"87ff2891-a223-4f3e-8e65-cfbd5db3c717","first_name":"Sarah","last_name":"King","email":"sarah@itamer.com"}]} 
INFO | 2024-10-16, 2:13 am > getRecord | {"sql":"SELECT *  
                FROM users 
                WHERE `user_id` = :keyVal","data":[{"id":1,"user_id":"87ff2891-a223-4f3e-8e65-cfbd5db3c717","first_name":"Sarah","last_name":"King","email":"sarah@itamer.com"}]} 
INFO | 2024-10-16, 2:14 am > getRecord | {"sql":"SELECT *  
                FROM users 
                WHERE `user_id` = :keyVal","data":[{"id":1,"user_id":"87ff2891-a223-4f3e-8e65-cfbd5db3c717","first_name":"Sarah","last_name":"King","email":"sarah@itamer.com"}]} 
INFO | 2024-10-16, 2:17 am > getRecord | {"sql":"SELECT *  
                FROM users 
                WHERE `user_id` = :keyVal","data":[{"id":1,"user_id":"87ff2891-a223-4f3e-8e65-cfbd5db3c717","first_name":"Sarah","last_name":"King","email":"sarah@itamer.com"}]} 
INFO | 2024-10-16, 2:17 am > getRecord | {"sql":"SELECT *  
                FROM users 
                WHERE `user_id` = :keyVal","data":[{"id":1,"user_id":"87ff2891-a223-4f3e-8e65-cfbd5db3c717","first_name":"Sarah","last_name":"King","email":"sarah@itamer.com"}]} 
INFO | 2024-10-16, 2:19 am > getRecord | {"sql":"SELECT *  
                FROM users 
                WHERE `user_id` = :keyVal","data":[{"id":1,"user_id":"87ff2891-a223-4f3e-8e65-cfbd5db3c717","first_name":"Sarah","last_name":"King","email":"sarah@itamer.com"}]} 
INFO | 2024-10-16, 2:20 am > getRecord | {"sql":"SELECT *  
                FROM users 
                WHERE `user_id` = :keyVal","data":[{"id":1,"user_id":"87ff2891-a223-4f3e-8e65-cfbd5db3c717","first_name":"Sarah","last_name":"King","email":"sarah@itamer.com"}]} 
INFO | 2024-10-16, 2:20 am > getRecord | {"sql":"SELECT *  
                FROM users 
                WHERE `user_id` = :keyVal","data":[{"id":1,"user_id":"87ff2891-a223-4f3e-8e65-cfbd5db3c717","first_name":"Sarah","last_name":"King","email":"sarah@itamer.com"}]} 
INFO | 2024-10-16, 2:21 am > getRecord | {"sql":"SELECT *  
                FROM users 
                WHERE `user_id` = :keyVal","data":[{"id":1,"user_id":"87ff2891-a223-4f3e-8e65-cfbd5db3c717","first_name":"Sarah","last_name":"King","email":"sarah@itamer.com"}]} 
INFO | 2024-10-16, 2:21 am > getRecord | {"sql":"SELECT *  
                FROM users 
                WHERE `user_id` = :keyVal","data":[{"id":1,"user_id":"87ff2891-a223-4f3e-8e65-cfbd5db3c717","first_name":"Sarah","last_name":"King","email":"sarah@itamer.com"}]} 
INFO | 2024-10-16, 2:22 am > getRecord | {"sql":"SELECT *  
                FROM users 
                WHERE `user_id` = :keyVal","data":[{"id":1,"user_id":"87ff2891-a223-4f3e-8e65-cfbd5db3c717","first_name":"Sarah","last_name":"King","email":"sarah@itamer.com"}]} 
INFO | 2024-10-16, 2:24 am > getRecord | {"sql":"SELECT *  
                FROM users 
                WHERE `user_id` = :keyVal","data":[{"id":1,"user_id":"87ff2891-a223-4f3e-8e65-cfbd5db3c717","first_name":"Sarah","last_name":"King","email":"sarah@itamer.com"}]} 
INFO | 2024-10-16, 2:25 am > getRecord | {"sql":"SELECT *  
                FROM users 
                WHERE `user_id` = :keyVal","data":[{"id":1,"user_id":"87ff2891-a223-4f3e-8e65-cfbd5db3c717","first_name":"Sarah","last_name":"King","email":"sarah@itamer.com"}]} 
INFO | 2024-10-16, 2:26 am > getRecord | {"sql":"SELECT *  
                FROM users 
                WHERE `user_id` = :keyVal","data":[{"id":1,"user_id":"87ff2891-a223-4f3e-8e65-cfbd5db3c717","first_name":"Sarah","last_name":"King","email":"sarah@itamer.com"}]} 
INFO | 2024-10-16, 2:28 am > getRecord | {"sql":"SELECT *  
                FROM users 
                WHERE `user_id` = :keyVal","data":[{"id":1,"user_id":"87ff2891-a223-4f3e-8e65-cfbd5db3c717","first_name":"Sarah","last_name":"King","email":"sarah@itamer.com"}]} 
INFO | 2024-10-16, 2:33 am > getRecord | {"sql":"SELECT *  
                FROM users 
                WHERE `user_id` = :keyVal","data":[{"id":1,"user_id":"87ff2891-a223-4f3e-8e65-cfbd5db3c717","first_name":"Sarah","last_name":"King","email":"sarah@itamer.com"}]} 
INFO | 2024-10-16, 2:36 am > getRecord | {"sql":"SELECT *  
                FROM users 
                WHERE `user_id` = :keyVal","data":[{"id":1,"user_id":"87ff2891-a223-4f3e-8e65-cfbd5db3c717","first_name":"Sarah","last_name":"King","email":"sarah@itamer.com"}]} 
INFO | 2024-10-16, 2:40 am > getRecord | {"sql":"SELECT *  
                FROM users 
                WHERE `user_id` = :keyVal","data":[{"id":1,"user_id":"87ff2891-a223-4f3e-8e65-cfbd5db3c717","first_name":"Sarah","last_name":"King","email":"sarah@itamer.com"}]} 
INFO | 2024-10-16, 2:54 am > getRecord | {"sql":"SELECT *  
                FROM users 
                WHERE `user_id` = :keyVal","data":[{"id":1,"user_id":"87ff2891-a223-4f3e-8e65-cfbd5db3c717","first_name":"Sarah","last_name":"King","email":"sarah@itamer.com"}]} 
INFO | 2024-10-16, 2:55 am > getRecord | {"sql":"SELECT *  
                FROM users 
                WHERE `user_id` = :keyVal","data":[{"id":1,"user_id":"87ff2891-a223-4f3e-8e65-cfbd5db3c717","first_name":"Sarah","last_name":"King","email":"sarah@itamer.com"}]} 
INFO | 2024-10-16, 3:04 am > getRecord | {"sql":"SELECT *  
                FROM users 
                WHERE `user_id` = :keyVal","data":[{"id":1,"user_id":"87ff2891-a223-4f3e-8e65-cfbd5db3c717","first_name":"Sarah","last_name":"King","email":"sarah@itamer.com"}]} 
INFO | 2024-10-16, 3:28 am > getRecord | {"sql":"SELECT *  
                FROM users 
                WHERE `user_id` = :keyVal","data":[{"id":1,"user_id":"87ff2891-a223-4f3e-8e65-cfbd5db3c717","first_name":"Sarah","last_name":"King","email":"sarah@itamer.com"}]} 
INFO | 2024-10-16, 3:28 am > getRecord | {"sql":"SELECT *  
                FROM users 
                WHERE `user_id` = :keyVal","data":[{"id":1,"user_id":"87ff2891-a223-4f3e-8e65-cfbd5db3c717","first_name":"Sarah","last_name":"King","email":"sarah@itamer.com"}]} 
INFO | 2024-10-16, 3:30 am > getRecord | {"sql":"SELECT *  
                FROM users 
                WHERE `user_id` = :keyVal","data":[{"id":1,"user_id":"87ff2891-a223-4f3e-8e65-cfbd5db3c717","first_name":"Sarah","last_name":"King","email":"sarah@itamer.com"}]} 
INFO | 2024-10-16, 3:30 am > getRecord | {"sql":"SELECT *  
                FROM users 
                WHERE `user_id` = :keyVal","data":[{"id":1,"user_id":"87ff2891-a223-4f3e-8e65-cfbd5db3c717","first_name":"Sarah","last_name":"King","email":"sarah@itamer.com"}]} 
INFO | 2024-10-16, 3:31 am > getRecord | {"sql":"SELECT *  
                FROM users 
                WHERE `user_id` = :keyVal","data":[{"id":1,"user_id":"87ff2891-a223-4f3e-8e65-cfbd5db3c717","first_name":"Sarah","last_name":"King","email":"sarah@itamer.com"}]} 
INFO | 2024-10-16, 3:31 am > getRecord | {"sql":"SELECT *  
                FROM users 
                WHERE `user_id` = :keyVal","data":[{"id":1,"user_id":"87ff2891-a223-4f3e-8e65-cfbd5db3c717","first_name":"Sarah","last_name":"King","email":"sarah@itamer.com"}]} 
INFO | 2024-10-16, 3:32 am > getRecord | {"sql":"SELECT *  
                FROM users 
                WHERE `user_id` = :keyVal","data":[{"id":1,"user_id":"87ff2891-a223-4f3e-8e65-cfbd5db3c717","first_name":"Sarah","last_name":"King","email":"sarah@itamer.com"}]} 
INFO | 2024-10-16, 3:34 am > getRecord | {"sql":"SELECT *  
                FROM users 
                WHERE `user_id` = :keyVal","data":[{"id":1,"user_id":"87ff2891-a223-4f3e-8e65-cfbd5db3c717","first_name":"Sarah","last_name":"King","email":"sarah@itamer.com"}]} 
INFO | 2024-10-16, 3:37 am > getRecord | {"sql":"SELECT *  
                FROM users 
                WHERE `user_id` = :keyVal","data":[{"id":1,"user_id":"87ff2891-a223-4f3e-8e65-cfbd5db3c717","first_name":"Sarah","last_name":"King","email":"sarah@itamer.com"}]} 
INFO | 2024-10-16, 3:38 am > getRecord | {"sql":"SELECT *  
                FROM users 
                WHERE `user_id` = :keyVal","data":[{"id":1,"user_id":"87ff2891-a223-4f3e-8e65-cfbd5db3c717","first_name":"Sarah","last_name":"King","email":"sarah@itamer.com"}]} 
INFO | 2024-10-16, 3:40 am > getRecord | {"sql":"SELECT *  
                FROM users 
                WHERE `user_id` = :keyVal","data":[{"id":1,"user_id":"87ff2891-a223-4f3e-8e65-cfbd5db3c717","first_name":"Sarah","last_name":"King","email":"sarah@itamer.com"}]} 
INFO | 2024-10-16, 3:40 am > getRecord | {"sql":"SELECT *  
                FROM users 
                WHERE `user_id` = :keyVal","data":[{"id":1,"user_id":"87ff2891-a223-4f3e-8e65-cfbd5db3c717","first_name":"Sarah","last_name":"King","email":"sarah@itamer.com"}]} 
INFO | 2024-10-16, 3:45 am > getRecord | {"sql":"SELECT *  
                FROM users 
                WHERE `user_id` = :keyVal","data":[{"id":1,"user_id":"87ff2891-a223-4f3e-8e65-cfbd5db3c717","first_name":"Sarah","last_name":"King","email":"sarah@itamer.com"}]} 
INFO | 2024-10-16, 3:46 am > getRecord | {"sql":"SELECT *  
                FROM users 
                WHERE `user_id` = :keyVal","data":[{"id":1,"user_id":"87ff2891-a223-4f3e-8e65-cfbd5db3c717","first_name":"Sarah","last_name":"King","email":"sarah@itamer.com"}]} 
INFO | 2024-10-16, 3:47 am > getRecord | {"sql":"SELECT *  
                FROM users 
                WHERE `user_id` = :keyVal","data":[{"id":1,"user_id":"87ff2891-a223-4f3e-8e65-cfbd5db3c717","first_name":"Sarah","last_name":"King","email":"sarah@itamer.com"}]} 
INFO | 2024-10-16, 3:49 am > getRecord | {"sql":"SELECT *  
                FROM users 
                WHERE `user_id` = :keyVal","data":[{"id":1,"user_id":"87ff2891-a223-4f3e-8e65-cfbd5db3c717","first_name":"Sarah","last_name":"King","email":"sarah@itamer.com"}]} 
INFO | 2024-10-16, 3:55 am > getRecord | {"sql":"SELECT *  
                FROM users 
                WHERE `user_id` = :keyVal","data":[{"id":1,"user_id":"87ff2891-a223-4f3e-8e65-cfbd5db3c717","first_name":"Sarah","last_name":"King","email":"sarah@itamer.com"}]} 
INFO | 2024-10-16, 3:56 am > getRecord | {"sql":"SELECT *  
                FROM users 
                WHERE `user_id` = :keyVal","data":[{"id":1,"user_id":"87ff2891-a223-4f3e-8e65-cfbd5db3c717","first_name":"Sarah","last_name":"King","email":"sarah@itamer.com"}]} 
INFO | 2024-10-16, 3:59 am > getRecord | {"sql":"SELECT *  
                FROM users 
                WHERE `user_id` = :keyVal","data":[{"id":1,"user_id":"87ff2891-a223-4f3e-8e65-cfbd5db3c717","first_name":"Sarah","last_name":"King","email":"sarah@itamer.com"}]} 
INFO | 2024-10-16, 4:18 am > getRecord | {"sql":"SELECT *  
                FROM users 
                WHERE `user_id` = :keyVal","data":[{"id":1,"user_id":"87ff2891-a223-4f3e-8e65-cfbd5db3c717","first_name":"Sarah","last_name":"King","email":"sarah@itamer.com"}]} 
INFO | 2024-10-16, 4:18 am > getRecord | {"sql":"SELECT *  
                FROM users 
                WHERE `user_id` = :keyVal","data":[{"id":1,"user_id":"87ff2891-a223-4f3e-8e65-cfbd5db3c717","first_name":"Sarah","last_name":"King","email":"sarah@itamer.com"}]} 
INFO | 2024-10-16, 6:09 am > getRecord | {"sql":"SELECT *  
                FROM users 
                WHERE `user_id` = :keyVal","data":[{"id":1,"user_id":"87ff2891-a223-4f3e-8e65-cfbd5db3c717","first_name":"Sarah","last_name":"King","email":"sarah@itamer.com"}]} 
INFO | 2024-10-16, 6:09 am > getRecord | {"sql":"SELECT *  
                FROM users 
                WHERE `user_id` = :keyVal","data":[{"id":1,"user_id":"87ff2891-a223-4f3e-8e65-cfbd5db3c717","first_name":"Sarah","last_name":"King","email":"sarah@itamer.com"}]} 
INFO | 2024-10-16, 6:30 am > getRecord | {"sql":"SELECT *  
                FROM users 
                WHERE `user_id` = :keyVal","data":[{"id":1,"user_id":"87ff2891-a223-4f3e-8e65-cfbd5db3c717","first_name":"Sarah","last_name":"King","email":"sarah@itamer.com"}]} 
INFO | 2024-10-16, 6:32 am > getRecord | {"sql":"SELECT *  
                FROM users 
                WHERE `user_id` = :keyVal","data":[{"id":1,"user_id":"87ff2891-a223-4f3e-8e65-cfbd5db3c717","first_name":"Sarah","last_name":"King","email":"sarah@itamer.com"}]} 
INFO | 2024-10-16, 6:37 am > getRecord | {"sql":"SELECT *  
                FROM users 
                WHERE `user_id` = :keyVal","data":[{"id":1,"user_id":"87ff2891-a223-4f3e-8e65-cfbd5db3c717","first_name":"Sarah","last_name":"King","email":"sarah@itamer.com"}]} 
INFO | 2024-10-16, 6:41 am > getRecord | {"sql":"SELECT *  
                FROM users 
                WHERE `user_id` = :keyVal","data":[{"id":1,"user_id":"87ff2891-a223-4f3e-8e65-cfbd5db3c717","first_name":"Sarah","last_name":"King","email":"sarah@itamer.com"}]} 
INFO | 2024-10-16, 6:42 am > getRecord | {"sql":"SELECT *  
                FROM users 
                WHERE `user_id` = :keyVal","data":[{"id":1,"user_id":"87ff2891-a223-4f3e-8e65-cfbd5db3c717","first_name":"Sarah","last_name":"King","email":"sarah@itamer.com"}]} 
INFO | 2024-10-16, 6:44 am > getRecord | {"sql":"SELECT *  
                FROM users 
                WHERE `user_id` = :keyVal","data":[{"id":1,"user_id":"87ff2891-a223-4f3e-8e65-cfbd5db3c717","first_name":"Sarah","last_name":"King","email":"sarah@itamer.com"}]} 
INFO | 2024-10-16, 6:44 am > getRecord | {"sql":"SELECT *  
                FROM users 
                WHERE `user_id` = :keyVal","data":[{"id":1,"user_id":"87ff2891-a223-4f3e-8e65-cfbd5db3c717","first_name":"Sarah","last_name":"King","email":"sarah@itamer.com"}]} 
INFO | 2024-10-16, 7:15 am > getRecord | {"sql":"SELECT *  
                FROM users 
                WHERE `user_id` = :keyVal","data":[{"id":1,"user_id":"87ff2891-a223-4f3e-8e65-cfbd5db3c717","first_name":"Sarah","last_name":"King","email":"sarah@itamer.com"}]} 
INFO | 2024-11-2, 2:11 am > runQuery:  | ["SELECT `user_id` FROM `userstenancies` WHERE (xerouser_id = :user_id0 AND xerotenant_id = :tenant_id0) OR (xerouser_id = :user_id1 AND xerotenant_id = :tenant_id1) OR (xerouser_id = :user_id2 AND xerotenant_id = :tenant_id2) LIMIT 1",{"user_id0":"98299269-5603-4c21-8a02-9e5b5b2b373c","tenant_id0":"ae75d056-4af7-484d-b709-94439130faa4","user_id1":"5cf767b2-c0d5-4fed-8e0b-913bced62d5e","tenant_id1":"e95df930-c903-4c58-aee9-bbc21b78bde7","user_id2":"b748e3b0-b813-48bb-8c7c-9f803ef711e7","tenant_id2":"eafd3b39-46c7-41e4-ba4e-6ea6685e39f7"}] 
INFO | 2024-11-2, 2:11 am > getStatement:  | ["SELECT `user_id` FROM `userstenancies` WHERE (xerouser_id = :user_id0 AND xerotenant_id = :tenant_id0) OR (xerouser_id = :user_id1 AND xerotenant_id = :tenant_id1) OR (xerouser_id = :user_id2 AND xerotenant_id = :tenant_id2) LIMIT 1"] 
INFO | 2024-11-2, 10:41 pm > runQuery:  | ["SELECT `user_id` FROM `userstenancies` WHERE (xerouser_id = :user_id0 AND xerotenant_id = :tenant_id0) OR (xerouser_id = :user_id1 AND xerotenant_id = :tenant_id1) OR (xerouser_id = :user_id2 AND xerotenant_id = :tenant_id2) LIMIT 1",{"user_id0":"98299269-5603-4c21-8a02-9e5b5b2b373c","tenant_id0":"ae75d056-4af7-484d-b709-94439130faa4","user_id1":"5cf767b2-c0d5-4fed-8e0b-913bced62d5e","tenant_id1":"e95df930-c903-4c58-aee9-bbc21b78bde7","user_id2":"b748e3b0-b813-48bb-8c7c-9f803ef711e7","tenant_id2":"eafd3b39-46c7-41e4-ba4e-6ea6685e39f7"}] 
INFO | 2024-11-2, 10:41 pm > getStatement:  | ["SELECT `user_id` FROM `userstenancies` WHERE (xerouser_id = :user_id0 AND xerotenant_id = :tenant_id0) OR (xerouser_id = :user_id1 AND xerotenant_id = :tenant_id1) OR (xerouser_id = :user_id2 AND xerotenant_id = :tenant_id2) LIMIT 1"] 
INFO | 2024-11-2, 11:20 pm > runQuery:  | ["SELECT `user_id` FROM `userstenancies` WHERE (xerouser_id = :user_id0 AND xerotenant_id = :tenant_id0) OR (xerouser_id = :user_id1 AND xerotenant_id = :tenant_id1) OR (xerouser_id = :user_id2 AND xerotenant_id = :tenant_id2) LIMIT 1",{"user_id0":"98299269-5603-4c21-8a02-9e5b5b2b373c","tenant_id0":"ae75d056-4af7-484d-b709-94439130faa4","user_id1":"5cf767b2-c0d5-4fed-8e0b-913bced62d5e","tenant_id1":"e95df930-c903-4c58-aee9-bbc21b78bde7","user_id2":"b748e3b0-b813-48bb-8c7c-9f803ef711e7","tenant_id2":"eafd3b39-46c7-41e4-ba4e-6ea6685e39f7"}] 
INFO | 2024-11-2, 11:20 pm > getStatement:  | ["SELECT `user_id` FROM `userstenancies` WHERE (xerouser_id = :user_id0 AND xerotenant_id = :tenant_id0) OR (xerouser_id = :user_id1 AND xerotenant_id = :tenant_id1) OR (xerouser_id = :user_id2 AND xerotenant_id = :tenant_id2) LIMIT 1"] 
INFO | 2024-11-3, 1:02 am > runQuery:  | ["SELECT `user_id` FROM `userstenancies` WHERE (xerouser_id = :user_id0 AND xerotenant_id = :tenant_id0) OR (xerouser_id = :user_id1 AND xerotenant_id = :tenant_id1) OR (xerouser_id = :user_id2 AND xerotenant_id = :tenant_id2) LIMIT 1",{"user_id0":"98299269-5603-4c21-8a02-9e5b5b2b373c","tenant_id0":"ae75d056-4af7-484d-b709-94439130faa4","user_id1":"5cf767b2-c0d5-4fed-8e0b-913bced62d5e","tenant_id1":"e95df930-c903-4c58-aee9-bbc21b78bde7","user_id2":"b748e3b0-b813-48bb-8c7c-9f803ef711e7","tenant_id2":"eafd3b39-46c7-41e4-ba4e-6ea6685e39f7"}] 
INFO | 2024-11-3, 1:02 am > getStatement:  | ["SELECT `user_id` FROM `userstenancies` WHERE (xerouser_id = :user_id0 AND xerotenant_id = :tenant_id0) OR (xerouser_id = :user_id1 AND xerotenant_id = :tenant_id1) OR (xerouser_id = :user_id2 AND xerotenant_id = :tenant_id2) LIMIT 1"] 
INFO | 2024-11-3, 3:14 am > runQuery:  | ["SELECT `user_id` FROM `userstenancies` WHERE (xerouser_id = :user_id0 AND xerotenant_id = :tenant_id0) OR (xerouser_id = :user_id1 AND xerotenant_id = :tenant_id1) OR (xerouser_id = :user_id2 AND xerotenant_id = :tenant_id2) LIMIT 1",{"user_id0":"98299269-5603-4c21-8a02-9e5b5b2b373c","tenant_id0":"ae75d056-4af7-484d-b709-94439130faa4","user_id1":"5cf767b2-c0d5-4fed-8e0b-913bced62d5e","tenant_id1":"e95df930-c903-4c58-aee9-bbc21b78bde7","user_id2":"b748e3b0-b813-48bb-8c7c-9f803ef711e7","tenant_id2":"eafd3b39-46c7-41e4-ba4e-6ea6685e39f7"}] 
INFO | 2024-11-3, 3:14 am > getStatement:  | ["SELECT `user_id` FROM `userstenancies` WHERE (xerouser_id = :user_id0 AND xerotenant_id = :tenant_id0) OR (xerouser_id = :user_id1 AND xerotenant_id = :tenant_id1) OR (xerouser_id = :user_id2 AND xerotenant_id = :tenant_id2) LIMIT 1"] 
INFO | 2024-11-3, 4:05 am > runQuery:  | ["SELECT `user_id` FROM `userstenancies` WHERE (xerouser_id = :user_id0 AND xerotenant_id = :tenant_id0) OR (xerouser_id = :user_id1 AND xerotenant_id = :tenant_id1) OR (xerouser_id = :user_id2 AND xerotenant_id = :tenant_id2) LIMIT 1",{"user_id0":"98299269-5603-4c21-8a02-9e5b5b2b373c","tenant_id0":"ae75d056-4af7-484d-b709-94439130faa4","user_id1":"5cf767b2-c0d5-4fed-8e0b-913bced62d5e","tenant_id1":"e95df930-c903-4c58-aee9-bbc21b78bde7","user_id2":"b748e3b0-b813-48bb-8c7c-9f803ef711e7","tenant_id2":"eafd3b39-46c7-41e4-ba4e-6ea6685e39f7"}] 
INFO | 2024-11-3, 4:05 am > getStatement:  | ["SELECT `user_id` FROM `userstenancies` WHERE (xerouser_id = :user_id0 AND xerotenant_id = :tenant_id0) OR (xerouser_id = :user_id1 AND xerotenant_id = :tenant_id1) OR (xerouser_id = :user_id2 AND xerotenant_id = :tenant_id2) LIMIT 1"] 
INFO | 2024-11-3, 9:07 am > runQuery:  | ["SELECT `user_id` FROM `userstenancies` WHERE (xerouser_id = :user_id0 AND xerotenant_id = :tenant_id0) OR (xerouser_id = :user_id1 AND xerotenant_id = :tenant_id1) OR (xerouser_id = :user_id2 AND xerotenant_id = :tenant_id2) LIMIT 1",{"user_id0":"98299269-5603-4c21-8a02-9e5b5b2b373c","tenant_id0":"ae75d056-4af7-484d-b709-94439130faa4","user_id1":"5cf767b2-c0d5-4fed-8e0b-913bced62d5e","tenant_id1":"e95df930-c903-4c58-aee9-bbc21b78bde7","user_id2":"b748e3b0-b813-48bb-8c7c-9f803ef711e7","tenant_id2":"eafd3b39-46c7-41e4-ba4e-6ea6685e39f7"}] 
INFO | 2024-11-3, 9:07 am > getStatement:  | ["SELECT `user_id` FROM `userstenancies` WHERE (xerouser_id = :user_id0 AND xerotenant_id = :tenant_id0) OR (xerouser_id = :user_id1 AND xerotenant_id = :tenant_id1) OR (xerouser_id = :user_id2 AND xerotenant_id = :tenant_id2) LIMIT 1"] 
INFO | 2024-11-3, 9:21 am > runQuery:  | ["SELECT `user_id` FROM `userstenancies` WHERE (xerouser_id = :user_id0 AND xerotenant_id = :tenant_id0) OR (xerouser_id = :user_id1 AND xerotenant_id = :tenant_id1) OR (xerouser_id = :user_id2 AND xerotenant_id = :tenant_id2) LIMIT 1",{"user_id0":"98299269-5603-4c21-8a02-9e5b5b2b373c","tenant_id0":"ae75d056-4af7-484d-b709-94439130faa4","user_id1":"5cf767b2-c0d5-4fed-8e0b-913bced62d5e","tenant_id1":"e95df930-c903-4c58-aee9-bbc21b78bde7","user_id2":"b748e3b0-b813-48bb-8c7c-9f803ef711e7","tenant_id2":"eafd3b39-46c7-41e4-ba4e-6ea6685e39f7"}] 
INFO | 2024-11-3, 9:21 am > getStatement:  | ["SELECT `user_id` FROM `userstenancies` WHERE (xerouser_id = :user_id0 AND xerotenant_id = :tenant_id0) OR (xerouser_id = :user_id1 AND xerotenant_id = :tenant_id1) OR (xerouser_id = :user_id2 AND xerotenant_id = :tenant_id2) LIMIT 1"] 
INFO | 2024-11-3, 10:04 am > runQuery:  | ["SELECT `user_id` FROM `userstenancies` WHERE (xerouser_id = :user_id0 AND xerotenant_id = :tenant_id0) OR (xerouser_id = :user_id1 AND xerotenant_id = :tenant_id1) OR (xerouser_id = :user_id2 AND xerotenant_id = :tenant_id2) LIMIT 1",{"user_id0":"98299269-5603-4c21-8a02-9e5b5b2b373c","tenant_id0":"ae75d056-4af7-484d-b709-94439130faa4","user_id1":"5cf767b2-c0d5-4fed-8e0b-913bced62d5e","tenant_id1":"e95df930-c903-4c58-aee9-bbc21b78bde7","user_id2":"b748e3b0-b813-48bb-8c7c-9f803ef711e7","tenant_id2":"eafd3b39-46c7-41e4-ba4e-6ea6685e39f7"}] 
INFO | 2024-11-3, 10:04 am > getStatement:  | ["SELECT `user_id` FROM `userstenancies` WHERE (xerouser_id = :user_id0 AND xerotenant_id = :tenant_id0) OR (xerouser_id = :user_id1 AND xerotenant_id = :tenant_id1) OR (xerouser_id = :user_id2 AND xerotenant_id = :tenant_id2) LIMIT 1"] 
INFO | 2024-11-4, 12:10 am > runQuery:  | ["SELECT `user_id` FROM `userstenancies` WHERE (xerouser_id = :user_id0 AND xerotenant_id = :tenant_id0) OR (xerouser_id = :user_id1 AND xerotenant_id = :tenant_id1) OR (xerouser_id = :user_id2 AND xerotenant_id = :tenant_id2) LIMIT 1",{"user_id0":"98299269-5603-4c21-8a02-9e5b5b2b373c","tenant_id0":"ae75d056-4af7-484d-b709-94439130faa4","user_id1":"5cf767b2-c0d5-4fed-8e0b-913bced62d5e","tenant_id1":"e95df930-c903-4c58-aee9-bbc21b78bde7","user_id2":"b748e3b0-b813-48bb-8c7c-9f803ef711e7","tenant_id2":"eafd3b39-46c7-41e4-ba4e-6ea6685e39f7"}] 
INFO | 2024-11-4, 12:10 am > getStatement:  | ["SELECT `user_id` FROM `userstenancies` WHERE (xerouser_id = :user_id0 AND xerotenant_id = :tenant_id0) OR (xerouser_id = :user_id1 AND xerotenant_id = :tenant_id1) OR (xerouser_id = :user_id2 AND xerotenant_id = :tenant_id2) LIMIT 1"] 
INFO | 2024-11-4, 1:11 am > runQuery:  | ["SELECT `user_id` FROM `userstenancies` WHERE (xerouser_id = :user_id0 AND xerotenant_id = :tenant_id0) OR (xerouser_id = :user_id1 AND xerotenant_id = :tenant_id1) OR (xerouser_id = :user_id2 AND xerotenant_id = :tenant_id2) LIMIT 1",{"user_id0":"98299269-5603-4c21-8a02-9e5b5b2b373c","tenant_id0":"ae75d056-4af7-484d-b709-94439130faa4","user_id1":"5cf767b2-c0d5-4fed-8e0b-913bced62d5e","tenant_id1":"e95df930-c903-4c58-aee9-bbc21b78bde7","user_id2":"b748e3b0-b813-48bb-8c7c-9f803ef711e7","tenant_id2":"eafd3b39-46c7-41e4-ba4e-6ea6685e39f7"}] 
INFO | 2024-11-4, 1:11 am > getStatement:  | ["SELECT `user_id` FROM `userstenancies` WHERE (xerouser_id = :user_id0 AND xerotenant_id = :tenant_id0) OR (xerouser_id = :user_id1 AND xerotenant_id = :tenant_id1) OR (xerouser_id = :user_id2 AND xerotenant_id = :tenant_id2) LIMIT 1"] 
INFO | 2024-11-4, 1:49 am > runQuery:  | ["SELECT `user_id` FROM `userstenancies` WHERE (xerouser_id = :user_id0 AND xerotenant_id = :tenant_id0) OR (xerouser_id = :user_id1 AND xerotenant_id = :tenant_id1) OR (xerouser_id = :user_id2 AND xerotenant_id = :tenant_id2) LIMIT 1",{"user_id0":"98299269-5603-4c21-8a02-9e5b5b2b373c","tenant_id0":"ae75d056-4af7-484d-b709-94439130faa4","user_id1":"5cf767b2-c0d5-4fed-8e0b-913bced62d5e","tenant_id1":"e95df930-c903-4c58-aee9-bbc21b78bde7","user_id2":"b748e3b0-b813-48bb-8c7c-9f803ef711e7","tenant_id2":"eafd3b39-46c7-41e4-ba4e-6ea6685e39f7"}] 
INFO | 2024-11-4, 2:20 am > runQuery:  | ["SELECT `user_id` FROM `userstenancies` WHERE (xerouser_id = :user_id0 AND xerotenant_id = :tenant_id0) OR (xerouser_id = :user_id1 AND xerotenant_id = :tenant_id1) OR (xerouser_id = :user_id2 AND xerotenant_id = :tenant_id2) LIMIT 1",{"user_id0":"98299269-5603-4c21-8a02-9e5b5b2b373c","tenant_id0":"ae75d056-4af7-484d-b709-94439130faa4","user_id1":"5cf767b2-c0d5-4fed-8e0b-913bced62d5e","tenant_id1":"e95df930-c903-4c58-aee9-bbc21b78bde7","user_id2":"b748e3b0-b813-48bb-8c7c-9f803ef711e7","tenant_id2":"eafd3b39-46c7-41e4-ba4e-6ea6685e39f7"}] 
INFO | 2024-11-4, 3:18 am > runQuery:  | ["SELECT `user_id` FROM `userstenancies` WHERE (xerouser_id = :user_id0 AND xerotenant_id = :tenant_id0) OR (xerouser_id = :user_id1 AND xerotenant_id = :tenant_id1) OR (xerouser_id = :user_id2 AND xerotenant_id = :tenant_id2) LIMIT 1",{"user_id0":"98299269-5603-4c21-8a02-9e5b5b2b373c","tenant_id0":"ae75d056-4af7-484d-b709-94439130faa4","user_id1":"5cf767b2-c0d5-4fed-8e0b-913bced62d5e","tenant_id1":"e95df930-c903-4c58-aee9-bbc21b78bde7","user_id2":"b748e3b0-b813-48bb-8c7c-9f803ef711e7","tenant_id2":"eafd3b39-46c7-41e4-ba4e-6ea6685e39f7"}] 
INFO | 2024-11-4, 4:06 am > runQuery:  | ["SELECT `user_id` FROM `userstenancies` WHERE (xerouser_id = :user_id0 AND xerotenant_id = :tenant_id0) OR (xerouser_id = :user_id1 AND xerotenant_id = :tenant_id1) OR (xerouser_id = :user_id2 AND xerotenant_id = :tenant_id2) LIMIT 1",{"user_id0":"98299269-5603-4c21-8a02-9e5b5b2b373c","tenant_id0":"ae75d056-4af7-484d-b709-94439130faa4","user_id1":"5cf767b2-c0d5-4fed-8e0b-913bced62d5e","tenant_id1":"e95df930-c903-4c58-aee9-bbc21b78bde7","user_id2":"b748e3b0-b813-48bb-8c7c-9f803ef711e7","tenant_id2":"eafd3b39-46c7-41e4-ba4e-6ea6685e39f7"}] 
INFO | 2024-11-4, 4:37 am > runQuery:  | ["SELECT `user_id` FROM `userstenancies` WHERE (xerouser_id = :user_id0 AND xerotenant_id = :tenant_id0) OR (xerouser_id = :user_id1 AND xerotenant_id = :tenant_id1) OR (xerouser_id = :user_id2 AND xerotenant_id = :tenant_id2) LIMIT 1",{"user_id0":"98299269-5603-4c21-8a02-9e5b5b2b373c","tenant_id0":"ae75d056-4af7-484d-b709-94439130faa4","user_id1":"5cf767b2-c0d5-4fed-8e0b-913bced62d5e","tenant_id1":"e95df930-c903-4c58-aee9-bbc21b78bde7","user_id2":"b748e3b0-b813-48bb-8c7c-9f803ef711e7","tenant_id2":"eafd3b39-46c7-41e4-ba4e-6ea6685e39f7"}] 
INFO | 2024-11-5, 1:21 am > runQuery:  | ["SELECT `user_id` FROM `userstenancies` WHERE (xerouser_id = :user_id0 AND xerotenant_id = :tenant_id0) OR (xerouser_id = :user_id1 AND xerotenant_id = :tenant_id1) OR (xerouser_id = :user_id2 AND xerotenant_id = :tenant_id2) LIMIT 1",{"user_id0":"98299269-5603-4c21-8a02-9e5b5b2b373c","tenant_id0":"ae75d056-4af7-484d-b709-94439130faa4","user_id1":"5cf767b2-c0d5-4fed-8e0b-913bced62d5e","tenant_id1":"e95df930-c903-4c58-aee9-bbc21b78bde7","user_id2":"b748e3b0-b813-48bb-8c7c-9f803ef711e7","tenant_id2":"eafd3b39-46c7-41e4-ba4e-6ea6685e39f7"}] 
INFO | 2024-11-5, 3:26 am > runQuery:  | ["SELECT `user_id` FROM `userstenancies` WHERE (xerouser_id = :user_id0 AND xerotenant_id = :tenant_id0) OR (xerouser_id = :user_id1 AND xerotenant_id = :tenant_id1) OR (xerouser_id = :user_id2 AND xerotenant_id = :tenant_id2) LIMIT 1",{"user_id0":"98299269-5603-4c21-8a02-9e5b5b2b373c","tenant_id0":"ae75d056-4af7-484d-b709-94439130faa4","user_id1":"5cf767b2-c0d5-4fed-8e0b-913bced62d5e","tenant_id1":"e95df930-c903-4c58-aee9-bbc21b78bde7","user_id2":"b748e3b0-b813-48bb-8c7c-9f803ef711e7","tenant_id2":"eafd3b39-46c7-41e4-ba4e-6ea6685e39f7"}] 
INFO | 2024-11-5, 4:08 am > runQuery:  | ["SELECT `user_id` FROM `userstenancies` WHERE (xerouser_id = :user_id0 AND xerotenant_id = :tenant_id0) OR (xerouser_id = :user_id1 AND xerotenant_id = :tenant_id1) OR (xerouser_id = :user_id2 AND xerotenant_id = :tenant_id2) LIMIT 1",{"user_id0":"98299269-5603-4c21-8a02-9e5b5b2b373c","tenant_id0":"ae75d056-4af7-484d-b709-94439130faa4","user_id1":"5cf767b2-c0d5-4fed-8e0b-913bced62d5e","tenant_id1":"e95df930-c903-4c58-aee9-bbc21b78bde7","user_id2":"b748e3b0-b813-48bb-8c7c-9f803ef711e7","tenant_id2":"eafd3b39-46c7-41e4-ba4e-6ea6685e39f7"}] 
INFO | 2024-11-6, 12:04 am > runQuery:  | ["SELECT `user_id` FROM `userstenancies` WHERE (xerouser_id = :user_id0 AND xerotenant_id = :tenant_id0) OR (xerouser_id = :user_id1 AND xerotenant_id = :tenant_id1) OR (xerouser_id = :user_id2 AND xerotenant_id = :tenant_id2) LIMIT 1",{"user_id0":"98299269-5603-4c21-8a02-9e5b5b2b373c","tenant_id0":"ae75d056-4af7-484d-b709-94439130faa4","user_id1":"5cf767b2-c0d5-4fed-8e0b-913bced62d5e","tenant_id1":"e95df930-c903-4c58-aee9-bbc21b78bde7","user_id2":"b748e3b0-b813-48bb-8c7c-9f803ef711e7","tenant_id2":"eafd3b39-46c7-41e4-ba4e-6ea6685e39f7"}] 
INFO | 2024-11-6, 1:34 am > runQuery:  | ["SELECT `user_id` FROM `userstenancies` WHERE (xerouser_id = :user_id0 AND xerotenant_id = :tenant_id0) OR (xerouser_id = :user_id1 AND xerotenant_id = :tenant_id1) OR (xerouser_id = :user_id2 AND xerotenant_id = :tenant_id2) LIMIT 1",{"user_id0":"98299269-5603-4c21-8a02-9e5b5b2b373c","tenant_id0":"ae75d056-4af7-484d-b709-94439130faa4","user_id1":"5cf767b2-c0d5-4fed-8e0b-913bced62d5e","tenant_id1":"e95df930-c903-4c58-aee9-bbc21b78bde7","user_id2":"b748e3b0-b813-48bb-8c7c-9f803ef711e7","tenant_id2":"eafd3b39-46c7-41e4-ba4e-6ea6685e39f7"}] 
INFO | 2024-11-6, 2:11 am > runQuery:  | ["SELECT `user_id` FROM `userstenancies` WHERE (xerouser_id = :user_id0 AND xerotenant_id = :tenant_id0) OR (xerouser_id = :user_id1 AND xerotenant_id = :tenant_id1) OR (xerouser_id = :user_id2 AND xerotenant_id = :tenant_id2) LIMIT 1",{"user_id0":"98299269-5603-4c21-8a02-9e5b5b2b373c","tenant_id0":"ae75d056-4af7-484d-b709-94439130faa4","user_id1":"5cf767b2-c0d5-4fed-8e0b-913bced62d5e","tenant_id1":"e95df930-c903-4c58-aee9-bbc21b78bde7","user_id2":"b748e3b0-b813-48bb-8c7c-9f803ef711e7","tenant_id2":"eafd3b39-46c7-41e4-ba4e-6ea6685e39f7"}] 
INFO | 2024-11-6, 2:40 am > runQuery:  | ["SELECT `user_id` FROM `userstenancies` WHERE (xerouser_id = :user_id0 AND xerotenant_id = :tenant_id0) OR (xerouser_id = :user_id1 AND xerotenant_id = :tenant_id1) OR (xerouser_id = :user_id2 AND xerotenant_id = :tenant_id2) LIMIT 1",{"user_id0":"98299269-5603-4c21-8a02-9e5b5b2b373c","tenant_id0":"ae75d056-4af7-484d-b709-94439130faa4","user_id1":"5cf767b2-c0d5-4fed-8e0b-913bced62d5e","tenant_id1":"e95df930-c903-4c58-aee9-bbc21b78bde7","user_id2":"b748e3b0-b813-48bb-8c7c-9f803ef711e7","tenant_id2":"eafd3b39-46c7-41e4-ba4e-6ea6685e39f7"}] 
INFO | 2024-11-6, 3:17 am > runQuery:  | ["SELECT `user_id` FROM `userstenancies` WHERE (xerouser_id = :user_id0 AND xerotenant_id = :tenant_id0) OR (xerouser_id = :user_id1 AND xerotenant_id = :tenant_id1) OR (xerouser_id = :user_id2 AND xerotenant_id = :tenant_id2) LIMIT 1",{"user_id0":"98299269-5603-4c21-8a02-9e5b5b2b373c","tenant_id0":"ae75d056-4af7-484d-b709-94439130faa4","user_id1":"5cf767b2-c0d5-4fed-8e0b-913bced62d5e","tenant_id1":"e95df930-c903-4c58-aee9-bbc21b78bde7","user_id2":"b748e3b0-b813-48bb-8c7c-9f803ef711e7","tenant_id2":"eafd3b39-46c7-41e4-ba4e-6ea6685e39f7"}] 
INFO | 2024-11-6, 8:51 am > runQuery:  | ["SELECT `user_id` FROM `userstenancies` WHERE (xerouser_id = :user_id0 AND xerotenant_id = :tenant_id0) OR (xerouser_id = :user_id1 AND xerotenant_id = :tenant_id1) OR (xerouser_id = :user_id2 AND xerotenant_id = :tenant_id2) LIMIT 1",{"user_id0":"98299269-5603-4c21-8a02-9e5b5b2b373c","tenant_id0":"ae75d056-4af7-484d-b709-94439130faa4","user_id1":"5cf767b2-c0d5-4fed-8e0b-913bced62d5e","tenant_id1":"e95df930-c903-4c58-aee9-bbc21b78bde7","user_id2":"b748e3b0-b813-48bb-8c7c-9f803ef711e7","tenant_id2":"eafd3b39-46c7-41e4-ba4e-6ea6685e39f7"},{"user_id0":"98299269-5603-4c21-8a02-9e5b5b2b373c","tenant_id0":"ae75d056-4af7-484d-b709-94439130faa4","user_id1":"5cf767b2-c0d5-4fed-8e0b-913bced62d5e","tenant_id1":"e95df930-c903-4c58-aee9-bbc21b78bde7","user_id2":"b748e3b0-b813-48bb-8c7c-9f803ef711e7","tenant_id2":"eafd3b39-46c7-41e4-ba4e-6ea6685e39f7"}] 
INFO | 2024-11-6, 9:22 am > runQuery:  | ["SELECT `user_id` FROM `userstenancies` WHERE (xerouser_id = :user_id0 AND xerotenant_id = :tenant_id0) OR (xerouser_id = :user_id1 AND xerotenant_id = :tenant_id1) OR (xerouser_id = :user_id2 AND xerotenant_id = :tenant_id2) LIMIT 1",{"user_id0":"98299269-5603-4c21-8a02-9e5b5b2b373c","tenant_id0":"ae75d056-4af7-484d-b709-94439130faa4","user_id1":"5cf767b2-c0d5-4fed-8e0b-913bced62d5e","tenant_id1":"e95df930-c903-4c58-aee9-bbc21b78bde7","user_id2":"b748e3b0-b813-48bb-8c7c-9f803ef711e7","tenant_id2":"eafd3b39-46c7-41e4-ba4e-6ea6685e39f7"},{"user_id0":"98299269-5603-4c21-8a02-9e5b5b2b373c","tenant_id0":"ae75d056-4af7-484d-b709-94439130faa4","user_id1":"5cf767b2-c0d5-4fed-8e0b-913bced62d5e","tenant_id1":"e95df930-c903-4c58-aee9-bbc21b78bde7","user_id2":"b748e3b0-b813-48bb-8c7c-9f803ef711e7","tenant_id2":"eafd3b39-46c7-41e4-ba4e-6ea6685e39f7"}] 
INFO | 2024-11-6, 9:57 am > runQuery:  | ["SELECT `user_id` FROM `userstenancies` WHERE (xerouser_id = :user_id0 AND xerotenant_id = :tenant_id0) OR (xerouser_id = :user_id1 AND xerotenant_id = :tenant_id1) OR (xerouser_id = :user_id2 AND xerotenant_id = :tenant_id2) LIMIT 1",{"user_id0":"98299269-5603-4c21-8a02-9e5b5b2b373c","tenant_id0":"ae75d056-4af7-484d-b709-94439130faa4","user_id1":"5cf767b2-c0d5-4fed-8e0b-913bced62d5e","tenant_id1":"e95df930-c903-4c58-aee9-bbc21b78bde7","user_id2":"b748e3b0-b813-48bb-8c7c-9f803ef711e7","tenant_id2":"eafd3b39-46c7-41e4-ba4e-6ea6685e39f7"},{"user_id0":"98299269-5603-4c21-8a02-9e5b5b2b373c","tenant_id0":"ae75d056-4af7-484d-b709-94439130faa4","user_id1":"5cf767b2-c0d5-4fed-8e0b-913bced62d5e","tenant_id1":"e95df930-c903-4c58-aee9-bbc21b78bde7","user_id2":"b748e3b0-b813-48bb-8c7c-9f803ef711e7","tenant_id2":"eafd3b39-46c7-41e4-ba4e-6ea6685e39f7"}] 
INFO | 2024-11-6, 10:30 am > runQuery:  | ["SELECT `user_id` FROM `userstenancies` WHERE (xerouser_id = :user_id0 AND xerotenant_id = :tenant_id0) OR (xerouser_id = :user_id1 AND xerotenant_id = :tenant_id1) OR (xerouser_id = :user_id2 AND xerotenant_id = :tenant_id2) LIMIT 1",{"user_id0":"98299269-5603-4c21-8a02-9e5b5b2b373c","tenant_id0":"ae75d056-4af7-484d-b709-94439130faa4","user_id1":"5cf767b2-c0d5-4fed-8e0b-913bced62d5e","tenant_id1":"e95df930-c903-4c58-aee9-bbc21b78bde7","user_id2":"b748e3b0-b813-48bb-8c7c-9f803ef711e7","tenant_id2":"eafd3b39-46c7-41e4-ba4e-6ea6685e39f7"},{"user_id0":"98299269-5603-4c21-8a02-9e5b5b2b373c","tenant_id0":"ae75d056-4af7-484d-b709-94439130faa4","user_id1":"5cf767b2-c0d5-4fed-8e0b-913bced62d5e","tenant_id1":"e95df930-c903-4c58-aee9-bbc21b78bde7","user_id2":"b748e3b0-b813-48bb-8c7c-9f803ef711e7","tenant_id2":"eafd3b39-46c7-41e4-ba4e-6ea6685e39f7"}] 
INFO | 2024-11-6, 10:40 am > runQuery:  | ["SELECT `user_id` FROM `userstenancies` WHERE (xerouser_id = :user_id0 AND xerotenant_id = :tenant_id0) OR (xerouser_id = :user_id1 AND xerotenant_id = :tenant_id1) OR (xerouser_id = :user_id2 AND xerotenant_id = :tenant_id2) LIMIT 1",{"user_id0":"98299269-5603-4c21-8a02-9e5b5b2b373c","tenant_id0":"ae75d056-4af7-484d-b709-94439130faa4","user_id1":"5cf767b2-c0d5-4fed-8e0b-913bced62d5e","tenant_id1":"e95df930-c903-4c58-aee9-bbc21b78bde7","user_id2":"b748e3b0-b813-48bb-8c7c-9f803ef711e7","tenant_id2":"eafd3b39-46c7-41e4-ba4e-6ea6685e39f7"},{"user_id0":"98299269-5603-4c21-8a02-9e5b5b2b373c","tenant_id0":"ae75d056-4af7-484d-b709-94439130faa4","user_id1":"5cf767b2-c0d5-4fed-8e0b-913bced62d5e","tenant_id1":"e95df930-c903-4c58-aee9-bbc21b78bde7","user_id2":"b748e3b0-b813-48bb-8c7c-9f803ef711e7","tenant_id2":"eafd3b39-46c7-41e4-ba4e-6ea6685e39f7"}] 
INFO | 2024-11-6, 11:32 pm > runQuery:  | ["SELECT `user_id` FROM `userstenancies` WHERE (xerouser_id = :user_id0 AND xerotenant_id = :tenant_id0) OR (xerouser_id = :user_id1 AND xerotenant_id = :tenant_id1) OR (xerouser_id = :user_id2 AND xerotenant_id = :tenant_id2) LIMIT 1",{"user_id0":"98299269-5603-4c21-8a02-9e5b5b2b373c","tenant_id0":"ae75d056-4af7-484d-b709-94439130faa4","user_id1":"5cf767b2-c0d5-4fed-8e0b-913bced62d5e","tenant_id1":"e95df930-c903-4c58-aee9-bbc21b78bde7","user_id2":"b748e3b0-b813-48bb-8c7c-9f803ef711e7","tenant_id2":"eafd3b39-46c7-41e4-ba4e-6ea6685e39f7"},{"user_id0":"98299269-5603-4c21-8a02-9e5b5b2b373c","tenant_id0":"ae75d056-4af7-484d-b709-94439130faa4","user_id1":"5cf767b2-c0d5-4fed-8e0b-913bced62d5e","tenant_id1":"e95df930-c903-4c58-aee9-bbc21b78bde7","user_id2":"b748e3b0-b813-48bb-8c7c-9f803ef711e7","tenant_id2":"eafd3b39-46c7-41e4-ba4e-6ea6685e39f7"}] 
INFO | 2024-11-7, 1:31 am > cleanSearchVariables | {"sql":"SELECT `user_id` FROM `userstenancies` WHERE (xerouser_id = :user_id0 AND xerotenant_id = :tenant_id0) OR (xerouser_id = :user_id1 AND xerotenant_id = :tenant_id1) OR (xerouser_id = :user_id2 AND xerotenant_id = :tenant_id2) LIMIT 1","search_values":{"user_id0":"98299269-5603-4c21-8a02-9e5b5b2b373c","tenant_id0":"ae75d056-4af7-484d-b709-94439130faa4","user_id1":"5cf767b2-c0d5-4fed-8e0b-913bced62d5e","tenant_id1":"e95df930-c903-4c58-aee9-bbc21b78bde7","user_id2":"b748e3b0-b813-48bb-8c7c-9f803ef711e7","tenant_id2":"eafd3b39-46c7-41e4-ba4e-6ea6685e39f7"},"used_variables":["user_id0","tenant_id0","user_id1","tenant_id1","user_id2","tenant_id2"],"flipped":{"user_id0":0,"tenant_id0":1,"user_id1":2,"tenant_id1":3,"user_id2":4,"tenant_id2":5},"output":{"user_id0":"98299269-5603-4c21-8a02-9e5b5b2b373c","tenant_id0":"ae75d056-4af7-484d-b709-94439130faa4","user_id1":"5cf767b2-c0d5-4fed-8e0b-913bced62d5e","tenant_id1":"e95df930-c903-4c58-aee9-bbc21b78bde7","user_id2":"b748e3b0-b813-48bb-8c7c-9f803ef711e7","tenant_id2":"eafd3b39-46c7-41e4-ba4e-6ea6685e39f7"}} 
INFO | 2024-11-7, 1:31 am > runQuery:  | ["SELECT `user_id` FROM `userstenancies` WHERE (xerouser_id = :user_id0 AND xerotenant_id = :tenant_id0) OR (xerouser_id = :user_id1 AND xerotenant_id = :tenant_id1) OR (xerouser_id = :user_id2 AND xerotenant_id = :tenant_id2) LIMIT 1",{"user_id0":"98299269-5603-4c21-8a02-9e5b5b2b373c","tenant_id0":"ae75d056-4af7-484d-b709-94439130faa4","user_id1":"5cf767b2-c0d5-4fed-8e0b-913bced62d5e","tenant_id1":"e95df930-c903-4c58-aee9-bbc21b78bde7","user_id2":"b748e3b0-b813-48bb-8c7c-9f803ef711e7","tenant_id2":"eafd3b39-46c7-41e4-ba4e-6ea6685e39f7"},{"user_id0":"98299269-5603-4c21-8a02-9e5b5b2b373c","tenant_id0":"ae75d056-4af7-484d-b709-94439130faa4","user_id1":"5cf767b2-c0d5-4fed-8e0b-913bced62d5e","tenant_id1":"e95df930-c903-4c58-aee9-bbc21b78bde7","user_id2":"b748e3b0-b813-48bb-8c7c-9f803ef711e7","tenant_id2":"eafd3b39-46c7-41e4-ba4e-6ea6685e39f7"}] 
INFO | 2024-11-7, 2:44 am > cleanSearchVariables | {"sql":"SELECT `user_id` FROM `userstenancies` WHERE (xerouser_id = :user_id0 AND xerotenant_id = :tenant_id0) OR (xerouser_id = :user_id1 AND xerotenant_id = :tenant_id1) OR (xerouser_id = :user_id2 AND xerotenant_id = :tenant_id2) LIMIT 1","search_values":{"user_id0":"98299269-5603-4c21-8a02-9e5b5b2b373c","tenant_id0":"ae75d056-4af7-484d-b709-94439130faa4","user_id1":"5cf767b2-c0d5-4fed-8e0b-913bced62d5e","tenant_id1":"e95df930-c903-4c58-aee9-bbc21b78bde7","user_id2":"b748e3b0-b813-48bb-8c7c-9f803ef711e7","tenant_id2":"eafd3b39-46c7-41e4-ba4e-6ea6685e39f7"},"used_variables":["user_id0","tenant_id0","user_id1","tenant_id1","user_id2","tenant_id2"],"flipped":{"user_id0":0,"tenant_id0":1,"user_id1":2,"tenant_id1":3,"user_id2":4,"tenant_id2":5},"output":{"user_id0":"98299269-5603-4c21-8a02-9e5b5b2b373c","tenant_id0":"ae75d056-4af7-484d-b709-94439130faa4","user_id1":"5cf767b2-c0d5-4fed-8e0b-913bced62d5e","tenant_id1":"e95df930-c903-4c58-aee9-bbc21b78bde7","user_id2":"b748e3b0-b813-48bb-8c7c-9f803ef711e7","tenant_id2":"eafd3b39-46c7-41e4-ba4e-6ea6685e39f7"}} 
INFO | 2024-11-7, 2:44 am > runQuery:  | ["SELECT `user_id` FROM `userstenancies` WHERE (xerouser_id = :user_id0 AND xerotenant_id = :tenant_id0) OR (xerouser_id = :user_id1 AND xerotenant_id = :tenant_id1) OR (xerouser_id = :user_id2 AND xerotenant_id = :tenant_id2) LIMIT 1",{"user_id0":"98299269-5603-4c21-8a02-9e5b5b2b373c","tenant_id0":"ae75d056-4af7-484d-b709-94439130faa4","user_id1":"5cf767b2-c0d5-4fed-8e0b-913bced62d5e","tenant_id1":"e95df930-c903-4c58-aee9-bbc21b78bde7","user_id2":"b748e3b0-b813-48bb-8c7c-9f803ef711e7","tenant_id2":"eafd3b39-46c7-41e4-ba4e-6ea6685e39f7"},{"user_id0":"98299269-5603-4c21-8a02-9e5b5b2b373c","tenant_id0":"ae75d056-4af7-484d-b709-94439130faa4","user_id1":"5cf767b2-c0d5-4fed-8e0b-913bced62d5e","tenant_id1":"e95df930-c903-4c58-aee9-bbc21b78bde7","user_id2":"b748e3b0-b813-48bb-8c7c-9f803ef711e7","tenant_id2":"eafd3b39-46c7-41e4-ba4e-6ea6685e39f7"}] 
INFO | 2024-11-7, 3:35 am > cleanSearchVariables | {"sql":"SELECT `user_id` FROM `userstenancies` WHERE (xerouser_id = :user_id0 AND xerotenant_id = :tenant_id0) OR (xerouser_id = :user_id1 AND xerotenant_id = :tenant_id1) OR (xerouser_id = :user_id2 AND xerotenant_id = :tenant_id2) LIMIT 1","search_values":{"user_id0":"98299269-5603-4c21-8a02-9e5b5b2b373c","tenant_id0":"ae75d056-4af7-484d-b709-94439130faa4","user_id1":"5cf767b2-c0d5-4fed-8e0b-913bced62d5e","tenant_id1":"e95df930-c903-4c58-aee9-bbc21b78bde7","user_id2":"b748e3b0-b813-48bb-8c7c-9f803ef711e7","tenant_id2":"eafd3b39-46c7-41e4-ba4e-6ea6685e39f7"},"used_variables":["user_id0","tenant_id0","user_id1","tenant_id1","user_id2","tenant_id2"],"flipped":{"user_id0":0,"tenant_id0":1,"user_id1":2,"tenant_id1":3,"user_id2":4,"tenant_id2":5},"output":{"user_id0":"98299269-5603-4c21-8a02-9e5b5b2b373c","tenant_id0":"ae75d056-4af7-484d-b709-94439130faa4","user_id1":"5cf767b2-c0d5-4fed-8e0b-913bced62d5e","tenant_id1":"e95df930-c903-4c58-aee9-bbc21b78bde7","user_id2":"b748e3b0-b813-48bb-8c7c-9f803ef711e7","tenant_id2":"eafd3b39-46c7-41e4-ba4e-6ea6685e39f7"}} 
INFO | 2024-11-7, 3:35 am > runQuery:  | ["SELECT `user_id` FROM `userstenancies` WHERE (xerouser_id = :user_id0 AND xerotenant_id = :tenant_id0) OR (xerouser_id = :user_id1 AND xerotenant_id = :tenant_id1) OR (xerouser_id = :user_id2 AND xerotenant_id = :tenant_id2) LIMIT 1",{"user_id0":"98299269-5603-4c21-8a02-9e5b5b2b373c","tenant_id0":"ae75d056-4af7-484d-b709-94439130faa4","user_id1":"5cf767b2-c0d5-4fed-8e0b-913bced62d5e","tenant_id1":"e95df930-c903-4c58-aee9-bbc21b78bde7","user_id2":"b748e3b0-b813-48bb-8c7c-9f803ef711e7","tenant_id2":"eafd3b39-46c7-41e4-ba4e-6ea6685e39f7"},{"user_id0":"98299269-5603-4c21-8a02-9e5b5b2b373c","tenant_id0":"ae75d056-4af7-484d-b709-94439130faa4","user_id1":"5cf767b2-c0d5-4fed-8e0b-913bced62d5e","tenant_id1":"e95df930-c903-4c58-aee9-bbc21b78bde7","user_id2":"b748e3b0-b813-48bb-8c7c-9f803ef711e7","tenant_id2":"eafd3b39-46c7-41e4-ba4e-6ea6685e39f7"}] 
INFO | 2024-11-7, 7:08 am > runQuery:  | ["SELECT `user_id` FROM `userstenancies` WHERE (xerouser_id = :user_id0 AND xerotenant_id = :tenant_id0) OR (xerouser_id = :user_id1 AND xerotenant_id = :tenant_id1) OR (xerouser_id = :user_id2 AND xerotenant_id = :tenant_id2) LIMIT 1",{"user_id0":"98299269-5603-4c21-8a02-9e5b5b2b373c","tenant_id0":"ae75d056-4af7-484d-b709-94439130faa4","user_id1":"5cf767b2-c0d5-4fed-8e0b-913bced62d5e","tenant_id1":"e95df930-c903-4c58-aee9-bbc21b78bde7","user_id2":"b748e3b0-b813-48bb-8c7c-9f803ef711e7","tenant_id2":"eafd3b39-46c7-41e4-ba4e-6ea6685e39f7"},{"user_id0":"98299269-5603-4c21-8a02-9e5b5b2b373c","tenant_id0":"ae75d056-4af7-484d-b709-94439130faa4","user_id1":"5cf767b2-c0d5-4fed-8e0b-913bced62d5e","tenant_id1":"e95df930-c903-4c58-aee9-bbc21b78bde7","user_id2":"b748e3b0-b813-48bb-8c7c-9f803ef711e7","tenant_id2":"eafd3b39-46c7-41e4-ba4e-6ea6685e39f7"}] 
INFO | 2024-11-7, 8:23 am > runQuery:  | ["SELECT `user_id` FROM `userstenancies` WHERE (xerouser_id = :user_id0 AND xerotenant_id = :tenant_id0) OR (xerouser_id = :user_id1 AND xerotenant_id = :tenant_id1) OR (xerouser_id = :user_id2 AND xerotenant_id = :tenant_id2) LIMIT 1",{"user_id0":"98299269-5603-4c21-8a02-9e5b5b2b373c","tenant_id0":"ae75d056-4af7-484d-b709-94439130faa4","user_id1":"5cf767b2-c0d5-4fed-8e0b-913bced62d5e","tenant_id1":"e95df930-c903-4c58-aee9-bbc21b78bde7","user_id2":"b748e3b0-b813-48bb-8c7c-9f803ef711e7","tenant_id2":"eafd3b39-46c7-41e4-ba4e-6ea6685e39f7"},{"user_id0":"98299269-5603-4c21-8a02-9e5b5b2b373c","tenant_id0":"ae75d056-4af7-484d-b709-94439130faa4","user_id1":"5cf767b2-c0d5-4fed-8e0b-913bced62d5e","tenant_id1":"e95df930-c903-4c58-aee9-bbc21b78bde7","user_id2":"b748e3b0-b813-48bb-8c7c-9f803ef711e7","tenant_id2":"eafd3b39-46c7-41e4-ba4e-6ea6685e39f7"}] 
INFO | 2024-11-7, 9:26 am > runQuery:  | ["SELECT `user_id` FROM `userstenancies` WHERE (xerouser_id = :user_id0 AND xerotenant_id = :tenant_id0) OR (xerouser_id = :user_id1 AND xerotenant_id = :tenant_id1) OR (xerouser_id = :user_id2 AND xerotenant_id = :tenant_id2) LIMIT 1",{"user_id0":"98299269-5603-4c21-8a02-9e5b5b2b373c","tenant_id0":"ae75d056-4af7-484d-b709-94439130faa4","user_id1":"5cf767b2-c0d5-4fed-8e0b-913bced62d5e","tenant_id1":"e95df930-c903-4c58-aee9-bbc21b78bde7","user_id2":"b748e3b0-b813-48bb-8c7c-9f803ef711e7","tenant_id2":"eafd3b39-46c7-41e4-ba4e-6ea6685e39f7"},{"user_id0":"98299269-5603-4c21-8a02-9e5b5b2b373c","tenant_id0":"ae75d056-4af7-484d-b709-94439130faa4","user_id1":"5cf767b2-c0d5-4fed-8e0b-913bced62d5e","tenant_id1":"e95df930-c903-4c58-aee9-bbc21b78bde7","user_id2":"b748e3b0-b813-48bb-8c7c-9f803ef711e7","tenant_id2":"eafd3b39-46c7-41e4-ba4e-6ea6685e39f7"}] 
INFO | 2024-11-7, 8:44 pm > runQuery:  | ["SELECT `user_id` FROM `userstenancies` WHERE (xerouser_id = :user_id0 AND xerotenant_id = :tenant_id0) OR (xerouser_id = :user_id1 AND xerotenant_id = :tenant_id1) OR (xerouser_id = :user_id2 AND xerotenant_id = :tenant_id2) LIMIT 1",{"user_id0":"98299269-5603-4c21-8a02-9e5b5b2b373c","tenant_id0":"ae75d056-4af7-484d-b709-94439130faa4","user_id1":"5cf767b2-c0d5-4fed-8e0b-913bced62d5e","tenant_id1":"e95df930-c903-4c58-aee9-bbc21b78bde7","user_id2":"b748e3b0-b813-48bb-8c7c-9f803ef711e7","tenant_id2":"eafd3b39-46c7-41e4-ba4e-6ea6685e39f7"},{"user_id0":"98299269-5603-4c21-8a02-9e5b5b2b373c","tenant_id0":"ae75d056-4af7-484d-b709-94439130faa4","user_id1":"5cf767b2-c0d5-4fed-8e0b-913bced62d5e","tenant_id1":"e95df930-c903-4c58-aee9-bbc21b78bde7","user_id2":"b748e3b0-b813-48bb-8c7c-9f803ef711e7","tenant_id2":"eafd3b39-46c7-41e4-ba4e-6ea6685e39f7"}] 
