INFO | 2024-11-3, 1:02 am > runQuery:  | ["SELECT `row_type`, `xero_id`, `status`, `invoice_number`, `reference`, `amount`, `amount_due`, `date`, `xerotenant_id` FROM `vcombo` 
            WHERE `vcombo`.`xerotenant_id` IN ('ae75d056-4af7-484d-b709-94439130faa4','e95df930-c903-4c58-aee9-bbc21b78bde7','eafd3b39-46c7-41e4-ba4e-6ea6685e39f7') 
            ORDER BY vcombo.invoice_number ASC 
            LIMIT 0, 10",[]] 
INFO | 2024-11-3, 1:02 am > getStatement:  | ["SELECT `row_type`, `xero_id`, `status`, `invoice_number`, `reference`, `amount`, `amount_due`, `date`, `xerotenant_id` FROM `vcombo` 
            WHERE `vcombo`.`xerotenant_id` IN ('ae75d056-4af7-484d-b709-94439130faa4','e95df930-c903-4c58-aee9-bbc21b78bde7','eafd3b39-46c7-41e4-ba4e-6ea6685e39f7') 
            ORDER BY vcombo.invoice_number ASC 
            LIMIT 0, 10"] 
INFO | 2024-11-3, 1:02 am > runQuery:  | ["SELECT count(*) as `filtered` FROM `vcombo` 
                WHERE  `vcombo`.`xerotenant_id` IN ('ae75d056-4af7-484d-b709-94439130faa4','e95df930-c903-4c58-aee9-bbc21b78bde7','eafd3b39-46c7-41e4-ba4e-6ea6685e39f7') ",[]] 
INFO | 2024-11-3, 1:02 am > getStatement:  | ["SELECT count(*) as `filtered` FROM `vcombo` 
                WHERE  `vcombo`.`xerotenant_id` IN ('ae75d056-4af7-484d-b709-94439130faa4','e95df930-c903-4c58-aee9-bbc21b78bde7','eafd3b39-46c7-41e4-ba4e-6ea6685e39f7') "] 
INFO | 2024-11-3, 1:03 am > runQuery:  | ["SELECT `row_type`, `xero_id`, `status`, `invoice_number`, `reference`, `amount`, `amount_due`, `date`, `xerotenant_id` FROM `vcombo` 
            WHERE `vcombo`.`xerotenant_id` IN ('ae75d056-4af7-484d-b709-94439130faa4','e95df930-c903-4c58-aee9-bbc21b78bde7','eafd3b39-46c7-41e4-ba4e-6ea6685e39f7') 
            ORDER BY vcombo.invoice_number ASC 
            LIMIT 0, 10",[]] 
INFO | 2024-11-3, 1:03 am > getStatement:  | ["SELECT `row_type`, `xero_id`, `status`, `invoice_number`, `reference`, `amount`, `amount_due`, `date`, `xerotenant_id` FROM `vcombo` 
            WHERE `vcombo`.`xerotenant_id` IN ('ae75d056-4af7-484d-b709-94439130faa4','e95df930-c903-4c58-aee9-bbc21b78bde7','eafd3b39-46c7-41e4-ba4e-6ea6685e39f7') 
            ORDER BY vcombo.invoice_number ASC 
            LIMIT 0, 10"] 
INFO | 2024-11-3, 1:03 am > runQuery:  | ["SELECT count(*) as `filtered` FROM `vcombo` 
                WHERE  `vcombo`.`xerotenant_id` IN ('ae75d056-4af7-484d-b709-94439130faa4','e95df930-c903-4c58-aee9-bbc21b78bde7','eafd3b39-46c7-41e4-ba4e-6ea6685e39f7') ",[]] 
INFO | 2024-11-3, 1:03 am > getStatement:  | ["SELECT count(*) as `filtered` FROM `vcombo` 
                WHERE  `vcombo`.`xerotenant_id` IN ('ae75d056-4af7-484d-b709-94439130faa4','e95df930-c903-4c58-aee9-bbc21b78bde7','eafd3b39-46c7-41e4-ba4e-6ea6685e39f7') "] 
INFO | 2024-11-3, 3:20 am > runQuery:  | ["SELECT `row_type`, `xero_id`, `status`, `invoice_number`, `reference`, `amount`, `amount_due`, `date`, `xerotenant_id` FROM `vcombo` 
            WHERE `vcombo`.`xerotenant_id` IN ('ae75d056-4af7-484d-b709-94439130faa4','e95df930-c903-4c58-aee9-bbc21b78bde7','eafd3b39-46c7-41e4-ba4e-6ea6685e39f7') 
            ORDER BY vcombo.invoice_number ASC 
            LIMIT 0, 10",[]] 
INFO | 2024-11-3, 3:20 am > getStatement:  | ["SELECT `row_type`, `xero_id`, `status`, `invoice_number`, `reference`, `amount`, `amount_due`, `date`, `xerotenant_id` FROM `vcombo` 
            WHERE `vcombo`.`xerotenant_id` IN ('ae75d056-4af7-484d-b709-94439130faa4','e95df930-c903-4c58-aee9-bbc21b78bde7','eafd3b39-46c7-41e4-ba4e-6ea6685e39f7') 
            ORDER BY vcombo.invoice_number ASC 
            LIMIT 0, 10"] 
INFO | 2024-11-3, 3:20 am > runQuery:  | ["SELECT count(*) as `filtered` FROM `vcombo` 
                WHERE  `vcombo`.`xerotenant_id` IN ('ae75d056-4af7-484d-b709-94439130faa4','e95df930-c903-4c58-aee9-bbc21b78bde7','eafd3b39-46c7-41e4-ba4e-6ea6685e39f7') ",[]] 
INFO | 2024-11-3, 3:20 am > getStatement:  | ["SELECT count(*) as `filtered` FROM `vcombo` 
                WHERE  `vcombo`.`xerotenant_id` IN ('ae75d056-4af7-484d-b709-94439130faa4','e95df930-c903-4c58-aee9-bbc21b78bde7','eafd3b39-46c7-41e4-ba4e-6ea6685e39f7') "] 
INFO | 2024-11-3, 3:31 am > runQuery:  | ["SELECT `row_type`, `xero_id`, `status`, `invoice_number`, `reference`, `amount`, `amount_due`, `date`, `xerotenant_id` FROM `vcombo` 
            WHERE `vcombo`.`xerotenant_id` IN ('ae75d056-4af7-484d-b709-94439130faa4','e95df930-c903-4c58-aee9-bbc21b78bde7','eafd3b39-46c7-41e4-ba4e-6ea6685e39f7') 
            ORDER BY vcombo.invoice_number ASC 
            LIMIT 0, 10",[]] 
INFO | 2024-11-3, 3:31 am > getStatement:  | ["SELECT `row_type`, `xero_id`, `status`, `invoice_number`, `reference`, `amount`, `amount_due`, `date`, `xerotenant_id` FROM `vcombo` 
            WHERE `vcombo`.`xerotenant_id` IN ('ae75d056-4af7-484d-b709-94439130faa4','e95df930-c903-4c58-aee9-bbc21b78bde7','eafd3b39-46c7-41e4-ba4e-6ea6685e39f7') 
            ORDER BY vcombo.invoice_number ASC 
            LIMIT 0, 10"] 
INFO | 2024-11-3, 3:31 am > runQuery:  | ["SELECT count(*) as `filtered` FROM `vcombo` 
                WHERE  `vcombo`.`xerotenant_id` IN ('ae75d056-4af7-484d-b709-94439130faa4','e95df930-c903-4c58-aee9-bbc21b78bde7','eafd3b39-46c7-41e4-ba4e-6ea6685e39f7') ",[]] 
INFO | 2024-11-3, 3:31 am > getStatement:  | ["SELECT count(*) as `filtered` FROM `vcombo` 
                WHERE  `vcombo`.`xerotenant_id` IN ('ae75d056-4af7-484d-b709-94439130faa4','e95df930-c903-4c58-aee9-bbc21b78bde7','eafd3b39-46c7-41e4-ba4e-6ea6685e39f7') "] 
INFO | 2024-11-3, 3:35 am > runQuery:  | ["SELECT `row_type`, `invoice_id`, contract_id, `status`, `invoice_number`, `reference`, `amount`, `amount_due`, `date`, `xerotenant_id` FROM `vcombo` 
            WHERE `vcombo`.`xerotenant_id` IN ('ae75d056-4af7-484d-b709-94439130faa4','e95df930-c903-4c58-aee9-bbc21b78bde7','eafd3b39-46c7-41e4-ba4e-6ea6685e39f7') 
            ORDER BY vcombo.invoice_number ASC 
            LIMIT 0, 10",[]] 
INFO | 2024-11-3, 3:35 am > getStatement:  | ["SELECT `row_type`, `invoice_id`, contract_id, `status`, `invoice_number`, `reference`, `amount`, `amount_due`, `date`, `xerotenant_id` FROM `vcombo` 
            WHERE `vcombo`.`xerotenant_id` IN ('ae75d056-4af7-484d-b709-94439130faa4','e95df930-c903-4c58-aee9-bbc21b78bde7','eafd3b39-46c7-41e4-ba4e-6ea6685e39f7') 
            ORDER BY vcombo.invoice_number ASC 
            LIMIT 0, 10"] 
INFO | 2024-11-3, 3:35 am > runQuery:  | ["SELECT count(*) as `filtered` FROM `vcombo` 
                WHERE  `vcombo`.`xerotenant_id` IN ('ae75d056-4af7-484d-b709-94439130faa4','e95df930-c903-4c58-aee9-bbc21b78bde7','eafd3b39-46c7-41e4-ba4e-6ea6685e39f7') ",[]] 
INFO | 2024-11-3, 3:35 am > getStatement:  | ["SELECT count(*) as `filtered` FROM `vcombo` 
                WHERE  `vcombo`.`xerotenant_id` IN ('ae75d056-4af7-484d-b709-94439130faa4','e95df930-c903-4c58-aee9-bbc21b78bde7','eafd3b39-46c7-41e4-ba4e-6ea6685e39f7') "] 
INFO | 2024-11-3, 3:36 am > runQuery:  | ["SELECT `row_type`, `invoice_id`, contract_id, `status`, `invoice_number`, `reference`, `amount`, `amount_due`, `date`, `xerotenant_id` FROM `vcombo` 
            WHERE `vcombo`.`xerotenant_id` IN ('ae75d056-4af7-484d-b709-94439130faa4','e95df930-c903-4c58-aee9-bbc21b78bde7','eafd3b39-46c7-41e4-ba4e-6ea6685e39f7') 
            ORDER BY vcombo.invoice_number ASC 
            LIMIT 0, 10",[]] 
INFO | 2024-11-3, 3:36 am > getStatement:  | ["SELECT `row_type`, `invoice_id`, contract_id, `status`, `invoice_number`, `reference`, `amount`, `amount_due`, `date`, `xerotenant_id` FROM `vcombo` 
            WHERE `vcombo`.`xerotenant_id` IN ('ae75d056-4af7-484d-b709-94439130faa4','e95df930-c903-4c58-aee9-bbc21b78bde7','eafd3b39-46c7-41e4-ba4e-6ea6685e39f7') 
            ORDER BY vcombo.invoice_number ASC 
            LIMIT 0, 10"] 
INFO | 2024-11-3, 3:36 am > runQuery:  | ["SELECT count(*) as `filtered` FROM `vcombo` 
                WHERE  `vcombo`.`xerotenant_id` IN ('ae75d056-4af7-484d-b709-94439130faa4','e95df930-c903-4c58-aee9-bbc21b78bde7','eafd3b39-46c7-41e4-ba4e-6ea6685e39f7') ",[]] 
INFO | 2024-11-3, 3:36 am > getStatement:  | ["SELECT count(*) as `filtered` FROM `vcombo` 
                WHERE  `vcombo`.`xerotenant_id` IN ('ae75d056-4af7-484d-b709-94439130faa4','e95df930-c903-4c58-aee9-bbc21b78bde7','eafd3b39-46c7-41e4-ba4e-6ea6685e39f7') "] 
INFO | 2024-11-3, 3:36 am > runQuery:  | ["SELECT `row_type`, `invoice_id`, contract_id, `status`, `invoice_number`, `reference`, `amount`, `amount_due`, `date`, `xerotenant_id` FROM `vcombo` 
            WHERE `vcombo`.`xerotenant_id` IN ('ae75d056-4af7-484d-b709-94439130faa4','e95df930-c903-4c58-aee9-bbc21b78bde7','eafd3b39-46c7-41e4-ba4e-6ea6685e39f7') 
            ORDER BY vcombo.invoice_number ASC 
            LIMIT 0, 10",[]] 
INFO | 2024-11-3, 3:36 am > getStatement:  | ["SELECT `row_type`, `invoice_id`, contract_id, `status`, `invoice_number`, `reference`, `amount`, `amount_due`, `date`, `xerotenant_id` FROM `vcombo` 
            WHERE `vcombo`.`xerotenant_id` IN ('ae75d056-4af7-484d-b709-94439130faa4','e95df930-c903-4c58-aee9-bbc21b78bde7','eafd3b39-46c7-41e4-ba4e-6ea6685e39f7') 
            ORDER BY vcombo.invoice_number ASC 
            LIMIT 0, 10"] 
INFO | 2024-11-3, 3:36 am > runQuery:  | ["SELECT count(*) as `filtered` FROM `vcombo` 
                WHERE  `vcombo`.`xerotenant_id` IN ('ae75d056-4af7-484d-b709-94439130faa4','e95df930-c903-4c58-aee9-bbc21b78bde7','eafd3b39-46c7-41e4-ba4e-6ea6685e39f7') ",[]] 
INFO | 2024-11-3, 3:36 am > getStatement:  | ["SELECT count(*) as `filtered` FROM `vcombo` 
                WHERE  `vcombo`.`xerotenant_id` IN ('ae75d056-4af7-484d-b709-94439130faa4','e95df930-c903-4c58-aee9-bbc21b78bde7','eafd3b39-46c7-41e4-ba4e-6ea6685e39f7') "] 
INFO | 2024-11-3, 3:36 am > runQuery:  | ["SELECT `row_type`, `invoice_id`, contract_id, `status`, `invoice_number`, `reference`, `amount`, `amount_due`, `date`, `xerotenant_id` FROM `vcombo` 
            WHERE `vcombo`.`xerotenant_id` IN ('ae75d056-4af7-484d-b709-94439130faa4','e95df930-c903-4c58-aee9-bbc21b78bde7','eafd3b39-46c7-41e4-ba4e-6ea6685e39f7') 
            ORDER BY vcombo.invoice_number ASC 
            LIMIT 10, 10",[]] 
INFO | 2024-11-3, 3:36 am > getStatement:  | ["SELECT `row_type`, `invoice_id`, contract_id, `status`, `invoice_number`, `reference`, `amount`, `amount_due`, `date`, `xerotenant_id` FROM `vcombo` 
            WHERE `vcombo`.`xerotenant_id` IN ('ae75d056-4af7-484d-b709-94439130faa4','e95df930-c903-4c58-aee9-bbc21b78bde7','eafd3b39-46c7-41e4-ba4e-6ea6685e39f7') 
            ORDER BY vcombo.invoice_number ASC 
            LIMIT 10, 10"] 
INFO | 2024-11-3, 3:36 am > runQuery:  | ["SELECT count(*) as `filtered` FROM `vcombo` 
                WHERE  `vcombo`.`xerotenant_id` IN ('ae75d056-4af7-484d-b709-94439130faa4','e95df930-c903-4c58-aee9-bbc21b78bde7','eafd3b39-46c7-41e4-ba4e-6ea6685e39f7') ",[]] 
INFO | 2024-11-3, 3:36 am > getStatement:  | ["SELECT count(*) as `filtered` FROM `vcombo` 
                WHERE  `vcombo`.`xerotenant_id` IN ('ae75d056-4af7-484d-b709-94439130faa4','e95df930-c903-4c58-aee9-bbc21b78bde7','eafd3b39-46c7-41e4-ba4e-6ea6685e39f7') "] 
INFO | 2024-11-3, 3:36 am > runQuery:  | ["SELECT `row_type`, `invoice_id`, contract_id, `status`, `invoice_number`, `reference`, `amount`, `amount_due`, `date`, `xerotenant_id` FROM `vcombo` 
            WHERE `vcombo`.`xerotenant_id` IN ('ae75d056-4af7-484d-b709-94439130faa4','e95df930-c903-4c58-aee9-bbc21b78bde7','eafd3b39-46c7-41e4-ba4e-6ea6685e39f7') 
            ORDER BY vcombo.invoice_number ASC 
            LIMIT 0, 10",[]] 
INFO | 2024-11-3, 3:36 am > getStatement:  | ["SELECT `row_type`, `invoice_id`, contract_id, `status`, `invoice_number`, `reference`, `amount`, `amount_due`, `date`, `xerotenant_id` FROM `vcombo` 
            WHERE `vcombo`.`xerotenant_id` IN ('ae75d056-4af7-484d-b709-94439130faa4','e95df930-c903-4c58-aee9-bbc21b78bde7','eafd3b39-46c7-41e4-ba4e-6ea6685e39f7') 
            ORDER BY vcombo.invoice_number ASC 
            LIMIT 0, 10"] 
INFO | 2024-11-3, 3:36 am > runQuery:  | ["SELECT count(*) as `filtered` FROM `vcombo` 
                WHERE  `vcombo`.`xerotenant_id` IN ('ae75d056-4af7-484d-b709-94439130faa4','e95df930-c903-4c58-aee9-bbc21b78bde7','eafd3b39-46c7-41e4-ba4e-6ea6685e39f7') ",[]] 
INFO | 2024-11-3, 3:36 am > getStatement:  | ["SELECT count(*) as `filtered` FROM `vcombo` 
                WHERE  `vcombo`.`xerotenant_id` IN ('ae75d056-4af7-484d-b709-94439130faa4','e95df930-c903-4c58-aee9-bbc21b78bde7','eafd3b39-46c7-41e4-ba4e-6ea6685e39f7') "] 
INFO | 2024-11-3, 3:36 am > runQuery:  | ["SELECT `row_type`, `invoice_id`, contract_id, `status`, `invoice_number`, `reference`, `amount`, `amount_due`, `date`, `xerotenant_id` FROM `vcombo` 
            WHERE `vcombo`.`xerotenant_id` IN ('ae75d056-4af7-484d-b709-94439130faa4','e95df930-c903-4c58-aee9-bbc21b78bde7','eafd3b39-46c7-41e4-ba4e-6ea6685e39f7') 
            ORDER BY vcombo.date ASC 
            LIMIT 0, 10",[]] 
INFO | 2024-11-3, 3:36 am > getStatement:  | ["SELECT `row_type`, `invoice_id`, contract_id, `status`, `invoice_number`, `reference`, `amount`, `amount_due`, `date`, `xerotenant_id` FROM `vcombo` 
            WHERE `vcombo`.`xerotenant_id` IN ('ae75d056-4af7-484d-b709-94439130faa4','e95df930-c903-4c58-aee9-bbc21b78bde7','eafd3b39-46c7-41e4-ba4e-6ea6685e39f7') 
            ORDER BY vcombo.date ASC 
            LIMIT 0, 10"] 
INFO | 2024-11-3, 3:36 am > runQuery:  | ["SELECT count(*) as `filtered` FROM `vcombo` 
                WHERE  `vcombo`.`xerotenant_id` IN ('ae75d056-4af7-484d-b709-94439130faa4','e95df930-c903-4c58-aee9-bbc21b78bde7','eafd3b39-46c7-41e4-ba4e-6ea6685e39f7') ",[]] 
INFO | 2024-11-3, 3:36 am > getStatement:  | ["SELECT count(*) as `filtered` FROM `vcombo` 
                WHERE  `vcombo`.`xerotenant_id` IN ('ae75d056-4af7-484d-b709-94439130faa4','e95df930-c903-4c58-aee9-bbc21b78bde7','eafd3b39-46c7-41e4-ba4e-6ea6685e39f7') "] 
INFO | 2024-11-3, 3:36 am > runQuery:  | ["SELECT `row_type`, `invoice_id`, contract_id, `status`, `invoice_number`, `reference`, `amount`, `amount_due`, `date`, `xerotenant_id` FROM `vcombo` 
            WHERE `vcombo`.`xerotenant_id` IN ('ae75d056-4af7-484d-b709-94439130faa4','e95df930-c903-4c58-aee9-bbc21b78bde7','eafd3b39-46c7-41e4-ba4e-6ea6685e39f7') 
            ORDER BY vcombo.date DESC 
            LIMIT 0, 10",[]] 
INFO | 2024-11-3, 3:36 am > getStatement:  | ["SELECT `row_type`, `invoice_id`, contract_id, `status`, `invoice_number`, `reference`, `amount`, `amount_due`, `date`, `xerotenant_id` FROM `vcombo` 
            WHERE `vcombo`.`xerotenant_id` IN ('ae75d056-4af7-484d-b709-94439130faa4','e95df930-c903-4c58-aee9-bbc21b78bde7','eafd3b39-46c7-41e4-ba4e-6ea6685e39f7') 
            ORDER BY vcombo.date DESC 
            LIMIT 0, 10"] 
INFO | 2024-11-3, 3:37 am > runQuery:  | ["SELECT count(*) as `filtered` FROM `vcombo` 
                WHERE  `vcombo`.`xerotenant_id` IN ('ae75d056-4af7-484d-b709-94439130faa4','e95df930-c903-4c58-aee9-bbc21b78bde7','eafd3b39-46c7-41e4-ba4e-6ea6685e39f7') ",[]] 
INFO | 2024-11-3, 3:37 am > getStatement:  | ["SELECT count(*) as `filtered` FROM `vcombo` 
                WHERE  `vcombo`.`xerotenant_id` IN ('ae75d056-4af7-484d-b709-94439130faa4','e95df930-c903-4c58-aee9-bbc21b78bde7','eafd3b39-46c7-41e4-ba4e-6ea6685e39f7') "] 
INFO | 2024-11-3, 3:41 am > runQuery:  | ["SELECT `row_type`, `invoice_id`, contract_id, `status`, `invoice_number`, `reference`, `amount`, `amount_due`, `date`, `xerotenant_id` FROM `vcombo` 
            WHERE `vcombo`.`xerotenant_id` IN ('ae75d056-4af7-484d-b709-94439130faa4','e95df930-c903-4c58-aee9-bbc21b78bde7','eafd3b39-46c7-41e4-ba4e-6ea6685e39f7') 
            ORDER BY vcombo.date DESC 
            LIMIT 0, 10",[]] 
INFO | 2024-11-3, 3:41 am > getStatement:  | ["SELECT `row_type`, `invoice_id`, contract_id, `status`, `invoice_number`, `reference`, `amount`, `amount_due`, `date`, `xerotenant_id` FROM `vcombo` 
            WHERE `vcombo`.`xerotenant_id` IN ('ae75d056-4af7-484d-b709-94439130faa4','e95df930-c903-4c58-aee9-bbc21b78bde7','eafd3b39-46c7-41e4-ba4e-6ea6685e39f7') 
            ORDER BY vcombo.date DESC 
            LIMIT 0, 10"] 
INFO | 2024-11-3, 3:41 am > runQuery:  | ["SELECT count(*) as `filtered` FROM `vcombo` 
                WHERE  `vcombo`.`xerotenant_id` IN ('ae75d056-4af7-484d-b709-94439130faa4','e95df930-c903-4c58-aee9-bbc21b78bde7','eafd3b39-46c7-41e4-ba4e-6ea6685e39f7') ",[]] 
INFO | 2024-11-3, 3:41 am > getStatement:  | ["SELECT count(*) as `filtered` FROM `vcombo` 
                WHERE  `vcombo`.`xerotenant_id` IN ('ae75d056-4af7-484d-b709-94439130faa4','e95df930-c903-4c58-aee9-bbc21b78bde7','eafd3b39-46c7-41e4-ba4e-6ea6685e39f7') "] 
INFO | 2024-11-3, 9:08 am > runQuery:  | ["SELECT `row_type`, `invoice_id`, contract_id, `status`, `invoice_number`, `reference`, `amount`, `amount_due`, `date`, `xerotenant_id` FROM `vcombo` 
            WHERE `vcombo`.`xerotenant_id` IN ('ae75d056-4af7-484d-b709-94439130faa4','e95df930-c903-4c58-aee9-bbc21b78bde7','eafd3b39-46c7-41e4-ba4e-6ea6685e39f7') 
            ORDER BY vcombo.invoice_number ASC 
            LIMIT 0, 10",[]] 
INFO | 2024-11-3, 9:08 am > getStatement:  | ["SELECT `row_type`, `invoice_id`, contract_id, `status`, `invoice_number`, `reference`, `amount`, `amount_due`, `date`, `xerotenant_id` FROM `vcombo` 
            WHERE `vcombo`.`xerotenant_id` IN ('ae75d056-4af7-484d-b709-94439130faa4','e95df930-c903-4c58-aee9-bbc21b78bde7','eafd3b39-46c7-41e4-ba4e-6ea6685e39f7') 
            ORDER BY vcombo.invoice_number ASC 
            LIMIT 0, 10"] 
INFO | 2024-11-3, 9:08 am > runQuery:  | ["SELECT count(*) as `filtered` FROM `vcombo` 
                WHERE  `vcombo`.`xerotenant_id` IN ('ae75d056-4af7-484d-b709-94439130faa4','e95df930-c903-4c58-aee9-bbc21b78bde7','eafd3b39-46c7-41e4-ba4e-6ea6685e39f7') ",[]] 
INFO | 2024-11-3, 9:08 am > getStatement:  | ["SELECT count(*) as `filtered` FROM `vcombo` 
                WHERE  `vcombo`.`xerotenant_id` IN ('ae75d056-4af7-484d-b709-94439130faa4','e95df930-c903-4c58-aee9-bbc21b78bde7','eafd3b39-46c7-41e4-ba4e-6ea6685e39f7') "] 
INFO | 2024-11-3, 9:21 am > runQuery:  | ["SELECT `row_type`, `invoice_id`, contract_id, `status`, `invoice_number`, `reference`, `amount`, `amount_due`, `date`, `xerotenant_id` FROM `vcombo` 
            WHERE `vcombo`.`xerotenant_id` IN ('ae75d056-4af7-484d-b709-94439130faa4','e95df930-c903-4c58-aee9-bbc21b78bde7','eafd3b39-46c7-41e4-ba4e-6ea6685e39f7') 
            ORDER BY vcombo.invoice_number ASC 
            LIMIT 0, 10",[]] 
INFO | 2024-11-3, 9:21 am > getStatement:  | ["SELECT `row_type`, `invoice_id`, contract_id, `status`, `invoice_number`, `reference`, `amount`, `amount_due`, `date`, `xerotenant_id` FROM `vcombo` 
            WHERE `vcombo`.`xerotenant_id` IN ('ae75d056-4af7-484d-b709-94439130faa4','e95df930-c903-4c58-aee9-bbc21b78bde7','eafd3b39-46c7-41e4-ba4e-6ea6685e39f7') 
            ORDER BY vcombo.invoice_number ASC 
            LIMIT 0, 10"] 
INFO | 2024-11-3, 9:21 am > runQuery:  | ["SELECT count(*) as `filtered` FROM `vcombo` 
                WHERE  `vcombo`.`xerotenant_id` IN ('ae75d056-4af7-484d-b709-94439130faa4','e95df930-c903-4c58-aee9-bbc21b78bde7','eafd3b39-46c7-41e4-ba4e-6ea6685e39f7') ",[]] 
INFO | 2024-11-3, 9:21 am > getStatement:  | ["SELECT count(*) as `filtered` FROM `vcombo` 
                WHERE  `vcombo`.`xerotenant_id` IN ('ae75d056-4af7-484d-b709-94439130faa4','e95df930-c903-4c58-aee9-bbc21b78bde7','eafd3b39-46c7-41e4-ba4e-6ea6685e39f7') "] 
INFO | 2024-11-3, 9:28 am > runQuery:  | ["SELECT `row_type`, `invoice_id`, contract_id, `status`, `invoice_number`, `reference`, `amount`, `amount_due`, `date`, `xerotenant_id` FROM `vcombo` 
            WHERE `vcombo`.`xerotenant_id` IN ('ae75d056-4af7-484d-b709-94439130faa4','e95df930-c903-4c58-aee9-bbc21b78bde7','eafd3b39-46c7-41e4-ba4e-6ea6685e39f7') 
            ORDER BY vcombo.invoice_number ASC 
            LIMIT 0, 10",[]] 
INFO | 2024-11-3, 9:28 am > getStatement:  | ["SELECT `row_type`, `invoice_id`, contract_id, `status`, `invoice_number`, `reference`, `amount`, `amount_due`, `date`, `xerotenant_id` FROM `vcombo` 
            WHERE `vcombo`.`xerotenant_id` IN ('ae75d056-4af7-484d-b709-94439130faa4','e95df930-c903-4c58-aee9-bbc21b78bde7','eafd3b39-46c7-41e4-ba4e-6ea6685e39f7') 
            ORDER BY vcombo.invoice_number ASC 
            LIMIT 0, 10"] 
INFO | 2024-11-3, 9:28 am > runQuery:  | ["SELECT count(*) as `filtered` FROM `vcombo` 
                WHERE  `vcombo`.`xerotenant_id` IN ('ae75d056-4af7-484d-b709-94439130faa4','e95df930-c903-4c58-aee9-bbc21b78bde7','eafd3b39-46c7-41e4-ba4e-6ea6685e39f7') ",[]] 
INFO | 2024-11-3, 9:28 am > getStatement:  | ["SELECT count(*) as `filtered` FROM `vcombo` 
                WHERE  `vcombo`.`xerotenant_id` IN ('ae75d056-4af7-484d-b709-94439130faa4','e95df930-c903-4c58-aee9-bbc21b78bde7','eafd3b39-46c7-41e4-ba4e-6ea6685e39f7') "] 
INFO | 2024-11-3, 9:38 am > runQuery:  | ["SELECT `row_type`, `invoice_id`, contract_id, `status`, `invoice_number`, `reference`, `amount`, `amount_due`, `date`, `xerotenant_id` FROM `vcombo` 
            WHERE `vcombo`.`xerotenant_id` IN ('ae75d056-4af7-484d-b709-94439130faa4','e95df930-c903-4c58-aee9-bbc21b78bde7','eafd3b39-46c7-41e4-ba4e-6ea6685e39f7') 
            ORDER BY vcombo.invoice_number ASC 
            LIMIT 0, 10",[]] 
INFO | 2024-11-3, 9:38 am > getStatement:  | ["SELECT `row_type`, `invoice_id`, contract_id, `status`, `invoice_number`, `reference`, `amount`, `amount_due`, `date`, `xerotenant_id` FROM `vcombo` 
            WHERE `vcombo`.`xerotenant_id` IN ('ae75d056-4af7-484d-b709-94439130faa4','e95df930-c903-4c58-aee9-bbc21b78bde7','eafd3b39-46c7-41e4-ba4e-6ea6685e39f7') 
            ORDER BY vcombo.invoice_number ASC 
            LIMIT 0, 10"] 
INFO | 2024-11-3, 9:38 am > runQuery:  | ["SELECT count(*) as `filtered` FROM `vcombo` 
                WHERE  `vcombo`.`xerotenant_id` IN ('ae75d056-4af7-484d-b709-94439130faa4','e95df930-c903-4c58-aee9-bbc21b78bde7','eafd3b39-46c7-41e4-ba4e-6ea6685e39f7') ",[]] 
INFO | 2024-11-3, 9:38 am > getStatement:  | ["SELECT count(*) as `filtered` FROM `vcombo` 
                WHERE  `vcombo`.`xerotenant_id` IN ('ae75d056-4af7-484d-b709-94439130faa4','e95df930-c903-4c58-aee9-bbc21b78bde7','eafd3b39-46c7-41e4-ba4e-6ea6685e39f7') "] 
INFO | 2024-11-3, 9:40 am > runQuery:  | ["SELECT `row_type`, `invoice_id`, contract_id, `status`, `invoice_number`, `reference`, `amount`, `amount_due`, `date`, `xerotenant_id` FROM `vcombo` 
            WHERE `vcombo`.`xerotenant_id` IN ('ae75d056-4af7-484d-b709-94439130faa4','e95df930-c903-4c58-aee9-bbc21b78bde7','eafd3b39-46c7-41e4-ba4e-6ea6685e39f7') 
            ORDER BY vcombo.invoice_number ASC 
            LIMIT 0, 10",[]] 
INFO | 2024-11-3, 9:40 am > getStatement:  | ["SELECT `row_type`, `invoice_id`, contract_id, `status`, `invoice_number`, `reference`, `amount`, `amount_due`, `date`, `xerotenant_id` FROM `vcombo` 
            WHERE `vcombo`.`xerotenant_id` IN ('ae75d056-4af7-484d-b709-94439130faa4','e95df930-c903-4c58-aee9-bbc21b78bde7','eafd3b39-46c7-41e4-ba4e-6ea6685e39f7') 
            ORDER BY vcombo.invoice_number ASC 
            LIMIT 0, 10"] 
INFO | 2024-11-3, 9:40 am > runQuery:  | ["SELECT count(*) as `filtered` FROM `vcombo` 
                WHERE  `vcombo`.`xerotenant_id` IN ('ae75d056-4af7-484d-b709-94439130faa4','e95df930-c903-4c58-aee9-bbc21b78bde7','eafd3b39-46c7-41e4-ba4e-6ea6685e39f7') ",[]] 
INFO | 2024-11-3, 9:40 am > getStatement:  | ["SELECT count(*) as `filtered` FROM `vcombo` 
                WHERE  `vcombo`.`xerotenant_id` IN ('ae75d056-4af7-484d-b709-94439130faa4','e95df930-c903-4c58-aee9-bbc21b78bde7','eafd3b39-46c7-41e4-ba4e-6ea6685e39f7') "] 
INFO | 2024-11-3, 9:51 am > runQuery:  | ["SELECT `row_type`, `invoice_id`, contract_id, `status`, `invoice_number`, `reference`, `amount`, `amount_due`, `date`, `xerotenant_id` FROM `vcombo` 
            WHERE `vcombo`.`xerotenant_id` IN ('ae75d056-4af7-484d-b709-94439130faa4','e95df930-c903-4c58-aee9-bbc21b78bde7','eafd3b39-46c7-41e4-ba4e-6ea6685e39f7') 
            ORDER BY vcombo.invoice_number ASC 
            LIMIT 0, 10",[]] 
INFO | 2024-11-3, 9:51 am > getStatement:  | ["SELECT `row_type`, `invoice_id`, contract_id, `status`, `invoice_number`, `reference`, `amount`, `amount_due`, `date`, `xerotenant_id` FROM `vcombo` 
            WHERE `vcombo`.`xerotenant_id` IN ('ae75d056-4af7-484d-b709-94439130faa4','e95df930-c903-4c58-aee9-bbc21b78bde7','eafd3b39-46c7-41e4-ba4e-6ea6685e39f7') 
            ORDER BY vcombo.invoice_number ASC 
            LIMIT 0, 10"] 
INFO | 2024-11-3, 9:51 am > runQuery:  | ["SELECT count(*) as `filtered` FROM `vcombo` 
                WHERE  `vcombo`.`xerotenant_id` IN ('ae75d056-4af7-484d-b709-94439130faa4','e95df930-c903-4c58-aee9-bbc21b78bde7','eafd3b39-46c7-41e4-ba4e-6ea6685e39f7') ",[]] 
INFO | 2024-11-3, 9:51 am > getStatement:  | ["SELECT count(*) as `filtered` FROM `vcombo` 
                WHERE  `vcombo`.`xerotenant_id` IN ('ae75d056-4af7-484d-b709-94439130faa4','e95df930-c903-4c58-aee9-bbc21b78bde7','eafd3b39-46c7-41e4-ba4e-6ea6685e39f7') "] 
INFO | 2024-11-3, 9:53 am > runQuery:  | ["SELECT `row_type`, `invoice_id`, contract_id, `status`, `invoice_number`, `reference`, `amount`, `amount_due`, `date`, `xerotenant_id` FROM `vcombo` 
            WHERE `vcombo`.`xerotenant_id` IN ('ae75d056-4af7-484d-b709-94439130faa4','e95df930-c903-4c58-aee9-bbc21b78bde7','eafd3b39-46c7-41e4-ba4e-6ea6685e39f7') 
            ORDER BY vcombo.invoice_number ASC 
            LIMIT 0, 10",[]] 
INFO | 2024-11-3, 9:53 am > getStatement:  | ["SELECT `row_type`, `invoice_id`, contract_id, `status`, `invoice_number`, `reference`, `amount`, `amount_due`, `date`, `xerotenant_id` FROM `vcombo` 
            WHERE `vcombo`.`xerotenant_id` IN ('ae75d056-4af7-484d-b709-94439130faa4','e95df930-c903-4c58-aee9-bbc21b78bde7','eafd3b39-46c7-41e4-ba4e-6ea6685e39f7') 
            ORDER BY vcombo.invoice_number ASC 
            LIMIT 0, 10"] 
INFO | 2024-11-3, 9:53 am > runQuery:  | ["SELECT count(*) as `filtered` FROM `vcombo` 
                WHERE  `vcombo`.`xerotenant_id` IN ('ae75d056-4af7-484d-b709-94439130faa4','e95df930-c903-4c58-aee9-bbc21b78bde7','eafd3b39-46c7-41e4-ba4e-6ea6685e39f7') ",[]] 
INFO | 2024-11-3, 9:53 am > getStatement:  | ["SELECT count(*) as `filtered` FROM `vcombo` 
                WHERE  `vcombo`.`xerotenant_id` IN ('ae75d056-4af7-484d-b709-94439130faa4','e95df930-c903-4c58-aee9-bbc21b78bde7','eafd3b39-46c7-41e4-ba4e-6ea6685e39f7') "] 
INFO | 2024-11-3, 9:53 am > runQuery:  | ["SELECT `row_type`, `invoice_id`, contract_id, `status`, `invoice_number`, `reference`, `amount`, `amount_due`, `date`, `xerotenant_id` FROM `vcombo` 
            WHERE `vcombo`.`xerotenant_id` IN ('ae75d056-4af7-484d-b709-94439130faa4','e95df930-c903-4c58-aee9-bbc21b78bde7','eafd3b39-46c7-41e4-ba4e-6ea6685e39f7') 
            ORDER BY vcombo.invoice_number ASC 
            LIMIT 0, 10",[]] 
INFO | 2024-11-3, 9:53 am > getStatement:  | ["SELECT `row_type`, `invoice_id`, contract_id, `status`, `invoice_number`, `reference`, `amount`, `amount_due`, `date`, `xerotenant_id` FROM `vcombo` 
            WHERE `vcombo`.`xerotenant_id` IN ('ae75d056-4af7-484d-b709-94439130faa4','e95df930-c903-4c58-aee9-bbc21b78bde7','eafd3b39-46c7-41e4-ba4e-6ea6685e39f7') 
            ORDER BY vcombo.invoice_number ASC 
            LIMIT 0, 10"] 
INFO | 2024-11-3, 9:53 am > runQuery:  | ["SELECT count(*) as `filtered` FROM `vcombo` 
                WHERE  `vcombo`.`xerotenant_id` IN ('ae75d056-4af7-484d-b709-94439130faa4','e95df930-c903-4c58-aee9-bbc21b78bde7','eafd3b39-46c7-41e4-ba4e-6ea6685e39f7') ",[]] 
INFO | 2024-11-3, 9:53 am > getStatement:  | ["SELECT count(*) as `filtered` FROM `vcombo` 
                WHERE  `vcombo`.`xerotenant_id` IN ('ae75d056-4af7-484d-b709-94439130faa4','e95df930-c903-4c58-aee9-bbc21b78bde7','eafd3b39-46c7-41e4-ba4e-6ea6685e39f7') "] 
INFO | 2024-11-3, 10:10 am > runQuery:  | ["SELECT `row_type`, `invoice_id`, contract_id, `status`, `invoice_number`, `reference`, `amount`, `amount_due`, `date`, `xerotenant_id` FROM `vcombo` 
            WHERE `vcombo`.`xerotenant_id` IN ('ae75d056-4af7-484d-b709-94439130faa4','e95df930-c903-4c58-aee9-bbc21b78bde7','eafd3b39-46c7-41e4-ba4e-6ea6685e39f7') 
            ORDER BY vcombo.invoice_number ASC 
            LIMIT 0, 10",[]] 
INFO | 2024-11-3, 10:10 am > getStatement:  | ["SELECT `row_type`, `invoice_id`, contract_id, `status`, `invoice_number`, `reference`, `amount`, `amount_due`, `date`, `xerotenant_id` FROM `vcombo` 
            WHERE `vcombo`.`xerotenant_id` IN ('ae75d056-4af7-484d-b709-94439130faa4','e95df930-c903-4c58-aee9-bbc21b78bde7','eafd3b39-46c7-41e4-ba4e-6ea6685e39f7') 
            ORDER BY vcombo.invoice_number ASC 
            LIMIT 0, 10"] 
INFO | 2024-11-3, 10:10 am > runQuery:  | ["SELECT count(*) as `filtered` FROM `vcombo` 
                WHERE  `vcombo`.`xerotenant_id` IN ('ae75d056-4af7-484d-b709-94439130faa4','e95df930-c903-4c58-aee9-bbc21b78bde7','eafd3b39-46c7-41e4-ba4e-6ea6685e39f7') ",[]] 
INFO | 2024-11-3, 10:10 am > getStatement:  | ["SELECT count(*) as `filtered` FROM `vcombo` 
                WHERE  `vcombo`.`xerotenant_id` IN ('ae75d056-4af7-484d-b709-94439130faa4','e95df930-c903-4c58-aee9-bbc21b78bde7','eafd3b39-46c7-41e4-ba4e-6ea6685e39f7') "] 
INFO | 2024-11-3, 10:15 am > runQuery:  | ["SELECT `row_type`, `invoice_id`, contract_id, `status`, `invoice_number`, `reference`, `amount`, `amount_due`, `date`, `xerotenant_id` FROM `vcombo` 
            WHERE `vcombo`.`xerotenant_id` IN ('ae75d056-4af7-484d-b709-94439130faa4','e95df930-c903-4c58-aee9-bbc21b78bde7','eafd3b39-46c7-41e4-ba4e-6ea6685e39f7') 
            ORDER BY vcombo.invoice_number ASC 
            LIMIT 0, 10",[]] 
INFO | 2024-11-3, 10:15 am > getStatement:  | ["SELECT `row_type`, `invoice_id`, contract_id, `status`, `invoice_number`, `reference`, `amount`, `amount_due`, `date`, `xerotenant_id` FROM `vcombo` 
            WHERE `vcombo`.`xerotenant_id` IN ('ae75d056-4af7-484d-b709-94439130faa4','e95df930-c903-4c58-aee9-bbc21b78bde7','eafd3b39-46c7-41e4-ba4e-6ea6685e39f7') 
            ORDER BY vcombo.invoice_number ASC 
            LIMIT 0, 10"] 
INFO | 2024-11-3, 10:15 am > runQuery:  | ["SELECT count(*) as `filtered` FROM `vcombo` 
                WHERE  `vcombo`.`xerotenant_id` IN ('ae75d056-4af7-484d-b709-94439130faa4','e95df930-c903-4c58-aee9-bbc21b78bde7','eafd3b39-46c7-41e4-ba4e-6ea6685e39f7') ",[]] 
INFO | 2024-11-3, 10:15 am > getStatement:  | ["SELECT count(*) as `filtered` FROM `vcombo` 
                WHERE  `vcombo`.`xerotenant_id` IN ('ae75d056-4af7-484d-b709-94439130faa4','e95df930-c903-4c58-aee9-bbc21b78bde7','eafd3b39-46c7-41e4-ba4e-6ea6685e39f7') "] 
INFO | 2024-11-3, 10:21 am > runQuery:  | ["SELECT `row_type`, `invoice_id`, contract_id, `status`, `invoice_number`, `reference`, `amount`, `amount_due`, `date`, `xerotenant_id` FROM `vcombo` 
            WHERE `vcombo`.`xerotenant_id` IN ('ae75d056-4af7-484d-b709-94439130faa4','e95df930-c903-4c58-aee9-bbc21b78bde7','eafd3b39-46c7-41e4-ba4e-6ea6685e39f7') 
            ORDER BY vcombo.invoice_number ASC 
            LIMIT 0, 10",[]] 
INFO | 2024-11-3, 10:21 am > getStatement:  | ["SELECT `row_type`, `invoice_id`, contract_id, `status`, `invoice_number`, `reference`, `amount`, `amount_due`, `date`, `xerotenant_id` FROM `vcombo` 
            WHERE `vcombo`.`xerotenant_id` IN ('ae75d056-4af7-484d-b709-94439130faa4','e95df930-c903-4c58-aee9-bbc21b78bde7','eafd3b39-46c7-41e4-ba4e-6ea6685e39f7') 
            ORDER BY vcombo.invoice_number ASC 
            LIMIT 0, 10"] 
INFO | 2024-11-3, 10:21 am > runQuery:  | ["SELECT count(*) as `filtered` FROM `vcombo` 
                WHERE  `vcombo`.`xerotenant_id` IN ('ae75d056-4af7-484d-b709-94439130faa4','e95df930-c903-4c58-aee9-bbc21b78bde7','eafd3b39-46c7-41e4-ba4e-6ea6685e39f7') ",[]] 
INFO | 2024-11-3, 10:21 am > getStatement:  | ["SELECT count(*) as `filtered` FROM `vcombo` 
                WHERE  `vcombo`.`xerotenant_id` IN ('ae75d056-4af7-484d-b709-94439130faa4','e95df930-c903-4c58-aee9-bbc21b78bde7','eafd3b39-46c7-41e4-ba4e-6ea6685e39f7') "] 
INFO | 2024-11-3, 11:02 am > runQuery:  | ["SELECT `row_type`, `invoice_id`, contract_id, `status`, `invoice_number`, `reference`, `amount`, `amount_due`, `date`, `xerotenant_id` FROM `vcombo` 
            WHERE `vcombo`.`xerotenant_id` IN ('ae75d056-4af7-484d-b709-94439130faa4','e95df930-c903-4c58-aee9-bbc21b78bde7','eafd3b39-46c7-41e4-ba4e-6ea6685e39f7') 
            ORDER BY vcombo.invoice_number ASC 
            LIMIT 0, 10",[]] 
INFO | 2024-11-3, 11:02 am > getStatement:  | ["SELECT `row_type`, `invoice_id`, contract_id, `status`, `invoice_number`, `reference`, `amount`, `amount_due`, `date`, `xerotenant_id` FROM `vcombo` 
            WHERE `vcombo`.`xerotenant_id` IN ('ae75d056-4af7-484d-b709-94439130faa4','e95df930-c903-4c58-aee9-bbc21b78bde7','eafd3b39-46c7-41e4-ba4e-6ea6685e39f7') 
            ORDER BY vcombo.invoice_number ASC 
            LIMIT 0, 10"] 
INFO | 2024-11-3, 11:02 am > runQuery:  | ["SELECT count(*) as `filtered` FROM `vcombo` 
                WHERE  `vcombo`.`xerotenant_id` IN ('ae75d056-4af7-484d-b709-94439130faa4','e95df930-c903-4c58-aee9-bbc21b78bde7','eafd3b39-46c7-41e4-ba4e-6ea6685e39f7') ",[]] 
INFO | 2024-11-3, 11:02 am > getStatement:  | ["SELECT count(*) as `filtered` FROM `vcombo` 
                WHERE  `vcombo`.`xerotenant_id` IN ('ae75d056-4af7-484d-b709-94439130faa4','e95df930-c903-4c58-aee9-bbc21b78bde7','eafd3b39-46c7-41e4-ba4e-6ea6685e39f7') "] 
INFO | 2024-11-4, 12:12 am > runQuery:  | ["SELECT `row_type`, `invoice_id`, contract_id, `status`, `invoice_number`, `reference`, `amount`, `amount_due`, `date`, `xerotenant_id` FROM `vcombo` 
            WHERE `vcombo`.`xerotenant_id` IN ('ae75d056-4af7-484d-b709-94439130faa4','e95df930-c903-4c58-aee9-bbc21b78bde7','eafd3b39-46c7-41e4-ba4e-6ea6685e39f7') 
            ORDER BY vcombo.invoice_number ASC 
            LIMIT 0, 10",[]] 
INFO | 2024-11-4, 12:12 am > getStatement:  | ["SELECT `row_type`, `invoice_id`, contract_id, `status`, `invoice_number`, `reference`, `amount`, `amount_due`, `date`, `xerotenant_id` FROM `vcombo` 
            WHERE `vcombo`.`xerotenant_id` IN ('ae75d056-4af7-484d-b709-94439130faa4','e95df930-c903-4c58-aee9-bbc21b78bde7','eafd3b39-46c7-41e4-ba4e-6ea6685e39f7') 
            ORDER BY vcombo.invoice_number ASC 
            LIMIT 0, 10"] 
INFO | 2024-11-4, 12:12 am > runQuery:  | ["SELECT count(*) as `filtered` FROM `vcombo` 
                WHERE  `vcombo`.`xerotenant_id` IN ('ae75d056-4af7-484d-b709-94439130faa4','e95df930-c903-4c58-aee9-bbc21b78bde7','eafd3b39-46c7-41e4-ba4e-6ea6685e39f7') ",[]] 
INFO | 2024-11-4, 12:12 am > getStatement:  | ["SELECT count(*) as `filtered` FROM `vcombo` 
                WHERE  `vcombo`.`xerotenant_id` IN ('ae75d056-4af7-484d-b709-94439130faa4','e95df930-c903-4c58-aee9-bbc21b78bde7','eafd3b39-46c7-41e4-ba4e-6ea6685e39f7') "] 
INFO | 2024-11-4, 1:13 am > runQuery:  | ["SELECT `row_type`, `invoice_id`, contract_id, `status`, `invoice_number`, `reference`, `amount`, `amount_due`, `date`, `xerotenant_id` FROM `vcombo` 
            WHERE `vcombo`.`xerotenant_id` IN ('ae75d056-4af7-484d-b709-94439130faa4','e95df930-c903-4c58-aee9-bbc21b78bde7','eafd3b39-46c7-41e4-ba4e-6ea6685e39f7') 
            ORDER BY vcombo.invoice_number ASC 
            LIMIT 0, 10",[]] 
INFO | 2024-11-4, 1:13 am > getStatement:  | ["SELECT `row_type`, `invoice_id`, contract_id, `status`, `invoice_number`, `reference`, `amount`, `amount_due`, `date`, `xerotenant_id` FROM `vcombo` 
            WHERE `vcombo`.`xerotenant_id` IN ('ae75d056-4af7-484d-b709-94439130faa4','e95df930-c903-4c58-aee9-bbc21b78bde7','eafd3b39-46c7-41e4-ba4e-6ea6685e39f7') 
            ORDER BY vcombo.invoice_number ASC 
            LIMIT 0, 10"] 
INFO | 2024-11-4, 1:13 am > runQuery:  | ["SELECT count(*) as `filtered` FROM `vcombo` 
                WHERE  `vcombo`.`xerotenant_id` IN ('ae75d056-4af7-484d-b709-94439130faa4','e95df930-c903-4c58-aee9-bbc21b78bde7','eafd3b39-46c7-41e4-ba4e-6ea6685e39f7') ",[]] 
INFO | 2024-11-4, 1:13 am > getStatement:  | ["SELECT count(*) as `filtered` FROM `vcombo` 
                WHERE  `vcombo`.`xerotenant_id` IN ('ae75d056-4af7-484d-b709-94439130faa4','e95df930-c903-4c58-aee9-bbc21b78bde7','eafd3b39-46c7-41e4-ba4e-6ea6685e39f7') "] 
INFO | 2024-11-4, 1:49 am > runQuery:  | ["SELECT `row_type`, `invoice_id`, contract_id, `status`, `invoice_number`, `reference`, `amount`, `amount_due`, `date`, `xerotenant_id` FROM `vcombo` 
            WHERE `vcombo`.`xerotenant_id` IN ('ae75d056-4af7-484d-b709-94439130faa4','e95df930-c903-4c58-aee9-bbc21b78bde7','eafd3b39-46c7-41e4-ba4e-6ea6685e39f7') 
            ORDER BY vcombo.invoice_number ASC 
            LIMIT 0, 10",[]] 
INFO | 2024-11-4, 1:49 am > runQuery:  | ["SELECT count(*) as `filtered` FROM `vcombo` 
                WHERE  `vcombo`.`xerotenant_id` IN ('ae75d056-4af7-484d-b709-94439130faa4','e95df930-c903-4c58-aee9-bbc21b78bde7','eafd3b39-46c7-41e4-ba4e-6ea6685e39f7') ",[]] 
INFO | 2024-11-4, 2:20 am > runQuery:  | ["SELECT `row_type`, `invoice_id`, contract_id, `status`, `invoice_number`, `reference`, `amount`, `amount_due`, `date`, `xerotenant_id` FROM `vcombo` 
            WHERE `vcombo`.`xerotenant_id` IN ('ae75d056-4af7-484d-b709-94439130faa4','e95df930-c903-4c58-aee9-bbc21b78bde7','eafd3b39-46c7-41e4-ba4e-6ea6685e39f7') 
            ORDER BY vcombo.invoice_number ASC 
            LIMIT 0, 10",[]] 
INFO | 2024-11-4, 2:20 am > runQuery:  | ["SELECT count(*) as `filtered` FROM `vcombo` 
                WHERE  `vcombo`.`xerotenant_id` IN ('ae75d056-4af7-484d-b709-94439130faa4','e95df930-c903-4c58-aee9-bbc21b78bde7','eafd3b39-46c7-41e4-ba4e-6ea6685e39f7') ",[]] 
INFO | 2024-11-4, 2:24 am > runQuery:  | ["SELECT `row_type`, `invoice_id`, contract_id, `status`, `invoice_number`, `reference`, `amount`, `amount_due`, `date`, `xerotenant_id` FROM `vcombo` 
            WHERE `vcombo`.`xerotenant_id` IN ('ae75d056-4af7-484d-b709-94439130faa4','e95df930-c903-4c58-aee9-bbc21b78bde7','eafd3b39-46c7-41e4-ba4e-6ea6685e39f7')  AND `contract_id` = :contract_id
            ORDER BY vcombo.invoice_number ASC 
            LIMIT 0, 10",{"contract_id":"9642"}] 
INFO | 2024-11-4, 2:30 am > runQuery:  | ["SELECT `row_type`, `invoice_id`, contract_id, `status`, `invoice_number`, `reference`, `amount`, `amount_due`, `date`, `xerotenant_id` FROM `vcombo` 
            WHERE `vcombo`.`xerotenant_id` IN ('ae75d056-4af7-484d-b709-94439130faa4','e95df930-c903-4c58-aee9-bbc21b78bde7','eafd3b39-46c7-41e4-ba4e-6ea6685e39f7')  AND `contract_id` = :contract_id
            ORDER BY vcombo.invoice_number ASC 
            LIMIT 0, 10",{"contract_id":"9642"}] 
INFO | 2024-11-4, 2:30 am > runQuery:  | ["SELECT count(*) FROM `vcombo` 
                WHERE `vcombo`.`xerotenant_id` IN ('ae75d056-4af7-484d-b709-94439130faa4','e95df930-c903-4c58-aee9-bbc21b78bde7','eafd3b39-46c7-41e4-ba4e-6ea6685e39f7')  AND `contract_id` = :contract_id",[]] 
INFO | 2024-11-4, 2:30 am > runQuery:  | ["SELECT count(*) as `filtered` FROM `vcombo` 
                WHERE  `vcombo`.`xerotenant_id` IN ('ae75d056-4af7-484d-b709-94439130faa4','e95df930-c903-4c58-aee9-bbc21b78bde7','eafd3b39-46c7-41e4-ba4e-6ea6685e39f7')  AND `contract_id` = :contract_id",{"contract_id":"9642"}] 
INFO | 2024-11-4, 2:32 am > runQuery:  | ["SELECT `row_type`, `invoice_id`, contract_id, `status`, `invoice_number`, `reference`, `amount`, `amount_due`, `date`, `xerotenant_id` FROM `vcombo` 
            WHERE `vcombo`.`xerotenant_id` IN ('ae75d056-4af7-484d-b709-94439130faa4','e95df930-c903-4c58-aee9-bbc21b78bde7','eafd3b39-46c7-41e4-ba4e-6ea6685e39f7')  AND `contract_id` = :contract_id
            ORDER BY vcombo.invoice_number ASC 
            LIMIT 0, 10",{"contract_id":"9642"}] 
INFO | 2024-11-4, 2:32 am > runQuery:  | ["SELECT count(*) as total
                FROM `vcombo` 
                WHERE `vcombo`.`xerotenant_id` IN ('ae75d056-4af7-484d-b709-94439130faa4','e95df930-c903-4c58-aee9-bbc21b78bde7','eafd3b39-46c7-41e4-ba4e-6ea6685e39f7')  AND `contract_id` = :contract_id",[]] 
INFO | 2024-11-4, 2:36 am > runQuery:  | ["SELECT `row_type`, `invoice_id`, contract_id, `status`, `invoice_number`, `reference`, `amount`, `amount_due`, `date`, `xerotenant_id` FROM `vcombo` 
            WHERE `vcombo`.`xerotenant_id` IN ('ae75d056-4af7-484d-b709-94439130faa4','e95df930-c903-4c58-aee9-bbc21b78bde7','eafd3b39-46c7-41e4-ba4e-6ea6685e39f7')  AND `contract_id` = :contract_id
            ORDER BY vcombo.invoice_number ASC 
            LIMIT 0, 10",{"contract_id":"9642"}] 
INFO | 2024-11-4, 2:36 am > runQuery:  | ["SELECT count(*) as total
                FROM `vcombo` 
                WHERE `vcombo`.`xerotenant_id` IN ('ae75d056-4af7-484d-b709-94439130faa4','e95df930-c903-4c58-aee9-bbc21b78bde7','eafd3b39-46c7-41e4-ba4e-6ea6685e39f7')  AND `contract_id` = :contract_id",[]] 
INFO | 2024-11-4, 2:36 am > runQuery:  | ["SELECT count(*) as `filtered` FROM `vcombo` 
                WHERE  `vcombo`.`xerotenant_id` IN ('ae75d056-4af7-484d-b709-94439130faa4','e95df930-c903-4c58-aee9-bbc21b78bde7','eafd3b39-46c7-41e4-ba4e-6ea6685e39f7')  AND `contract_id` = :contract_id",{"contract_id":"9642"}] 
INFO | 2024-11-4, 2:38 am > runQuery:  | ["SELECT `row_type`, `invoice_id`, contract_id, `status`, `invoice_number`, `reference`, `amount`, `amount_due`, `date`, `xerotenant_id` FROM `vcombo` 
            WHERE `vcombo`.`xerotenant_id` IN ('ae75d056-4af7-484d-b709-94439130faa4','e95df930-c903-4c58-aee9-bbc21b78bde7','eafd3b39-46c7-41e4-ba4e-6ea6685e39f7')  AND `contract_id` = :contract_id
            ORDER BY vcombo.invoice_number ASC 
            LIMIT 0, 10",{"contract_id":"9642"}] 
INFO | 2024-11-4, 2:39 am > runQuery:  | ["SELECT `row_type`, `invoice_id`, contract_id, `status`, `invoice_number`, `reference`, `amount`, `amount_due`, `date`, `xerotenant_id` FROM `vcombo` 
            WHERE `vcombo`.`xerotenant_id` IN ('ae75d056-4af7-484d-b709-94439130faa4','e95df930-c903-4c58-aee9-bbc21b78bde7','eafd3b39-46c7-41e4-ba4e-6ea6685e39f7')  AND `contract_id` = :contract_id
            ORDER BY vcombo.invoice_number ASC 
            LIMIT 0, 10",{"contract_id":"9642"}] 
INFO | 2024-11-4, 2:39 am > SELECT count(*) as `total`
                FROM vcombo
                WHERE `vcombo`.`xerotenant_id` IN ('ae75d056-4af7-484d-b709-94439130faa4','e95df930-c903-4c58-aee9-bbc21b78bde7','eafd3b39-46c7-41e4-ba4e-6ea6685e39f7')  AND `contract_id` = :contract_id |  
INFO | 2024-11-4, 2:39 am > runQuery:  | ["SELECT count(*) as `total`
                FROM vcombo
                WHERE `vcombo`.`xerotenant_id` IN ('ae75d056-4af7-484d-b709-94439130faa4','e95df930-c903-4c58-aee9-bbc21b78bde7','eafd3b39-46c7-41e4-ba4e-6ea6685e39f7')  AND `contract_id` = :contract_id",[]] 
INFO | 2024-11-4, 2:39 am > runQuery:  | ["SELECT count(*) as `filtered` FROM `vcombo` 
                WHERE  `vcombo`.`xerotenant_id` IN ('ae75d056-4af7-484d-b709-94439130faa4','e95df930-c903-4c58-aee9-bbc21b78bde7','eafd3b39-46c7-41e4-ba4e-6ea6685e39f7')  AND `contract_id` = :contract_id",{"contract_id":"9642"}] 
INFO | 2024-11-4, 2:43 am > runQuery:  | ["SELECT `row_type`, `invoice_id`, contract_id, `status`, `invoice_number`, `reference`, `amount`, `amount_due`, `date`, `xerotenant_id` FROM `vcombo` 
            WHERE `vcombo`.`xerotenant_id` IN ('ae75d056-4af7-484d-b709-94439130faa4','e95df930-c903-4c58-aee9-bbc21b78bde7','eafd3b39-46c7-41e4-ba4e-6ea6685e39f7')  AND `contract_id` = :contract_id
            ORDER BY vcombo.invoice_number ASC 
            LIMIT 0, 10",{"contract_id":"9642"}] 
INFO | 2024-11-4, 2:43 am > SELECT count(*) as `total`
                FROM vcombo
                WHERE `vcombo`.`xerotenant_id` IN ('ae75d056-4af7-484d-b709-94439130faa4','e95df930-c903-4c58-aee9-bbc21b78bde7','eafd3b39-46c7-41e4-ba4e-6ea6685e39f7')  AND `contract_id` = :contract_id |  
INFO | 2024-11-4, 2:43 am > runQuery:  | ["SELECT count(*) as `total`
                FROM vcombo
                WHERE `vcombo`.`xerotenant_id` IN ('ae75d056-4af7-484d-b709-94439130faa4','e95df930-c903-4c58-aee9-bbc21b78bde7','eafd3b39-46c7-41e4-ba4e-6ea6685e39f7')  AND `contract_id` = :contract_id",[]] 
INFO | 2024-11-4, 2:43 am > runQuery:  | ["SELECT count(*) as `filtered` FROM `vcombo` 
                WHERE  `vcombo`.`xerotenant_id` IN ('ae75d056-4af7-484d-b709-94439130faa4','e95df930-c903-4c58-aee9-bbc21b78bde7','eafd3b39-46c7-41e4-ba4e-6ea6685e39f7')  AND `contract_id` = :contract_id",{"contract_id":"9642"}] 
INFO | 2024-11-4, 2:46 am > runQuery:  | ["SELECT `row_type`, `invoice_id`, contract_id, `status`, `invoice_number`, `reference`, `amount`, `amount_due`, `date`, `xerotenant_id` FROM `vcombo` 
            WHERE `vcombo`.`xerotenant_id` IN ('ae75d056-4af7-484d-b709-94439130faa4','e95df930-c903-4c58-aee9-bbc21b78bde7','eafd3b39-46c7-41e4-ba4e-6ea6685e39f7')  AND `contract_id` = :contract_id
            ORDER BY vcombo.invoice_number ASC 
            LIMIT 0, 10",{"contract_id":"9642"}] 
INFO | 2024-11-4, 2:46 am > SELECT count(*) as `total`
                FROM vcombo
                WHERE `vcombo`.`xerotenant_id` IN ('ae75d056-4af7-484d-b709-94439130faa4','e95df930-c903-4c58-aee9-bbc21b78bde7','eafd3b39-46c7-41e4-ba4e-6ea6685e39f7')  AND `contract_id` = :contract_id |  
INFO | 2024-11-4, 2:46 am > runQuery:  | ["SELECT count(*) as `total`
                FROM vcombo
                WHERE `vcombo`.`xerotenant_id` IN ('ae75d056-4af7-484d-b709-94439130faa4','e95df930-c903-4c58-aee9-bbc21b78bde7','eafd3b39-46c7-41e4-ba4e-6ea6685e39f7')  AND `contract_id` = :contract_id",{"contract_id":"9642"}] 
INFO | 2024-11-4, 2:46 am > runQuery:  | ["SELECT count(*) as `filtered` FROM `vcombo` 
                WHERE  `vcombo`.`xerotenant_id` IN ('ae75d056-4af7-484d-b709-94439130faa4','e95df930-c903-4c58-aee9-bbc21b78bde7','eafd3b39-46c7-41e4-ba4e-6ea6685e39f7')  AND `contract_id` = :contract_id",{"contract_id":"9642"}] 
INFO | 2024-11-4, 2:47 am > runQuery:  | ["SELECT `row_type`, `invoice_id`, contract_id, `status`, `invoice_number`, `reference`, `amount`, `amount_due`, `date`, `xerotenant_id` FROM `vcombo` 
            WHERE `vcombo`.`xerotenant_id` IN ('ae75d056-4af7-484d-b709-94439130faa4','e95df930-c903-4c58-aee9-bbc21b78bde7','eafd3b39-46c7-41e4-ba4e-6ea6685e39f7')  AND `contract_id` = :contract_id
            ORDER BY vcombo.invoice_number DESC 
            LIMIT 0, 10",{"contract_id":"9642"}] 
INFO | 2024-11-4, 2:47 am > SELECT count(*) as `total`
                FROM vcombo
                WHERE `vcombo`.`xerotenant_id` IN ('ae75d056-4af7-484d-b709-94439130faa4','e95df930-c903-4c58-aee9-bbc21b78bde7','eafd3b39-46c7-41e4-ba4e-6ea6685e39f7')  AND `contract_id` = :contract_id |  
INFO | 2024-11-4, 2:47 am > runQuery:  | ["SELECT count(*) as `total`
                FROM vcombo
                WHERE `vcombo`.`xerotenant_id` IN ('ae75d056-4af7-484d-b709-94439130faa4','e95df930-c903-4c58-aee9-bbc21b78bde7','eafd3b39-46c7-41e4-ba4e-6ea6685e39f7')  AND `contract_id` = :contract_id",{"contract_id":"9642"}] 
INFO | 2024-11-4, 2:47 am > runQuery:  | ["SELECT count(*) as `filtered` FROM `vcombo` 
                WHERE  `vcombo`.`xerotenant_id` IN ('ae75d056-4af7-484d-b709-94439130faa4','e95df930-c903-4c58-aee9-bbc21b78bde7','eafd3b39-46c7-41e4-ba4e-6ea6685e39f7')  AND `contract_id` = :contract_id",{"contract_id":"9642"}] 
INFO | 2024-11-4, 2:47 am > runQuery:  | ["SELECT `row_type`, `invoice_id`, contract_id, `status`, `invoice_number`, `reference`, `amount`, `amount_due`, `date`, `xerotenant_id` FROM `vcombo` 
            WHERE `vcombo`.`xerotenant_id` IN ('ae75d056-4af7-484d-b709-94439130faa4','e95df930-c903-4c58-aee9-bbc21b78bde7','eafd3b39-46c7-41e4-ba4e-6ea6685e39f7')  AND `contract_id` = :contract_id
            ORDER BY vcombo.date ASC 
            LIMIT 0, 10",{"contract_id":"9642"}] 
INFO | 2024-11-4, 2:47 am > SELECT count(*) as `total`
                FROM vcombo
                WHERE `vcombo`.`xerotenant_id` IN ('ae75d056-4af7-484d-b709-94439130faa4','e95df930-c903-4c58-aee9-bbc21b78bde7','eafd3b39-46c7-41e4-ba4e-6ea6685e39f7')  AND `contract_id` = :contract_id |  
INFO | 2024-11-4, 2:47 am > runQuery:  | ["SELECT count(*) as `total`
                FROM vcombo
                WHERE `vcombo`.`xerotenant_id` IN ('ae75d056-4af7-484d-b709-94439130faa4','e95df930-c903-4c58-aee9-bbc21b78bde7','eafd3b39-46c7-41e4-ba4e-6ea6685e39f7')  AND `contract_id` = :contract_id",{"contract_id":"9642"}] 
INFO | 2024-11-4, 2:47 am > runQuery:  | ["SELECT count(*) as `filtered` FROM `vcombo` 
                WHERE  `vcombo`.`xerotenant_id` IN ('ae75d056-4af7-484d-b709-94439130faa4','e95df930-c903-4c58-aee9-bbc21b78bde7','eafd3b39-46c7-41e4-ba4e-6ea6685e39f7')  AND `contract_id` = :contract_id",{"contract_id":"9642"}] 
INFO | 2024-11-4, 2:47 am > runQuery:  | ["SELECT `row_type`, `invoice_id`, contract_id, `status`, `invoice_number`, `reference`, `amount`, `amount_due`, `date`, `xerotenant_id` FROM `vcombo` 
            WHERE `vcombo`.`xerotenant_id` IN ('ae75d056-4af7-484d-b709-94439130faa4','e95df930-c903-4c58-aee9-bbc21b78bde7','eafd3b39-46c7-41e4-ba4e-6ea6685e39f7')  AND `contract_id` = :contract_id
            ORDER BY vcombo.date DESC 
            LIMIT 0, 10",{"contract_id":"9642"}] 
INFO | 2024-11-4, 2:47 am > SELECT count(*) as `total`
                FROM vcombo
                WHERE `vcombo`.`xerotenant_id` IN ('ae75d056-4af7-484d-b709-94439130faa4','e95df930-c903-4c58-aee9-bbc21b78bde7','eafd3b39-46c7-41e4-ba4e-6ea6685e39f7')  AND `contract_id` = :contract_id |  
INFO | 2024-11-4, 2:47 am > runQuery:  | ["SELECT count(*) as `total`
                FROM vcombo
                WHERE `vcombo`.`xerotenant_id` IN ('ae75d056-4af7-484d-b709-94439130faa4','e95df930-c903-4c58-aee9-bbc21b78bde7','eafd3b39-46c7-41e4-ba4e-6ea6685e39f7')  AND `contract_id` = :contract_id",{"contract_id":"9642"}] 
INFO | 2024-11-4, 2:47 am > runQuery:  | ["SELECT count(*) as `filtered` FROM `vcombo` 
                WHERE  `vcombo`.`xerotenant_id` IN ('ae75d056-4af7-484d-b709-94439130faa4','e95df930-c903-4c58-aee9-bbc21b78bde7','eafd3b39-46c7-41e4-ba4e-6ea6685e39f7')  AND `contract_id` = :contract_id",{"contract_id":"9642"}] 
INFO | 2024-11-4, 2:48 am > runQuery:  | ["SELECT `row_type`, `invoice_id`, contract_id, `status`, `invoice_number`, `reference`, `amount`, `amount_due`, `date`, `xerotenant_id` FROM `vcombo` 
            WHERE `vcombo`.`xerotenant_id` IN ('ae75d056-4af7-484d-b709-94439130faa4','e95df930-c903-4c58-aee9-bbc21b78bde7','eafd3b39-46c7-41e4-ba4e-6ea6685e39f7')  AND `contract_id` = :contract_id
            ORDER BY vcombo.date DESC 
            LIMIT 0, 10",{"contract_id":"9642"}] 
INFO | 2024-11-4, 2:48 am > SELECT count(*) as `total`
                FROM vcombo
                WHERE `vcombo`.`xerotenant_id` IN ('ae75d056-4af7-484d-b709-94439130faa4','e95df930-c903-4c58-aee9-bbc21b78bde7','eafd3b39-46c7-41e4-ba4e-6ea6685e39f7')  AND `contract_id` = :contract_id |  
INFO | 2024-11-4, 2:48 am > runQuery:  | ["SELECT count(*) as `total`
                FROM vcombo
                WHERE `vcombo`.`xerotenant_id` IN ('ae75d056-4af7-484d-b709-94439130faa4','e95df930-c903-4c58-aee9-bbc21b78bde7','eafd3b39-46c7-41e4-ba4e-6ea6685e39f7')  AND `contract_id` = :contract_id",{"contract_id":"9642"}] 
INFO | 2024-11-4, 2:48 am > runQuery:  | ["SELECT count(*) as `filtered` FROM `vcombo` 
                WHERE  `vcombo`.`xerotenant_id` IN ('ae75d056-4af7-484d-b709-94439130faa4','e95df930-c903-4c58-aee9-bbc21b78bde7','eafd3b39-46c7-41e4-ba4e-6ea6685e39f7')  AND `contract_id` = :contract_id",{"contract_id":"9642"}] 
INFO | 2024-11-4, 3:18 am > runQuery:  | ["SELECT `row_type`, `invoice_id`, contract_id, `status`, `invoice_number`, `reference`, `amount`, `amount_due`, `date`, `xerotenant_id` FROM `vcombo` 
            WHERE `vcombo`.`xerotenant_id` IN ('ae75d056-4af7-484d-b709-94439130faa4','e95df930-c903-4c58-aee9-bbc21b78bde7','eafd3b39-46c7-41e4-ba4e-6ea6685e39f7')  AND `contract_id` = :contract_id
            ORDER BY vcombo.date DESC 
            LIMIT 0, 10",{"contract_id":"9642"}] 
INFO | 2024-11-4, 3:18 am > SELECT count(*) as `total`
                FROM vcombo
                WHERE `vcombo`.`xerotenant_id` IN ('ae75d056-4af7-484d-b709-94439130faa4','e95df930-c903-4c58-aee9-bbc21b78bde7','eafd3b39-46c7-41e4-ba4e-6ea6685e39f7')  AND `contract_id` = :contract_id |  
INFO | 2024-11-4, 3:18 am > runQuery:  | ["SELECT count(*) as `total`
                FROM vcombo
                WHERE `vcombo`.`xerotenant_id` IN ('ae75d056-4af7-484d-b709-94439130faa4','e95df930-c903-4c58-aee9-bbc21b78bde7','eafd3b39-46c7-41e4-ba4e-6ea6685e39f7')  AND `contract_id` = :contract_id",{"contract_id":"9642"}] 
INFO | 2024-11-4, 3:19 am > runQuery:  | ["SELECT count(*) as `filtered` FROM `vcombo` 
                WHERE  `vcombo`.`xerotenant_id` IN ('ae75d056-4af7-484d-b709-94439130faa4','e95df930-c903-4c58-aee9-bbc21b78bde7','eafd3b39-46c7-41e4-ba4e-6ea6685e39f7')  AND `contract_id` = :contract_id",{"contract_id":"9642"}] 
INFO | 2024-11-4, 3:19 am > runQuery:  | ["SELECT `row_type`, `invoice_id`, contract_id, `status`, `invoice_number`, `reference`, `amount`, `amount_due`, `date`, `xerotenant_id` FROM `vcombo` 
            WHERE `vcombo`.`xerotenant_id` IN ('ae75d056-4af7-484d-b709-94439130faa4','e95df930-c903-4c58-aee9-bbc21b78bde7','eafd3b39-46c7-41e4-ba4e-6ea6685e39f7')  AND `contract_id` = :contract_id
            ORDER BY vcombo.date DESC 
            LIMIT 0, 10",{"contract_id":"9642"}] 
INFO | 2024-11-4, 3:19 am > SELECT count(*) as `total`
                FROM vcombo
                WHERE `vcombo`.`xerotenant_id` IN ('ae75d056-4af7-484d-b709-94439130faa4','e95df930-c903-4c58-aee9-bbc21b78bde7','eafd3b39-46c7-41e4-ba4e-6ea6685e39f7')  AND `contract_id` = :contract_id |  
INFO | 2024-11-4, 3:19 am > runQuery:  | ["SELECT count(*) as `total`
                FROM vcombo
                WHERE `vcombo`.`xerotenant_id` IN ('ae75d056-4af7-484d-b709-94439130faa4','e95df930-c903-4c58-aee9-bbc21b78bde7','eafd3b39-46c7-41e4-ba4e-6ea6685e39f7')  AND `contract_id` = :contract_id",{"contract_id":"9642"}] 
INFO | 2024-11-4, 3:19 am > runQuery:  | ["SELECT count(*) as `filtered` FROM `vcombo` 
                WHERE  `vcombo`.`xerotenant_id` IN ('ae75d056-4af7-484d-b709-94439130faa4','e95df930-c903-4c58-aee9-bbc21b78bde7','eafd3b39-46c7-41e4-ba4e-6ea6685e39f7')  AND `contract_id` = :contract_id",{"contract_id":"9642"}] 
INFO | 2024-11-4, 3:20 am > runQuery:  | ["SELECT `row_type`, `invoice_id`, contract_id, `status`, `invoice_number`, `reference`, `amount`, `amount_due`, `date`, `xerotenant_id` FROM `vcombo` 
            WHERE `vcombo`.`xerotenant_id` IN ('ae75d056-4af7-484d-b709-94439130faa4','e95df930-c903-4c58-aee9-bbc21b78bde7','eafd3b39-46c7-41e4-ba4e-6ea6685e39f7')  AND `contract_id` = :contract_id
            ORDER BY vcombo.date DESC 
            LIMIT 0, 10",{"contract_id":"9642"}] 
INFO | 2024-11-4, 3:20 am > SELECT count(*) as `total`
                FROM vcombo
                WHERE `vcombo`.`xerotenant_id` IN ('ae75d056-4af7-484d-b709-94439130faa4','e95df930-c903-4c58-aee9-bbc21b78bde7','eafd3b39-46c7-41e4-ba4e-6ea6685e39f7')  AND `contract_id` = :contract_id |  
INFO | 2024-11-4, 3:20 am > runQuery:  | ["SELECT count(*) as `total`
                FROM vcombo
                WHERE `vcombo`.`xerotenant_id` IN ('ae75d056-4af7-484d-b709-94439130faa4','e95df930-c903-4c58-aee9-bbc21b78bde7','eafd3b39-46c7-41e4-ba4e-6ea6685e39f7')  AND `contract_id` = :contract_id",{"contract_id":"9642"}] 
INFO | 2024-11-4, 3:20 am > runQuery:  | ["SELECT count(*) as `filtered` FROM `vcombo` 
                WHERE  `vcombo`.`xerotenant_id` IN ('ae75d056-4af7-484d-b709-94439130faa4','e95df930-c903-4c58-aee9-bbc21b78bde7','eafd3b39-46c7-41e4-ba4e-6ea6685e39f7')  AND `contract_id` = :contract_id",{"contract_id":"9642"}] 
INFO | 2024-11-4, 3:20 am > runQuery:  | ["SELECT `row_type`, `invoice_id`, contract_id, `status`, `invoice_number`, `reference`, `amount`, `amount_due`, `date`, `xerotenant_id` FROM `vcombo` 
            WHERE `vcombo`.`xerotenant_id` IN ('ae75d056-4af7-484d-b709-94439130faa4','e95df930-c903-4c58-aee9-bbc21b78bde7','eafd3b39-46c7-41e4-ba4e-6ea6685e39f7') 
            ORDER BY vcombo.date DESC 
            LIMIT 0, 10",[]] 
INFO | 2024-11-4, 3:20 am > SELECT count(*) as `total`
                FROM vcombo
                WHERE `vcombo`.`xerotenant_id` IN ('ae75d056-4af7-484d-b709-94439130faa4','e95df930-c903-4c58-aee9-bbc21b78bde7','eafd3b39-46c7-41e4-ba4e-6ea6685e39f7')  |  
INFO | 2024-11-4, 3:20 am > runQuery:  | ["SELECT count(*) as `total`
                FROM vcombo
                WHERE `vcombo`.`xerotenant_id` IN ('ae75d056-4af7-484d-b709-94439130faa4','e95df930-c903-4c58-aee9-bbc21b78bde7','eafd3b39-46c7-41e4-ba4e-6ea6685e39f7') ",[]] 
INFO | 2024-11-4, 3:20 am > runQuery:  | ["SELECT count(*) as `filtered` FROM `vcombo` 
                WHERE  `vcombo`.`xerotenant_id` IN ('ae75d056-4af7-484d-b709-94439130faa4','e95df930-c903-4c58-aee9-bbc21b78bde7','eafd3b39-46c7-41e4-ba4e-6ea6685e39f7') ",[]] 
